Log file open, 03/20/17 01:19:46
LogInit:Display: Running engine for game: Prototype
LogPlatformFile: Not using cached read wrapper
LogInit:Display: RandInit(-1600519644) SRandInit(-1600519644).
LogTaskGraph: Started task graph with 5 named threads and 8 total threads with 1 sets of task threads.
LogStats: Stats thread started at 0.351690
LogInit: Using libcurl 7.47.1
LogInit:  - built for x86_64-pc-win32
LogInit:  - supports SSL with OpenSSL/1.0.2g
LogInit:  - supports HTTP deflate (compression) using libz 1.2.8
LogInit:  - other features:
LogInit:      CURL_VERSION_SSL
LogInit:      CURL_VERSION_LIBZ
LogInit:      CURL_VERSION_IPV6
LogInit:      CURL_VERSION_ASYNCHDNS
LogInit:      CURL_VERSION_LARGEFILE
LogInit:      CURL_VERSION_IDN
LogInit:  CurlRequestOptions (configurable via config and command line):
LogInit:  - bVerifyPeer = false  - Libcurl will NOT verify peer certificate
LogInit:  - bUseHttpProxy = false  - Libcurl will NOT use HTTP proxy
LogInit:  - bDontReuseConnections = false  - Libcurl will reuse connections
LogInit:  - CertBundlePath = nullptr  - Libcurl will use whatever was configured at build time.
LogInit: Build: ++UE4+Release-4.15-CL-3299760
LogInit: Engine Version: 4.15.0-3299760+++UE4+Release-4.15
LogInit: Compatible Engine Version: 4.15.0-3299760+++UE4+Release-4.15
LogInit: Net CL: 3299760
LogDevObjectVersion: Number of dev versions registered: 14
LogDevObjectVersion:   Dev-Blueprints (B0D832E4-1F89-4F0D-ACCF-7EB736FD4AA2): 8
LogDevObjectVersion:   Dev-Build (E1C64328-A22C-4D53-A36C-8E866417BD8C): 0
LogDevObjectVersion:   Dev-Core (375EC13C-06E4-48FB-B500-84F0262A717E): 2
LogDevObjectVersion:   Dev-Editor (E4B068ED-F494-42E9-A231-DA0B2E46BB41): 14
LogDevObjectVersion:   Dev-Framework (CFFC743F-43B0-4480-9391-14DF171D2073): 22
LogDevObjectVersion:   Dev-Mobile (B02B49B5-BB20-44E9-A304-32B752E40360): 0
LogDevObjectVersion:   Dev-Networking (A4E4105C-59A1-49B5-A7C5-40C4547EDFEE): 0
LogDevObjectVersion:   Dev-Online (39C831C9-5AE6-47DC-9A44-9C173E1C8E7C): 0
LogDevObjectVersion:   Dev-Physics (78F01B33-EBEA-4F98-B9B4-84EACCB95AA2): 0
LogDevObjectVersion:   Dev-Platform (6631380F-2D4D-43E0-8009-CF276956A95A): 0
LogDevObjectVersion:   Dev-Rendering (12F88B9F-8875-4AFC-A67C-D90C383ABD29): 12
LogDevObjectVersion:   Dev-Sequencer (7B5AE74C-D270-4C10-A958-57980B212A5A): 3
LogDevObjectVersion:   Dev-VR (D7296918-1DD6-4BDD-9DE2-64A83CC13884): 0
LogDevObjectVersion:   Dev-LoadTimes (C2A15278-BFE7-4AFE-6C17-90FF531DF755): 1
LogInit: Compiled (64-bit): Feb 14 2017 02:04:14
LogInit: Compiled with Visual C++: 19.00.23026.00
LogInit: Build Configuration: Development
LogInit: Branch Name: ++UE4+Release-4.15
LogInit: Command line:  
LogInit: Base directory: C:/Program Files/Epic Games/UE_4.15/Engine/Binaries/Win64/
LogInit: Installed Engine Build: 1
LogInit: Presizing for max 8388607 objects, including 0 objects not considered by GC, pre-allocating 0 bytes for permanent pool.
LogInit: Object subsystem initialized
[2017.03.20-05.19.47:807][  0]LogInit: Selected Device Profile: [Windows]
[2017.03.20-05.19.47:807][  0]LogInit: Applying CVar settings loaded from the selected device profile: [Windows]
[2017.03.20-05.19.47:815][  0]LogInit: Computer: DESKTOP-SOI33AH
[2017.03.20-05.19.47:815][  0]LogInit: User: xiaobei
[2017.03.20-05.19.47:815][  0]LogInit: CPU Page size=65536, Cores=4
[2017.03.20-05.19.47:815][  0]LogInit: High frequency timer resolution =3.914061 MHz
[2017.03.20-05.19.47:815][  0]LogMemory: Memory total: Physical=31.9GB (32GB approx)
[2017.03.20-05.19.47:815][  0]LogMemory: Platform Memory Stats for Windows
[2017.03.20-05.19.47:815][  0]LogMemory: Process Physical Memory: 265.73 MB used, 265.73 MB peak
[2017.03.20-05.19.47:815][  0]LogMemory: Process Virtual Memory: 262.68 MB used, 262.68 MB peak
[2017.03.20-05.19.47:815][  0]LogMemory: Physical Memory: 12381.30 MB used,  20301.86 MB free, 32683.16 MB total
[2017.03.20-05.19.47:815][  0]LogMemory: Virtual Memory: 644.31 MB used,  20301.86 MB free, 134217728.00 MB total
[2017.03.20-05.19.47:986][  0]LogTextLocalizationManager:Warning: Loaded localization resources contain conflicting entries for (Namespace:UObjectToolTips, Key:AnimNode_AssetPlayerBase:InternalTimeAccumulator):
Localization Resource: (C:/Program Files/Epic Games/UE_4.15/Engine/Content/Localization/EditorTutorials/zh-CN/EditorTutorials.locres) Source String Hash: (502993589) Localized String: (用于引用此节点中的资源的累积时间)
Localization Resource: (C:/Program Files/Epic Games/UE_4.15/Engine/Content/Localization/Engine/zh-CN/Engine.locres) Source String Hash: (502993589) Localized String: (引用该节点中资源所用的累计时间)
[2017.03.20-05.19.47:986][  0]LogTextLocalizationManager:Warning: Loaded localization resources contain conflicting entries for (Namespace:UObjectToolTips, Key:AnimNode_AssetPlayerBase:bIgnoreForRelevancyTest):
Localization Resource: (C:/Program Files/Epic Games/UE_4.15/Engine/Content/Localization/EditorTutorials/zh-CN/EditorTutorials.locres) Source String Hash: (319969718) Localized String: (若为真，在状态中寻找最高权重动画的“相关动画”节点将忽视 此节点)
Localization Resource: (C:/Program Files/Epic Games/UE_4.15/Engine/Content/Localization/Engine/zh-CN/Engine.locres) Source String Hash: (319969718) Localized String: (如果为真，那么将会忽略查找最高权重动画的"相关动画"节点。
这个节点)
[2017.03.20-05.19.47:986][  0]LogTextLocalizationManager:Warning: Loaded localization resources contain conflicting entries for (Namespace:UObjectToolTips, Key:AnimNode_AssetPlayerBase:BlendWeight):
Localization Resource: (C:/Program Files/Epic Games/UE_4.15/Engine/Content/Localization/EditorTutorials/zh-CN/EditorTutorials.locres) Source String Hash: (-1232800293) Localized String: (此节点最后交会的混合权重)
Localization Resource: (C:/Program Files/Epic Games/UE_4.15/Engine/Content/Localization/Engine/zh-CN/Engine.locres) Source String Hash: (-1232800293) Localized String: (该节点上一次遇到的混合权重)
[2017.03.20-05.19.48:307][  0]LogD3D11RHI: D3D11 adapters:
[2017.03.20-05.19.48:335][  0]LogD3D11RHI:    0. 'NVIDIA GeForce GTX 1070' (Feature Level 11_0)
[2017.03.20-05.19.48:335][  0]LogD3D11RHI:       8145/0/16341 MB DedicatedVideo/DedicatedSystem/SharedSystem, Outputs:1, VendorId:0x10de
[2017.03.20-05.19.48:336][  0]LogD3D11RHI:    1. 'Microsoft Basic Render Driver' (Feature Level 11_0)
[2017.03.20-05.19.48:336][  0]LogD3D11RHI:       0/0/16341 MB DedicatedVideo/DedicatedSystem/SharedSystem, Outputs:0, VendorId:0x1414
[2017.03.20-05.19.48:336][  0]LogD3D11RHI: Chosen D3D11 Adapter: 0
[2017.03.20-05.19.48:356][  0]LogD3D11RHI: Creating new Direct3DDevice
[2017.03.20-05.19.48:356][  0]LogD3D11RHI:     GPU DeviceId: 0x1b81 (for the marketing name, search the web for "GPU Device Id")
[2017.03.20-05.19.48:356][  0]LogWindows: EnumDisplayDevices:
[2017.03.20-05.19.48:356][  0]LogWindows:    0. 'NVIDIA GeForce GTX 1070' (P:1 D:1)
[2017.03.20-05.19.48:356][  0]LogWindows:    1. 'NVIDIA GeForce GTX 1070' (P:0 D:0)
[2017.03.20-05.19.48:356][  0]LogWindows:    2. 'NVIDIA GeForce GTX 1070' (P:0 D:0)
[2017.03.20-05.19.48:357][  0]LogWindows:    3. 'NVIDIA GeForce GTX 1070' (P:0 D:0)
[2017.03.20-05.19.48:357][  0]LogWindows: DebugString: FoundDriverCount:4 
[2017.03.20-05.19.48:357][  0]LogD3D11RHI:     Adapter Name: NVIDIA GeForce GTX 1070
[2017.03.20-05.19.48:357][  0]LogD3D11RHI:   Driver Version: 376.53 (internal:21.21.13.7653, unified:376.53)
[2017.03.20-05.19.48:357][  0]LogD3D11RHI:      Driver Date: 12-29-2016
[2017.03.20-05.19.48:357][  0]LogRHI: Texture pool is 1361 MB (70% of 1945 MB)
[2017.03.20-05.19.48:371][  0]LogD3D11RHI: Async texture creation enabled
[2017.03.20-05.19.48:397][  0]LogD3D11RHI: GPU Timing Frequency: 1000.000000 (Debug: 2 2)
[2017.03.20-05.19.48:449][  0]LogShaderCompilers: Guid format shader working directory is -3 characters bigger than the processId version (../../../../../../Users/xiaobei/Downloads/Prototype/Intermediate/Shaders/WorkingDirectory/9132/).
[2017.03.20-05.19.48:449][  0]LogShaderCompilers: Cleaned the shader compiler working directory 'C:/Users/xiaobei/AppData/Local/Temp/UnrealShaderWorkingDir/BACA40A341A92F12CFA332BCADB442A6/'.
[2017.03.20-05.19.48:449][  0]LogShaderCompilers:Display: Using Local Shader Compiler.
[2017.03.20-05.19.49:487][  0]LogTemp:Display: Loaded TP AllDesktopTargetPlatform
[2017.03.20-05.19.49:529][  0]LogTemp:Display: Loaded TP MacClientTargetPlatform
[2017.03.20-05.19.49:572][  0]LogTemp:Display: Loaded TP MacNoEditorTargetPlatform
[2017.03.20-05.19.49:615][  0]LogTemp:Display: Loaded TP MacServerTargetPlatform
[2017.03.20-05.19.49:657][  0]LogTemp:Display: Loaded TP MacTargetPlatform
[2017.03.20-05.19.49:700][  0]LogTemp:Display: Loaded TP WindowsClientTargetPlatform
[2017.03.20-05.19.49:743][  0]LogTemp:Display: Loaded TP WindowsNoEditorTargetPlatform
[2017.03.20-05.19.49:786][  0]LogTemp:Display: Loaded TP WindowsServerTargetPlatform
[2017.03.20-05.19.49:826][  0]LogTemp:Display: Loaded TP WindowsTargetPlatform
[2017.03.20-05.19.49:868][  0]LogTemp:Display: Loaded TP AndroidTargetPlatform
[2017.03.20-05.19.49:910][  0]LogTemp:Display: Loaded TP Android_ASTCTargetPlatform
[2017.03.20-05.19.49:953][  0]LogTemp:Display: Loaded TP Android_ATCTargetPlatform
[2017.03.20-05.19.49:996][  0]LogTemp:Display: Loaded TP Android_DXTTargetPlatform
[2017.03.20-05.19.50:038][  0]LogTemp:Display: Loaded TP Android_ETC1TargetPlatform
[2017.03.20-05.19.50:080][  0]LogTemp:Display: Loaded TP Android_ETC2TargetPlatform
[2017.03.20-05.19.50:167][  0]LogTemp:Display: Loaded TP Android_MultiTargetPlatform
[2017.03.20-05.19.50:167][  0]LogTemp:Display: Loaded TP Android_PVRTCTargetPlatform
[2017.03.20-05.19.50:197][  0]LogTemp:Display: Loaded TP HTML5TargetPlatform
[2017.03.20-05.19.50:354][  0]LogTemp:Display: Loaded TP IOSTargetPlatform
[2017.03.20-05.19.50:404][  0]LogTemp:Display: Loaded TP TVOSTargetPlatform
[2017.03.20-05.19.50:450][  0]LogTemp:Display: Loaded TP LinuxClientTargetPlatform
[2017.03.20-05.19.50:496][  0]LogTemp:Display: Loaded TP LinuxNoEditorTargetPlatform
[2017.03.20-05.19.50:538][  0]LogTemp:Display: Loaded TP LinuxServerTargetPlatform
[2017.03.20-05.19.50:581][  0]LogTemp:Display: Loaded TP LinuxTargetPlatform
[2017.03.20-05.19.50:581][  0]LogTargetPlatformManager:Display: Building Assets For Windows
[2017.03.20-05.19.50:966][  0]LogDerivedDataCache:Display: Max Cache Size: 512 MB
[2017.03.20-05.19.50:966][  0]LogDerivedDataCache:Display: Starting with empty Boot cache
[2017.03.20-05.19.50:967][  0]LogDerivedDataCache: FDerivedDataBackendGraph:  Pak pak cache file ../../../../../../Users/xiaobei/Downloads/Prototype/DerivedDataCache/DDC.ddp not found, will not use a pak cache.
[2017.03.20-05.19.50:967][  0]LogDerivedDataCache: Unable to find inner node Pak for hierarchical cache Hierarchy.
[2017.03.20-05.19.50:967][  0]LogDerivedDataCache: FDerivedDataBackendGraph:  CompressedPak pak cache file ../../../../../../Users/xiaobei/Downloads/Prototype/DerivedDataCache/Compressed.ddp not found, will not use a pak cache.
[2017.03.20-05.19.50:967][  0]LogDerivedDataCache: Unable to find inner node CompressedPak for hierarchical cache Hierarchy.
[2017.03.20-05.19.50:982][  0]LogDerivedDataCache:Display: Pak cache opened for reading ../../../Engine/DerivedDataCache/Compressed.ddp.
[2017.03.20-05.19.50:994][  0]LogDerivedDataCache: Using Local data cache path C:/Users/xiaobei/AppData/Local/UnrealEngine/Common/DerivedDataCache: Writable
[2017.03.20-05.19.51:018][  0]LogSlate: Using Freetype 2.6.0
[2017.03.20-05.19.51:021][  0]LogSlate: SlateFontCache - WITH_FREETYPE: 1, WITH_HARFBUZZ: 1
[2017.03.20-05.19.51:021][  0]LogSlate: SlateFontCache - WITH_FREETYPE: 1, WITH_HARFBUZZ: 1
[2017.03.20-05.19.51:762][  0]LogInit: Selected Device Profile: [Windows]
[2017.03.20-05.19.51:770][  0]LogContentStreaming: Texture pool size is 0.00 MB
[2017.03.20-05.19.51:972][  0]LogMeshUtilities: Using QuadricMeshReduction for automatic static mesh reduction
[2017.03.20-05.19.52:013][  0]LogSimplygon: Simplygon DLL not present - disabling.
[2017.03.20-05.19.52:051][  0]LogMeshUtilities: Using SimplygonSwarm for distributed automatic mesh merging
[2017.03.20-05.19.52:051][  0]LogMeshUtilities: No automatic skeletal mesh reduction module available
[2017.03.20-05.19.52:051][  0]LogMeshUtilities: No automatic mesh merging module available
[2017.03.20-05.19.52:866][  0]LogNetVersion: GetLocalNetworkVersion: CL: 3299760, ProjectName: prototype, ProjectVersion: , EngineNetworkVersion: 2, GameNetworkVersion: 0, NetworkChecksum: 2467209700
[2017.03.20-05.19.52:915][  0]LogAssetRegistry: FAssetRegistry took 0.0226 seconds to start up
[2017.03.20-05.19.52:993][  0]LogPackageLocalizationCache: Processed 3 localized package path(s) for 4 prioritized culture(s) in 0.056810 seconds
[2017.03.20-05.19.53:003][  0]LogUObjectArray: 32475 objects as part of root set at end of initial load.
[2017.03.20-05.19.53:003][  0]LogUObjectAllocator: 7073360 out of 0 bytes used by permanent object pool.
[2017.03.20-05.19.53:003][  0]LogUObjectArray: CloseDisregardForGC: 0/0 objects in disregard for GC pool
[2017.03.20-05.19.53:060][  0]LogInit: WinSock: version 1.1 (2.2), MaxSocks=32767, MaxUdp=65467
[2017.03.20-05.19.54:919][  0]LogTcpMessaging: Initializing TcpMessaging bridge
[2017.03.20-05.19.54:955][  0]LogUdpMessaging: Initializing bridge on interface 0.0.0.0:0 to multicast group 230.0.0.1:6666.
[2017.03.20-05.19.55:410][  0]LogMaterial: Uniform references updated for custom material expression Custom.
[2017.03.20-05.19.55:795][  0]SourceControl: 信息 源码控制已禁用
[2017.03.20-05.19.55:796][  0]SourceControl: 信息 源码控制已禁用
[2017.03.20-05.19.55:840][  0]SourceControl: 信息 源码控制已禁用
[2017.03.20-05.19.55:878][  0]SourceControl: 信息 源码控制已禁用
[2017.03.20-05.19.56:998][  0]LogEngine: Initializing Engine...
[2017.03.20-05.19.57:000][  0]LogHMD: Failed to initialize OpenVR with code 110
[2017.03.20-05.19.57:292][  0]LogAIModule: Creating AISystem for world Untitled
[2017.03.20-05.19.57:328][  0]LogInit: XAudio2 using 'LG ULTRAWIDE-4 (NVIDIA High Definition Audio)' : 2 channels at 48 kHz using 16 bits per sample (channel mask 0x3)
[2017.03.20-05.19.57:348][  0]LogInit: FAudioDevice initialized.
[2017.03.20-05.19.57:364][  0]LogDerivedDataCache: Saved boot cache 0.02s 50MB C:/Users/xiaobei/AppData/Local/UnrealEngine/4.15/DerivedDataCache/Boot.ddc.
[2017.03.20-05.19.57:370][  0]LogInit: Texture streaming: Enabled
[2017.03.20-05.19.57:458][  0]LogEngineSessionManager: EngineSessionManager initialized
[2017.03.20-05.19.57:545][  0]LogInit: Transaction tracking system initialized
[2017.03.20-05.19.57:851][  0]BlueprintLog: New page: 编辑器加载
[2017.03.20-05.19.58:699][  0]LocalizationService: 信息 本地化服务已被禁用
[2017.03.20-05.19.59:273][  0]LogConsoleResponse:Display: 
[2017.03.20-05.19.59:388][  0]LogCook:Display: Max memory allowance for cook 16384mb min free memory 0mb
[2017.03.20-05.19.59:388][  0]LogCook:Display: Mobile HDR setting 1
[2017.03.20-05.19.59:900][  0]LogFileCache: Scanning file cache for directory 'C:/Users/xiaobei/Downloads/Prototype/Content/' took 0.01s
[2017.03.20-05.20.00:289][  0]SourceControl: 信息 源码控制已禁用
[2017.03.20-05.20.00:291][  0]Cmd: MAP LOAD FILE="../../../../../../Users/xiaobei/Downloads/Prototype/Content/FirstPersonBP/Maps/FirstPersonExampleMap.umap" TEMPLATE=0 SHOWPROGRESS=1 FEATURELEVEL=3
[2017.03.20-05.20.00:292][  0]LightingResults: New page: 光照构建
[2017.03.20-05.20.00:332][  0]MapCheck: New page: 地图检测
[2017.03.20-05.20.00:332][  0]LightingResults: New page: 光照构建
[2017.03.20-05.20.00:791][  0]LogTexture:Display: 正在构建贴图: HQ_Lightmap0_1 (AutoDXT)
[2017.03.20-05.20.01:170][  0]LogTexture:Display: 正在构建贴图: HQ_Lightmap0_2 (AutoDXT)
[2017.03.20-05.20.01:509][  0]LogTexture:Display: 正在构建贴图: HQ_Lightmap0_3 (AutoDXT)
[2017.03.20-05.20.02:111][  0]LogTexture:Display: 正在构建贴图: HQ_Lightmap0_4 (AutoDXT)
[2017.03.20-05.20.02:302][  0]LogTexture:Display: 正在构建贴图: HQ_Lightmap0_5 (AutoDXT)
[2017.03.20-05.20.02:330][  0]LogTexture:Display: 正在构建贴图: LQ_Lightmap_0_1 (DXT1)
[2017.03.20-05.20.02:470][  0]LogTexture:Display: 正在构建贴图: LQ_Lightmap_0_2 (DXT1)
[2017.03.20-05.20.02:618][  0]LogTexture:Display: 正在构建贴图: LQ_Lightmap_0_3 (DXT1)
[2017.03.20-05.20.02:808][  0]LogTexture:Display: 正在构建贴图: LQ_Lightmap_0_4 (DXT1)
[2017.03.20-05.20.02:919][  0]LogTexture:Display: 正在构建贴图: LQ_Lightmap_0_5 (DXT1)
[2017.03.20-05.20.02:939][  0]LogTexture:Display: 正在构建贴图: SkyOcclusion0_1 (AutoDXT)
[2017.03.20-05.20.03:094][  0]LogTexture:Display: 正在构建贴图: SkyOcclusion0_2 (AutoDXT)
[2017.03.20-05.20.03:222][  0]LogTexture:Display: 正在构建贴图: SkyOcclusion0_3 (AutoDXT)
[2017.03.20-05.20.03:421][  0]LogTexture:Display: 正在构建贴图: SkyOcclusion0_4 (AutoDXT)
[2017.03.20-05.20.03:515][  0]LogTexture:Display: 正在构建贴图: SkyOcclusion0_5 (AutoDXT)
[2017.03.20-05.20.03:521][  0]LogTexture:Display: 正在构建贴图: ShadowMapTexture2D_0 (G8)
[2017.03.20-05.20.03:565][  0]LogTexture:Display: 正在构建贴图: ShadowMapTexture2D_1 (G8)
[2017.03.20-05.20.03:608][  0]LogTexture:Display: 正在构建贴图: ShadowMapTexture2D_2 (G8)
[2017.03.20-05.20.03:653][  0]LogTexture:Display: 正在构建贴图: ShadowMapTexture2D_3 (G8)
[2017.03.20-05.20.03:701][  0]LogTexture:Display: 正在构建贴图: ShadowMapTexture2D_4 (G8)
[2017.03.20-05.20.03:742][  0]LogTexture:Display: 正在构建贴图: ShadowMapTexture2D_5 (G8)
[2017.03.20-05.20.03:785][  0]LogTexture:Display: 正在构建贴图: ShadowMapTexture2D_6 (G8)
[2017.03.20-05.20.03:824][  0]LogTexture:Display: 正在构建贴图: ShadowMapTexture2D_7 (G8)
[2017.03.20-05.20.03:829][  0]LogAIModule: Creating AISystem for world FirstPersonExampleMap
[2017.03.20-05.20.03:866][  0]LogEditorServer: Finished looking for orphan Actors (0.000 secs)
[2017.03.20-05.20.03:883][  0]Cmd: MAP CHECKDEP NOCLEARLOG
[2017.03.20-05.20.03:923][  0]MapCheck: 信息 地图检测完成：0个错误，0 个警告，用时36.95毫秒完成。
[2017.03.20-05.20.03:923][  0]LogFileHelpers: Loading map 'FirstPersonExampleMap' took 3.633
[2017.03.20-05.20.04:083][  0]LogWindowsTextInputMethodSystem:Display: IME system now activated using TSF (搜狗拼音输入法).
[2017.03.20-05.20.04:084][  0]LogWindowsTextInputMethodSystem:Display: IME system now activated using TSF (搜狗拼音输入法).
[2017.03.20-05.20.04:222][  0]LogCollectionManager: Loaded 0 collections in 0.001014 seconds
[2017.03.20-05.20.04:332][  0]LogFileCache: Scanning file cache for directory 'C:/Users/xiaobei/Downloads/Prototype/Saved/Collections/' took 0.01s
[2017.03.20-05.20.04:332][  0]LogFileCache: Scanning file cache for directory 'C:/Users/xiaobei/Downloads/Prototype/Content/Developers/xiaobei/Collections/' took 0.01s
[2017.03.20-05.20.04:332][  0]LogFileCache: Scanning file cache for directory 'C:/Users/xiaobei/Downloads/Prototype/Content/Collections/' took 0.01s
[2017.03.20-05.20.04:332][  0]LogCollectionManager: Rebuilt the GUID cache for 0 collections in 0.000002 seconds
[2017.03.20-05.20.04:342][  0]LogContentBrowser: Native class hierarchy populated in 0.0082 seconds. Added 2244 classes and 450 folders.
[2017.03.20-05.20.04:348][  0]LogStats: UGameplayTagsManager::ConstructGameplayTagTree: Construct from data asset -  0.000 s
[2017.03.20-05.20.04:349][  0]LogStats: UGameplayTagsManager::ConstructGameplayTagTree: GameplayTagTreeChangedEvent.Broadcast -  0.000 s
[2017.03.20-05.20.04:399][  0]LogContentBrowser: Native class hierarchy updated for 'WidgetCarousel' in 0.0003 seconds. Added 0 classes and 0 folders.
[2017.03.20-05.20.04:429][  0]LogContentBrowser: Native class hierarchy updated for 'AddContentDialog' in 0.0004 seconds. Added 0 classes and 0 folders.
[2017.03.20-05.20.04:468][  0]LogContentBrowser: Native class hierarchy updated for 'SceneOutliner' in 0.0004 seconds. Added 1 classes and 2 folders.
[2017.03.20-05.20.04:535][  0]LogCrashTracker: Crashtracker disabled due to settings.
[2017.03.20-05.20.04:633][  0]LogContentBrowser: Native class hierarchy updated for 'HierarchicalLODOutliner' in 0.0004 seconds. Added 1 classes and 2 folders.
[2017.03.20-05.20.04:633][  0]LogLoad: (Engine Initialization) Total time: 19.08 seconds
[2017.03.20-05.20.04:633][  0]LogLoad: (Engine Initialization) Total Blueprint compile time: 0.17 seconds
[2017.03.20-05.20.04:633][  0]LogExternalProfiler: Found external profiler: VSPerf
[2017.03.20-05.20.04:633][  0]LogExternalProfiler: Using external profiler: VSPerf
[2017.03.20-05.20.04:646][  0]LogOcInput: OculusInput pre-init called
[2017.03.20-05.20.04:663][  0]LogAssetRegistry: Asset discovery search completed in 11.7695 seconds
[2017.03.20-05.20.04:663][  0]LogCollectionManager: Rebuilt the object cache for 0 collections in 0.000002 seconds (found 0 objects)
[2017.03.20-05.20.04:663][  0]LogCollectionManager: Fixed up redirectors for 0 collections in 0.000013 seconds (updated 0 objects)
[2017.03.20-05.20.04:672][  0]LogContentStreaming: Texture pool size now 1000 MB
[2017.03.20-05.20.04:688][  0]LogSlate: Took 0.000887 seconds to synchronously load lazily loaded font '../../../Engine/Content/Slate/Fonts/Roboto-Regular.ttf' (155K)
[2017.03.20-05.20.04:702][  0]LogSlate: Took 0.012155 seconds to synchronously load lazily loaded font '../../../Engine/Content/Slate/Fonts/DroidSansFallback.ttf' (3848K)
[2017.03.20-05.20.04:704][  0]LogSlate: Took 0.000885 seconds to synchronously load lazily loaded font '../../../Engine/Content/Slate/Fonts/Roboto-Bold.ttf' (160K)
[2017.03.20-05.20.04:710][  0]LogSlate: Took 0.000928 seconds to synchronously load lazily loaded font '../../../Engine/Content/Editor/Slate/Fonts/FontAwesome.ttf' (139K)
[2017.03.20-05.20.04:810][  0]LogSlate: Took 0.001014 seconds to synchronously load lazily loaded font '../../../Engine/Content/Slate/Fonts/Roboto-Light.ttf' (159K)
[2017.03.20-05.20.04:845][  0]LogRenderer: Reallocating scene render targets to support 1616x576 NumSamples 1 (Frame:2).
[2017.03.20-05.20.49:797][598]LogSlate: Took 0.000092 seconds to synchronously load lazily loaded font '../../../Engine/Content/Slate/Fonts/Roboto-Light.ttf' (159K)
[2017.03.20-05.20.49:818][598]LogTexture:Display: 正在构建贴图: grass-textures-17 (BGRA8)
[2017.03.20-05.20.49:827][598]LogMaterial: Missing cached shader map for material grass-textures-17_Mat, compiling. 
[2017.03.20-05.20.49:830][598]LogTemp:Display: Added material ShaderMap 0x000001EBB266E780 with Material 0x000001EBB1EE4B80 to ShaderMapsBeingCompiled
[2017.03.20-05.20.49:858][598]LogTemp:Display: Kicking off shader compilation for grass-textures-17_Mat, GameThreadShaderMap 0x000001EBB266E780
[2017.03.20-05.20.49:863][598]LogTexture:Display: 正在构建贴图: 2383316 (BGRA8)
[2017.03.20-05.20.49:871][598]LogMaterial: Missing cached shader map for material 2383316_Mat, compiling. 
[2017.03.20-05.20.49:872][598]LogTemp:Display: Added material ShaderMap 0x000001EBB235BC80 with Material 0x000001EB8090CE80 to ShaderMapsBeingCompiled
[2017.03.20-05.20.49:884][598]LogTemp:Display: Kicking off shader compilation for 2383316_Mat, GameThreadShaderMap 0x000001EBB235BC80
[2017.03.20-05.20.49:892][598]LogTexture:Display: 正在构建贴图: HQ_Lightmap1_1 (AutoDXT)
[2017.03.20-05.20.49:945][598]LogTexture:Display: 正在构建贴图: LQ_Lightmap_1_1 (DXT1)
[2017.03.20-05.20.49:979][598]LogTexture:Display: 正在构建贴图: SkyOcclusion1_1 (AutoDXT)
[2017.03.20-05.20.50:000][598]LogTexture:Display: 正在构建贴图: ShadowMapTexture2D_3 (G8)
[2017.03.20-05.20.50:002][598]LogAIModule: Creating AISystem for world NewMap
[2017.03.20-05.20.50:028][598]Cmd: MAP LOAD FILE="../../../../../../Users/xiaobei/Downloads/Prototype/Content/NewMap.umap" TEMPLATE=0 SHOWPROGRESS=1 FEATURELEVEL=3
[2017.03.20-05.20.50:028][598]LightingResults: New page: 光照构建
[2017.03.20-05.20.50:029][598]LoadErrors: New page: 正在加载地图： NewMap.umap
[2017.03.20-05.20.50:030][598]MapCheck: New page: 地图检测
[2017.03.20-05.20.50:030][598]LightingResults: New page: 光照构建
[2017.03.20-05.20.50:072][598]LogEditorServer: Finished looking for orphan Actors (0.000 secs)
[2017.03.20-05.20.50:090][598]Cmd: MAP CHECKDEP NOCLEARLOG
[2017.03.20-05.20.50:133][598]MapCheck: 信息 地图检测完成：0个错误，0 个警告，用时42.264毫秒完成。
[2017.03.20-05.20.50:133][598]LogFileHelpers: Loading map 'NewMap' took 0.106
[2017.03.20-05.20.51:989][809]LogTemp:Display: Finished compile of shader map 0x000001EBB266E780
[2017.03.20-05.20.51:989][809]LogTemp:Display: Shader map grass-textures-17_Mat complete, GameThreadShaderMap 0x000001EBB266E780, marking material grass-textures-17_Mat as finished
[2017.03.20-05.20.51:989][809]LogTemp:Display: Marking material as finished 0x000001EBB1EE4B80
[2017.03.20-05.20.52:942][922]LogTemp:Display: Finished compile of shader map 0x000001EBB235BC80
[2017.03.20-05.20.52:942][922]LogTemp:Display: Shader map 2383316_Mat complete, GameThreadShaderMap 0x000001EBB235BC80, marking material 2383316_Mat as finished
[2017.03.20-05.20.52:942][922]LogTemp:Display: Marking material as finished 0x000001EB8090CE80
[2017.03.20-05.20.53:051][935]LogTemp: Repeting last play command: 模拟
[2017.03.20-05.20.53:057][935]LogPlayLevel: PlayLevel: No blueprints needed recompiling
[2017.03.20-05.20.53:060][935]PIE: New page: SIE 会话: NewMap (2017年3月19日 下午9:20:53)
[2017.03.20-05.20.53:060][935]LogPlayLevel: Creating play world package: /Game/UEDPIE_0_NewMap
[2017.03.20-05.20.53:065][935]LogPlayLevel: PIE: StaticDuplicateObject took: (0.004458s)
[2017.03.20-05.20.53:065][935]LogAIModule: Creating AISystem for world NewMap
[2017.03.20-05.20.53:065][935]LogPlayLevel: PIE: World Init took: (0.000424s)
[2017.03.20-05.20.53:066][935]LogPlayLevel: PIE: Created PIE world by copying editor world from /Game/NewMap.NewMap to /Game/UEDPIE_0_NewMap.NewMap (0.005664s)
[2017.03.20-05.20.53:088][935]LogInit: XAudio2 using 'LG ULTRAWIDE-4 (NVIDIA High Definition Audio)' : 2 channels at 48 kHz using 16 bits per sample (channel mask 0x3)
[2017.03.20-05.20.53:099][935]LogInit: FAudioDevice initialized.
[2017.03.20-05.20.53:166][935]LogLoad: Game class is 'FirstPersonGameMode_C'
[2017.03.20-05.20.53:170][935]LogWorld: Bringing World /Game/UEDPIE_0_NewMap.NewMap up for play (max tick rate 0) at 2017.03.20-01.20.53
[2017.03.20-05.20.53:171][935]LogWorld: Bringing up level for play took: 0.001551
[2017.03.20-05.20.53:215][935]LogContentBrowser: Native class hierarchy updated for 'MovieSceneCapture' in 0.0004 seconds. Added 11 classes and 0 folders.
[2017.03.20-05.20.53:217][935]PIE: 信息 /Game/UEDPIE_0_NewMap的‘在编辑器中播放’的起始时间-0.108
[2017.03.20-05.22.12:956][  8]LogTemp: Repeting last play command: 模拟
[2017.03.20-05.22.12:962][  8]LogPlayLevel: PlayLevel: No blueprints needed recompiling
[2017.03.20-05.22.12:962][  8]PIE: New page: SIE 会话: NewMap (2017年3月19日 下午9:22:12)
[2017.03.20-05.22.12:962][  8]LogPlayLevel: Creating play world package: /Game/UEDPIE_0_NewMap
[2017.03.20-05.22.12:966][  8]LogPlayLevel: PIE: StaticDuplicateObject took: (0.004176s)
[2017.03.20-05.22.12:967][  8]LogAIModule: Creating AISystem for world NewMap
[2017.03.20-05.22.12:967][  8]LogPlayLevel: PIE: World Init took: (0.000643s)
[2017.03.20-05.22.12:967][  8]LogPlayLevel: PIE: Created PIE world by copying editor world from /Game/NewMap.NewMap to /Game/UEDPIE_0_NewMap.NewMap (0.005008s)
[2017.03.20-05.22.12:993][  8]LogInit: XAudio2 using 'LG ULTRAWIDE-4 (NVIDIA High Definition Audio)' : 2 channels at 48 kHz using 16 bits per sample (channel mask 0x3)
[2017.03.20-05.22.13:004][  8]LogInit: FAudioDevice initialized.
[2017.03.20-05.22.13:036][  8]LogLoad: Game class is 'FirstPersonGameMode_C'
[2017.03.20-05.22.13:037][  8]LogWorld: Bringing World /Game/UEDPIE_0_NewMap.NewMap up for play (max tick rate 0) at 2017.03.20-01.22.13
[2017.03.20-05.22.13:037][  8]LogWorld: Bringing up level for play took: 0.000545
[2017.03.20-05.22.13:037][  8]PIE: 信息 /Game/UEDPIE_0_NewMap的‘在编辑器中播放’的起始时间-0.289
[2017.03.20-05.22.21:351][949]LogTemp: Repeting last play command: 模拟
[2017.03.20-05.22.21:357][949]LogPlayLevel: PlayLevel: No blueprints needed recompiling
[2017.03.20-05.22.21:357][949]PIE: New page: SIE 会话: NewMap (2017年3月19日 下午9:22:21)
[2017.03.20-05.22.21:357][949]LogPlayLevel: Creating play world package: /Game/UEDPIE_0_NewMap
[2017.03.20-05.22.21:360][949]LogPlayLevel: PIE: StaticDuplicateObject took: (0.003328s)
[2017.03.20-05.22.21:361][949]LogAIModule: Creating AISystem for world NewMap
[2017.03.20-05.22.21:361][949]LogPlayLevel: PIE: World Init took: (0.000420s)
[2017.03.20-05.22.21:361][949]LogPlayLevel: PIE: Created PIE world by copying editor world from /Game/NewMap.NewMap to /Game/UEDPIE_0_NewMap.NewMap (0.003875s)
[2017.03.20-05.22.21:380][949]LogInit: XAudio2 using 'LG ULTRAWIDE-4 (NVIDIA High Definition Audio)' : 2 channels at 48 kHz using 16 bits per sample (channel mask 0x3)
[2017.03.20-05.22.21:391][949]LogInit: FAudioDevice initialized.
[2017.03.20-05.22.21:419][949]LogLoad: Game class is 'GameMode'
[2017.03.20-05.22.21:420][949]LogWorld: Bringing World /Game/UEDPIE_0_NewMap.NewMap up for play (max tick rate 0) at 2017.03.20-01.22.21
[2017.03.20-05.22.21:420][949]LogWorld: Bringing up level for play took: 0.000517
[2017.03.20-05.22.21:421][949]LogGameMode:Display: Match State Changed from EnteringMap to WaitingToStart
[2017.03.20-05.22.21:421][949]LogGameState: Match State Changed from EnteringMap to WaitingToStart
[2017.03.20-05.22.21:421][949]PIE: 信息 /Game/UEDPIE_0_NewMap的‘在编辑器中播放’的起始时间0.095
[2017.03.20-05.22.40:508][127]LogAIModule: Creating AISystem for world FirstPersonExampleMap
[2017.03.20-05.22.42:379][127]Cmd: MAP LOAD FILE="../../../../../../Users/xiaobei/Downloads/Prototype/Content/FirstPersonBP/Maps/FirstPersonExampleMap.umap" TEMPLATE=0 SHOWPROGRESS=1 FEATURELEVEL=3
[2017.03.20-05.22.42:380][127]LightingResults: New page: 光照构建
[2017.03.20-05.22.42:381][127]LoadErrors: New page: 正在加载地图： FirstPersonExampleMap.umap
[2017.03.20-05.22.42:382][127]MapCheck: New page: 地图检测
[2017.03.20-05.22.42:382][127]LightingResults: New page: 光照构建
[2017.03.20-05.22.42:453][127]LogEditorServer: Finished looking for orphan Actors (0.000 secs)
[2017.03.20-05.22.42:464][127]Cmd: MAP CHECKDEP NOCLEARLOG
[2017.03.20-05.22.42:500][127]MapCheck: 信息 地图检测完成：0个错误，0 个警告，用时36.335毫秒完成。
[2017.03.20-05.22.42:500][127]LogFileHelpers: Loading map 'FirstPersonExampleMap' took 0.122
[2017.03.20-05.22.44:091][308]LogTemp: Repeting last play command: 模拟
[2017.03.20-05.22.44:097][308]LogBlueprintUserMessages: Early PlayInEditor Detection: Level '/Game/FirstPersonBP/Maps/FirstPersonExampleMap.FirstPersonExampleMap:PersistentLevel' has LevelScriptBlueprint '/Game/FirstPersonBP/Maps/FirstPersonExampleMap.FirstPersonExampleMap:PersistentLevel.FirstPersonExampleMap' with GeneratedClass '/Game/FirstPersonBP/Maps/FirstPersonExampleMap.FirstPersonExampleMap_C' with ClassGeneratedBy '/Game/FirstPersonBP/Maps/FirstPersonExampleMap.FirstPersonExampleMap:PersistentLevel.FirstPersonExampleMap'
[2017.03.20-05.22.44:097][308]LogPlayLevel: PlayLevel: No blueprints needed recompiling
[2017.03.20-05.22.44:097][308]PIE: New page: SIE 会话: FirstPersonExampleMap (2017年3月19日 下午9:22:44)
[2017.03.20-05.22.44:097][308]LogPlayLevel: Creating play world package: /Game/FirstPersonBP/Maps/UEDPIE_0_FirstPersonExampleMap
[2017.03.20-05.22.44:117][308]LogPlayLevel: PIE: StaticDuplicateObject took: (0.019610s)
[2017.03.20-05.22.44:117][308]LogAIModule: Creating AISystem for world FirstPersonExampleMap
[2017.03.20-05.22.44:118][308]LogPlayLevel: PIE: World Init took: (0.000680s)
[2017.03.20-05.22.44:118][308]LogPlayLevel: PIE: Created PIE world by copying editor world from /Game/FirstPersonBP/Maps/FirstPersonExampleMap.FirstPersonExampleMap to /Game/FirstPersonBP/Maps/UEDPIE_0_FirstPersonExampleMap.FirstPersonExampleMap (0.020482s)
[2017.03.20-05.22.44:139][308]LogInit: XAudio2 using 'LG ULTRAWIDE-4 (NVIDIA High Definition Audio)' : 2 channels at 48 kHz using 16 bits per sample (channel mask 0x3)
[2017.03.20-05.22.44:149][308]LogInit: FAudioDevice initialized.
[2017.03.20-05.22.44:179][308]LogLoad: Game class is 'FirstPersonGameMode_C'
[2017.03.20-05.22.44:180][308]LogWorld: Bringing World /Game/FirstPersonBP/Maps/UEDPIE_0_FirstPersonExampleMap.FirstPersonExampleMap up for play (max tick rate 0) at 2017.03.20-01.22.44
[2017.03.20-05.22.44:181][308]LogWorld: Bringing up level for play took: 0.001890
[2017.03.20-05.22.44:183][308]PIE: 信息 /Game/FirstPersonBP/Maps/UEDPIE_0_FirstPersonExampleMap的‘在编辑器中播放’的起始时间0.857
[2017.03.20-05.22.44:185][308]LogBlueprintUserMessages: Late PlayInEditor Detection: Level '/Game/FirstPersonBP/Maps/FirstPersonExampleMap.FirstPersonExampleMap:PersistentLevel' has LevelScriptBlueprint '/Game/FirstPersonBP/Maps/FirstPersonExampleMap.FirstPersonExampleMap:PersistentLevel.FirstPersonExampleMap' with GeneratedClass '/Game/FirstPersonBP/Maps/FirstPersonExampleMap.FirstPersonExampleMap_C' with ClassGeneratedBy '/Game/FirstPersonBP/Maps/FirstPersonExampleMap.FirstPersonExampleMap:PersistentLevel.FirstPersonExampleMap'
[2017.03.20-05.22.46:798][573]LogBlueprintUserMessages: Early EndPlayMap Detection: Level '/Game/FirstPersonBP/Maps/FirstPersonExampleMap.FirstPersonExampleMap:PersistentLevel' has LevelScriptBlueprint '/Game/FirstPersonBP/Maps/FirstPersonExampleMap.FirstPersonExampleMap:PersistentLevel.FirstPersonExampleMap' with GeneratedClass '/Game/FirstPersonBP/Maps/FirstPersonExampleMap.FirstPersonExampleMap_C' with ClassGeneratedBy '/Game/FirstPersonBP/Maps/FirstPersonExampleMap.FirstPersonExampleMap:PersistentLevel.FirstPersonExampleMap'
[2017.03.20-05.22.46:827][573]LogBlueprintUserMessages: Late EndPlayMap Detection: Level '/Game/FirstPersonBP/Maps/FirstPersonExampleMap.FirstPersonExampleMap:PersistentLevel' has LevelScriptBlueprint '/Game/FirstPersonBP/Maps/FirstPersonExampleMap.FirstPersonExampleMap:PersistentLevel.FirstPersonExampleMap' with GeneratedClass '/Game/FirstPersonBP/Maps/FirstPersonExampleMap.FirstPersonExampleMap_C' with ClassGeneratedBy '/Game/FirstPersonBP/Maps/FirstPersonExampleMap.FirstPersonExampleMap:PersistentLevel.FirstPersonExampleMap'
[2017.03.20-05.22.48:467][763]LogBlueprintUserMessages: Early PlayInEditor Detection: Level '/Game/FirstPersonBP/Maps/FirstPersonExampleMap.FirstPersonExampleMap:PersistentLevel' has LevelScriptBlueprint '/Game/FirstPersonBP/Maps/FirstPersonExampleMap.FirstPersonExampleMap:PersistentLevel.FirstPersonExampleMap' with GeneratedClass '/Game/FirstPersonBP/Maps/FirstPersonExampleMap.FirstPersonExampleMap_C' with ClassGeneratedBy '/Game/FirstPersonBP/Maps/FirstPersonExampleMap.FirstPersonExampleMap:PersistentLevel.FirstPersonExampleMap'
[2017.03.20-05.22.48:467][763]LogPlayLevel: PlayLevel: No blueprints needed recompiling
[2017.03.20-05.22.48:467][763]PIE: New page: PIE会话: FirstPersonExampleMap (2017年3月19日 下午9:22:48)
[2017.03.20-05.22.48:467][763]LogPlayLevel: Creating play world package: /Game/FirstPersonBP/Maps/UEDPIE_0_FirstPersonExampleMap
[2017.03.20-05.22.48:481][763]LogPlayLevel: PIE: StaticDuplicateObject took: (0.014228s)
[2017.03.20-05.22.48:482][763]LogAIModule: Creating AISystem for world FirstPersonExampleMap
[2017.03.20-05.22.48:482][763]LogPlayLevel: PIE: World Init took: (0.000625s)
[2017.03.20-05.22.48:482][763]LogPlayLevel: PIE: Created PIE world by copying editor world from /Game/FirstPersonBP/Maps/FirstPersonExampleMap.FirstPersonExampleMap to /Game/FirstPersonBP/Maps/UEDPIE_0_FirstPersonExampleMap.FirstPersonExampleMap (0.015017s)
[2017.03.20-05.22.48:502][763]LogInit: XAudio2 using 'LG ULTRAWIDE-4 (NVIDIA High Definition Audio)' : 2 channels at 48 kHz using 16 bits per sample (channel mask 0x3)
[2017.03.20-05.22.48:513][763]LogInit: FAudioDevice initialized.
[2017.03.20-05.22.48:540][763]LogLoad: Game class is 'FirstPersonGameMode_C'
[2017.03.20-05.22.48:542][763]LogWorld: Bringing World /Game/FirstPersonBP/Maps/UEDPIE_0_FirstPersonExampleMap.FirstPersonExampleMap up for play (max tick rate 0) at 2017.03.20-01.22.48
[2017.03.20-05.22.48:542][763]LogWorld: Bringing up level for play took: 0.001432
[2017.03.20-05.22.48:545][763]PIE: 信息 /Game/FirstPersonBP/Maps/UEDPIE_0_FirstPersonExampleMap的‘在编辑器中播放’的起始时间-0.781
[2017.03.20-05.22.48:545][763]LogBlueprintUserMessages: Late PlayInEditor Detection: Level '/Game/FirstPersonBP/Maps/FirstPersonExampleMap.FirstPersonExampleMap:PersistentLevel' has LevelScriptBlueprint '/Game/FirstPersonBP/Maps/FirstPersonExampleMap.FirstPersonExampleMap:PersistentLevel.FirstPersonExampleMap' with GeneratedClass '/Game/FirstPersonBP/Maps/FirstPersonExampleMap.FirstPersonExampleMap_C' with ClassGeneratedBy '/Game/FirstPersonBP/Maps/FirstPersonExampleMap.FirstPersonExampleMap:PersistentLevel.FirstPersonExampleMap'
[2017.03.20-05.22.49:889][920]LogBlueprintUserMessages: Early EndPlayMap Detection: Level '/Game/FirstPersonBP/Maps/FirstPersonExampleMap.FirstPersonExampleMap:PersistentLevel' has LevelScriptBlueprint '/Game/FirstPersonBP/Maps/FirstPersonExampleMap.FirstPersonExampleMap:PersistentLevel.FirstPersonExampleMap' with GeneratedClass '/Game/FirstPersonBP/Maps/FirstPersonExampleMap.FirstPersonExampleMap_C' with ClassGeneratedBy '/Game/FirstPersonBP/Maps/FirstPersonExampleMap.FirstPersonExampleMap:PersistentLevel.FirstPersonExampleMap'
[2017.03.20-05.22.49:916][920]LogBlueprintUserMessages: Late EndPlayMap Detection: Level '/Game/FirstPersonBP/Maps/FirstPersonExampleMap.FirstPersonExampleMap:PersistentLevel' has LevelScriptBlueprint '/Game/FirstPersonBP/Maps/FirstPersonExampleMap.FirstPersonExampleMap:PersistentLevel.FirstPersonExampleMap' with GeneratedClass '/Game/FirstPersonBP/Maps/FirstPersonExampleMap.FirstPersonExampleMap_C' with ClassGeneratedBy '/Game/FirstPersonBP/Maps/FirstPersonExampleMap.FirstPersonExampleMap:PersistentLevel.FirstPersonExampleMap'
[2017.03.20-05.22.52:476][223]LogTemp: Repeting last play command: 选中的视口
[2017.03.20-05.22.52:482][223]LogBlueprintUserMessages: Early PlayInEditor Detection: Level '/Game/FirstPersonBP/Maps/FirstPersonExampleMap.FirstPersonExampleMap:PersistentLevel' has LevelScriptBlueprint '/Game/FirstPersonBP/Maps/FirstPersonExampleMap.FirstPersonExampleMap:PersistentLevel.FirstPersonExampleMap' with GeneratedClass '/Game/FirstPersonBP/Maps/FirstPersonExampleMap.FirstPersonExampleMap_C' with ClassGeneratedBy '/Game/FirstPersonBP/Maps/FirstPersonExampleMap.FirstPersonExampleMap:PersistentLevel.FirstPersonExampleMap'
[2017.03.20-05.22.52:482][223]LogPlayLevel: PlayLevel: No blueprints needed recompiling
[2017.03.20-05.22.52:482][223]PIE: New page: PIE会话: FirstPersonExampleMap (2017年3月19日 下午9:22:52)
[2017.03.20-05.22.52:483][223]LogPlayLevel: Creating play world package: /Game/FirstPersonBP/Maps/UEDPIE_0_FirstPersonExampleMap
[2017.03.20-05.22.52:496][223]LogPlayLevel: PIE: StaticDuplicateObject took: (0.013774s)
[2017.03.20-05.22.52:497][223]LogAIModule: Creating AISystem for world FirstPersonExampleMap
[2017.03.20-05.22.52:497][223]LogPlayLevel: PIE: World Init took: (0.000662s)
[2017.03.20-05.22.52:497][223]LogPlayLevel: PIE: Created PIE world by copying editor world from /Game/FirstPersonBP/Maps/FirstPersonExampleMap.FirstPersonExampleMap to /Game/FirstPersonBP/Maps/UEDPIE_0_FirstPersonExampleMap.FirstPersonExampleMap (0.014622s)
[2017.03.20-05.22.52:518][223]LogInit: XAudio2 using 'LG ULTRAWIDE-4 (NVIDIA High Definition Audio)' : 2 channels at 48 kHz using 16 bits per sample (channel mask 0x3)
[2017.03.20-05.22.52:529][223]LogInit: FAudioDevice initialized.
[2017.03.20-05.22.52:556][223]LogLoad: Game class is 'FirstPersonGameMode_C'
[2017.03.20-05.22.52:558][223]LogWorld: Bringing World /Game/FirstPersonBP/Maps/UEDPIE_0_FirstPersonExampleMap.FirstPersonExampleMap up for play (max tick rate 0) at 2017.03.20-01.22.52
[2017.03.20-05.22.52:559][223]LogWorld: Bringing up level for play took: 0.001440
[2017.03.20-05.22.52:559][223]PIE: 信息 /Game/FirstPersonBP/Maps/UEDPIE_0_FirstPersonExampleMap的‘在编辑器中播放’的起始时间-0.767
[2017.03.20-05.22.52:559][223]LogBlueprintUserMessages: Late PlayInEditor Detection: Level '/Game/FirstPersonBP/Maps/FirstPersonExampleMap.FirstPersonExampleMap:PersistentLevel' has LevelScriptBlueprint '/Game/FirstPersonBP/Maps/FirstPersonExampleMap.FirstPersonExampleMap:PersistentLevel.FirstPersonExampleMap' with GeneratedClass '/Game/FirstPersonBP/Maps/FirstPersonExampleMap.FirstPersonExampleMap_C' with ClassGeneratedBy '/Game/FirstPersonBP/Maps/FirstPersonExampleMap.FirstPersonExampleMap:PersistentLevel.FirstPersonExampleMap'
[2017.03.20-05.22.55:222][539]LogBlueprintUserMessages: Early EndPlayMap Detection: Level '/Game/FirstPersonBP/Maps/FirstPersonExampleMap.FirstPersonExampleMap:PersistentLevel' has LevelScriptBlueprint '/Game/FirstPersonBP/Maps/FirstPersonExampleMap.FirstPersonExampleMap:PersistentLevel.FirstPersonExampleMap' with GeneratedClass '/Game/FirstPersonBP/Maps/FirstPersonExampleMap.FirstPersonExampleMap_C' with ClassGeneratedBy '/Game/FirstPersonBP/Maps/FirstPersonExampleMap.FirstPersonExampleMap:PersistentLevel.FirstPersonExampleMap'
[2017.03.20-05.22.55:253][539]LogBlueprintUserMessages: Late EndPlayMap Detection: Level '/Game/FirstPersonBP/Maps/FirstPersonExampleMap.FirstPersonExampleMap:PersistentLevel' has LevelScriptBlueprint '/Game/FirstPersonBP/Maps/FirstPersonExampleMap.FirstPersonExampleMap:PersistentLevel.FirstPersonExampleMap' with GeneratedClass '/Game/FirstPersonBP/Maps/FirstPersonExampleMap.FirstPersonExampleMap_C' with ClassGeneratedBy '/Game/FirstPersonBP/Maps/FirstPersonExampleMap.FirstPersonExampleMap:PersistentLevel.FirstPersonExampleMap'
[2017.03.20-05.23.00:719][185]LogAIModule: Creating AISystem for world NewMap
[2017.03.20-05.23.00:729][185]Cmd: MAP LOAD FILE="../../../../../../Users/xiaobei/Downloads/Prototype/Content/NewMap.umap" TEMPLATE=0 SHOWPROGRESS=1 FEATURELEVEL=3
[2017.03.20-05.23.00:729][185]LightingResults: New page: 光照构建
[2017.03.20-05.23.00:730][185]LoadErrors: New page: 正在加载地图： NewMap.umap
[2017.03.20-05.23.00:730][185]MapCheck: New page: 地图检测
[2017.03.20-05.23.00:730][185]LightingResults: New page: 光照构建
[2017.03.20-05.23.00:776][185]LogEditorServer: Finished looking for orphan Actors (0.000 secs)
[2017.03.20-05.23.00:787][185]Cmd: MAP CHECKDEP NOCLEARLOG
[2017.03.20-05.23.00:823][185]MapCheck: 信息 地图检测完成：0个错误，0 个警告，用时35.731毫秒完成。
[2017.03.20-05.23.00:823][185]LogFileHelpers: Loading map 'NewMap' took 0.094
[2017.03.20-05.23.02:157][340]LogTemp: Repeting last play command: 选中的视口
[2017.03.20-05.23.02:164][340]LogPlayLevel: PlayLevel: No blueprints needed recompiling
[2017.03.20-05.23.02:164][340]PIE: New page: PIE会话: NewMap (2017年3月19日 下午9:23:02)
[2017.03.20-05.23.02:164][340]LogPlayLevel: Creating play world package: /Game/UEDPIE_0_NewMap
[2017.03.20-05.23.02:167][340]LogPlayLevel: PIE: StaticDuplicateObject took: (0.003531s)
[2017.03.20-05.23.02:168][340]LogAIModule: Creating AISystem for world NewMap
[2017.03.20-05.23.02:168][340]LogPlayLevel: PIE: World Init took: (0.000457s)
[2017.03.20-05.23.02:168][340]LogPlayLevel: PIE: Created PIE world by copying editor world from /Game/NewMap.NewMap to /Game/UEDPIE_0_NewMap.NewMap (0.004114s)
[2017.03.20-05.23.02:189][340]LogInit: XAudio2 using 'LG ULTRAWIDE-4 (NVIDIA High Definition Audio)' : 2 channels at 48 kHz using 16 bits per sample (channel mask 0x3)
[2017.03.20-05.23.02:200][340]LogInit: FAudioDevice initialized.
[2017.03.20-05.23.02:227][340]LogLoad: Game class is 'FirstPersonGameMode_C'
[2017.03.20-05.23.02:228][340]LogWorld: Bringing World /Game/UEDPIE_0_NewMap.NewMap up for play (max tick rate 0) at 2017.03.20-01.23.02
[2017.03.20-05.23.02:228][340]LogWorld: Bringing up level for play took: 0.000530
[2017.03.20-05.23.02:230][340]PIE: 信息 /Game/UEDPIE_0_NewMap的‘在编辑器中播放’的起始时间0.904
[2017.03.20-05.23.32:020][694]LogTemp: Repeting last play command: 选中的视口
[2017.03.20-05.23.32:027][694]LogPlayLevel: PlayLevel: No blueprints needed recompiling
[2017.03.20-05.23.32:027][694]PIE: New page: PIE会话: NewMap (2017年3月19日 下午9:23:32)
[2017.03.20-05.23.32:027][694]LogPlayLevel: Creating play world package: /Game/UEDPIE_0_NewMap
[2017.03.20-05.23.32:030][694]LogPlayLevel: PIE: StaticDuplicateObject took: (0.003509s)
[2017.03.20-05.23.32:030][694]LogAIModule: Creating AISystem for world NewMap
[2017.03.20-05.23.32:031][694]LogPlayLevel: PIE: World Init took: (0.000415s)
[2017.03.20-05.23.32:031][694]LogPlayLevel: PIE: Created PIE world by copying editor world from /Game/NewMap.NewMap to /Game/UEDPIE_0_NewMap.NewMap (0.004053s)
[2017.03.20-05.23.32:052][694]LogInit: XAudio2 using 'LG ULTRAWIDE-4 (NVIDIA High Definition Audio)' : 2 channels at 48 kHz using 16 bits per sample (channel mask 0x3)
[2017.03.20-05.23.32:062][694]LogInit: FAudioDevice initialized.
[2017.03.20-05.23.32:089][694]LogLoad: Game class is 'FirstPersonGameMode_C'
[2017.03.20-05.23.32:090][694]LogWorld: Bringing World /Game/UEDPIE_0_NewMap.NewMap up for play (max tick rate 0) at 2017.03.20-01.23.32
[2017.03.20-05.23.32:090][694]LogWorld: Bringing up level for play took: 0.000530
[2017.03.20-05.23.32:092][694]PIE: 信息 /Game/UEDPIE_0_NewMap的‘在编辑器中播放’的起始时间0.766
[2017.03.20-05.23.39:993][627]LogRenderer: Reallocating scene render targets to support 1616x600 NumSamples 1 (Frame:18265).
[2017.03.20-05.23.40:049][628]LogRenderer: Reallocating scene render targets to support 1616x612 NumSamples 1 (Frame:18267).
[2017.03.20-05.23.40:084][629]LogRenderer: Reallocating scene render targets to support 1616x624 NumSamples 1 (Frame:18269).
[2017.03.20-05.23.40:139][630]LogRenderer: Reallocating scene render targets to support 1616x632 NumSamples 1 (Frame:18271).
[2017.03.20-05.23.40:196][631]LogRenderer: Reallocating scene render targets to support 1616x640 NumSamples 1 (Frame:18273).
[2017.03.20-05.23.40:246][632]LogRenderer: Reallocating scene render targets to support 1616x644 NumSamples 1 (Frame:18275).
[2017.03.20-05.23.40:292][633]LogRenderer: Reallocating scene render targets to support 1616x648 NumSamples 1 (Frame:18277).
[2017.03.20-05.23.40:343][634]LogRenderer: Reallocating scene render targets to support 1616x656 NumSamples 1 (Frame:18279).
[2017.03.20-05.23.40:392][635]LogRenderer: Reallocating scene render targets to support 1616x672 NumSamples 1 (Frame:18281).
[2017.03.20-05.23.40:554][642]LogRenderer: Reallocating scene render targets to support 1616x680 NumSamples 1 (Frame:18291).
[2017.03.20-05.23.40:594][643]LogRenderer: Reallocating scene render targets to support 1616x684 NumSamples 1 (Frame:18293).
[2017.03.20-05.23.40:635][644]LogRenderer: Reallocating scene render targets to support 1616x692 NumSamples 1 (Frame:18295).
[2017.03.20-05.23.47:135][251]LogRenderer: Reallocating scene render targets to support 1616x924 NumSamples 1 (Frame:18907).
[2017.03.20-05.23.56:807][254]LightingResults: New page: 光照构建
[2017.03.20-05.23.56:807][254]MapCheck: New page: 地图检测
[2017.03.20-05.23.56:807][254]LightingResults: New page: 光照构建
[2017.03.20-05.23.56:815][254]LogAIModule: Creating AISystem for world Untitled
[2017.03.20-05.23.56:849][254]LoadErrors: New page: 新建地图
[2017.03.20-05.24.12:086][962]LogSlate: Took 0.016397 seconds to synchronously load lazily loaded font '../../../Engine/Content/SlateDebug/Fonts/LastResort.ttf' (5269K)
[2017.03.20-05.24.14:447][213]LogSlate: Took 0.000219 seconds to synchronously load lazily loaded font '../../../Engine/Content/Slate/Fonts/Roboto-Regular.ttf' (155K)
[2017.03.20-05.24.14:450][213]LogSlate: Took 0.001023 seconds to synchronously load lazily loaded font '../../../Engine/Content/Slate/Fonts/DroidSansFallback.ttf' (3848K)
[2017.03.20-05.24.14:451][213]LogSlate: Took 0.000114 seconds to synchronously load lazily loaded font '../../../Engine/Content/Slate/Fonts/Roboto-Bold.ttf' (160K)
[2017.03.20-05.24.14:454][213]LogSlate: Took 0.000104 seconds to synchronously load lazily loaded font '../../../Engine/Content/Editor/Slate/Fonts/FontAwesome.ttf' (139K)
[2017.03.20-05.24.14:456][213]LogSlate: Took 0.000097 seconds to synchronously load lazily loaded font '../../../Engine/Content/Slate/Fonts/Roboto-Light.ttf' (159K)
[2017.03.20-05.24.23:564][283]LogWindowsTextInputMethodSystem:Display: IME system now deactivated.
[2017.03.20-05.24.23:564][283]LogWindowsTextInputMethodSystem:Display: IME system now deactivated.
[2017.03.20-05.24.27:037][698]LogSlate: Took 0.000092 seconds to synchronously load lazily loaded font '../../../Engine/Content/Slate/Fonts/Roboto-Light.ttf' (159K)
[2017.03.20-05.24.27:394][698]LogContentBrowser: Native class hierarchy updated for 'BlueprintGraph' in 0.0006 seconds. Added 112 classes and 0 folders.
[2017.03.20-05.24.27:945][698]LogSlate: Took 0.000079 seconds to synchronously load lazily loaded font '../../../Engine/Content/Slate/Fonts/Roboto-Light.ttf' (159K)
[2017.03.20-05.24.27:946][698]LogSlate: Took 0.000843 seconds to synchronously load lazily loaded font '../../../Engine/Content/Editor/Slate/Fonts/Roboto-BoldCondensed.ttf' (158K)
[2017.03.20-05.25.03:700][304]LogUObjectHash:Warning: Ambiguous search, could be CanvasPanel /Game/MainMenu.MainMenu:WidgetTree.CanvasPanel_0 or CanvasPanel /Engine/Transient.World_2:MainMenu_C_0.WidgetTree.CanvasPanel_0
[2017.03.20-05.25.03:700][304]LogUObjectHash:Warning: Ambiguous search, could be CanvasPanel /Game/MainMenu.MainMenu:WidgetTree.CanvasPanel_0 or CanvasPanel /Engine/Transient.World_2:MainMenu_C_1.WidgetTree.CanvasPanel_0
[2017.03.20-05.25.03:700][304]LogUObjectHash:Warning: Ambiguous search, could be CanvasPanel /Game/MainMenu.MainMenu:WidgetTree.CanvasPanel_0 or CanvasPanel /Engine/Transient.World_2:MainMenu_C_2.WidgetTree.CanvasPanel_0
[2017.03.20-05.25.03:700][304]LogUObjectHash:Warning: Ambiguous search, could be CanvasPanel /Game/MainMenu.MainMenu:WidgetTree.CanvasPanel_0 or CanvasPanel /Engine/Transient.World_2:MainMenu_C_3.WidgetTree.CanvasPanel_0
[2017.03.20-05.25.03:700][304]LogUObjectHash:Warning: Ambiguous search, could be CanvasPanel /Game/MainMenu.MainMenu:WidgetTree.CanvasPanel_0 or CanvasPanel /Engine/Transient.World_2:MainMenu_C_4.WidgetTree.CanvasPanel_0
[2017.03.20-05.25.03:700][304]LogUObjectHash:Warning: Ambiguous search, could be CanvasPanel /Game/MainMenu.MainMenu:WidgetTree.CanvasPanel_0 or CanvasPanel /Engine/Transient.World_2:MainMenu_C_5.WidgetTree.CanvasPanel_0
[2017.03.20-05.25.03:700][304]LogProperty:Warning: Illegal TEXT reference to a private object in external package (CanvasPanelSlot /Game/MainMenu.MainMenu:WidgetTree.CanvasPanel_0.CanvasPanelSlot_0) from referencer (Button /Engine/UMG/Editor/Transient.host).  Import failed...
[2017.03.20-05.25.03:700][304]LogProperty:Warning: ObjectProperty /Script/UMG.Widget:Slot: unresolved reference to 'CanvasPanelSlot'CanvasPanel_0.CanvasPanelSlot_0''
[2017.03.20-05.25.27:312][237]BlueprintLog: New page: Compile MainMenu
[2017.03.20-05.26.40:465][604]LogSlate: Took 0.000980 seconds to synchronously load lazily loaded font '../../../Engine/Content/Editor/Slate/Fonts/Roboto-Italic.ttf' (157K)
[2017.03.20-05.28.38:264][179]BlueprintLog: New page: Compile MainMenu
[2017.03.20-05.28.55:838][ 33]LogSlate:Warning: Prevented a slow task dialog from being summoned while a context menu was open
[2017.03.20-05.29.03:202][907]BlueprintLog: New page: Compile Untitled
[2017.03.20-05.29.05:917][221]LogTemp: Repeting last play command: Selected Viewport
[2017.03.20-05.29.05:928][221]LogBlueprintUserMessages: Early PlayInEditor Detection: Level '/Temp/Untitled_1.Untitled:PersistentLevel' has LevelScriptBlueprint '/Temp/Untitled_1.Untitled:PersistentLevel.Untitled' with GeneratedClass '/Temp/Untitled_1.Untitled_C' with ClassGeneratedBy '/Temp/Untitled_1.Untitled:PersistentLevel.Untitled'
[2017.03.20-05.29.05:928][221]LogPlayLevel: PlayLevel: No blueprints needed recompiling
[2017.03.20-05.29.05:929][221]PIE: New page: PIE session: Untitled_1 (Mar 19, 2017, 9:29:05 PM)
[2017.03.20-05.29.05:929][221]LogPlayLevel: Creating play world package: /Temp/UEDPIE_0_Untitled_1
[2017.03.20-05.29.05:929][221]LogPlayLevel: PIE: StaticDuplicateObject took: (0.000800s)
[2017.03.20-05.29.05:930][221]LogAIModule: Creating AISystem for world Untitled
[2017.03.20-05.29.05:930][221]LogPlayLevel: PIE: World Init took: (0.000489s)
[2017.03.20-05.29.05:930][221]LogPlayLevel: PIE: Created PIE world by copying editor world from /Temp/Untitled_1.Untitled to /Temp/UEDPIE_0_Untitled_1.Untitled (0.001434s)
[2017.03.20-05.29.05:960][221]LogInit: XAudio2 using 'LG ULTRAWIDE-4 (NVIDIA High Definition Audio)' : 2 channels at 48 kHz using 16 bits per sample (channel mask 0x3)
[2017.03.20-05.29.05:971][221]LogInit: FAudioDevice initialized.
[2017.03.20-05.29.06:001][221]LogLoad: Game class is 'FirstPersonGameMode_C'
[2017.03.20-05.29.06:002][221]LogWorld: Bringing World /Temp/UEDPIE_0_Untitled_1.Untitled up for play (max tick rate 0) at 2017.03.20-01.29.06
[2017.03.20-05.29.06:002][221]LogWorld: Bringing up level for play took: 0.000543
[2017.03.20-05.29.06:005][221]PIE: Info Play in editor start time for /Temp/UEDPIE_0_Untitled_1 0.679
[2017.03.20-05.29.06:005][221]LogBlueprintUserMessages: Late PlayInEditor Detection: Level '/Temp/Untitled_1.Untitled:PersistentLevel' has LevelScriptBlueprint '/Temp/Untitled_1.Untitled:PersistentLevel.Untitled' with GeneratedClass '/Temp/Untitled_1.Untitled_C' with ClassGeneratedBy '/Temp/Untitled_1.Untitled:PersistentLevel.Untitled'
[2017.03.20-05.29.07:297][375]LogBlueprintUserMessages: Early EndPlayMap Detection: Level '/Temp/Untitled_1.Untitled:PersistentLevel' has LevelScriptBlueprint '/Temp/Untitled_1.Untitled:PersistentLevel.Untitled' with GeneratedClass '/Temp/Untitled_1.Untitled_C' with ClassGeneratedBy '/Temp/Untitled_1.Untitled:PersistentLevel.Untitled'
[2017.03.20-05.29.07:324][375]LogBlueprintUserMessages: Late EndPlayMap Detection: Level '/Temp/Untitled_1.Untitled:PersistentLevel' has LevelScriptBlueprint '/Temp/Untitled_1.Untitled:PersistentLevel.Untitled' with GeneratedClass '/Temp/Untitled_1.Untitled_C' with ClassGeneratedBy '/Temp/Untitled_1.Untitled:PersistentLevel.Untitled'
[2017.03.20-05.29.09:297][607]LogSlate:Warning: Prevented a slow task dialog from being summoned while a context menu was open
[2017.03.20-05.29.13:687][131]LogTemp: Repeting last play command: Selected Viewport
[2017.03.20-05.29.13:694][131]LogBlueprintUserMessages: Early PlayInEditor Detection: Level '/Temp/Untitled_1.Untitled:PersistentLevel' has LevelScriptBlueprint '/Temp/Untitled_1.Untitled:PersistentLevel.Untitled' with GeneratedClass '/Temp/Untitled_1.Untitled_C' with ClassGeneratedBy '/Temp/Untitled_1.Untitled:PersistentLevel.Untitled'
[2017.03.20-05.29.13:694][131]LogPlayLevel: PlayLevel: No blueprints needed recompiling
[2017.03.20-05.29.13:694][131]PIE: New page: PIE session: Untitled_1 (Mar 19, 2017, 9:29:13 PM)
[2017.03.20-05.29.13:694][131]LogPlayLevel: Creating play world package: /Temp/UEDPIE_0_Untitled_1
[2017.03.20-05.29.13:695][131]LogPlayLevel: PIE: StaticDuplicateObject took: (0.000588s)
[2017.03.20-05.29.13:695][131]LogAIModule: Creating AISystem for world Untitled
[2017.03.20-05.29.13:695][131]LogPlayLevel: PIE: World Init took: (0.000422s)
[2017.03.20-05.29.13:695][131]LogPlayLevel: PIE: Created PIE world by copying editor world from /Temp/Untitled_1.Untitled to /Temp/UEDPIE_0_Untitled_1.Untitled (0.001137s)
[2017.03.20-05.29.13:719][131]LogInit: XAudio2 using 'LG ULTRAWIDE-4 (NVIDIA High Definition Audio)' : 2 channels at 48 kHz using 16 bits per sample (channel mask 0x3)
[2017.03.20-05.29.13:729][131]LogInit: FAudioDevice initialized.
[2017.03.20-05.29.13:759][131]LogLoad: Game class is 'GameMode'
[2017.03.20-05.29.13:760][131]LogWorld: Bringing World /Temp/UEDPIE_0_Untitled_1.Untitled up for play (max tick rate 0) at 2017.03.20-01.29.13
[2017.03.20-05.29.13:760][131]LogWorld: Bringing up level for play took: 0.000486
[2017.03.20-05.29.13:760][131]LogGameMode:Display: Match State Changed from EnteringMap to WaitingToStart
[2017.03.20-05.29.13:760][131]LogGameState: Match State Changed from EnteringMap to WaitingToStart
[2017.03.20-05.29.13:760][131]LogGameMode:Display: Match State Changed from WaitingToStart to InProgress
[2017.03.20-05.29.13:761][131]LogGameState: Match State Changed from WaitingToStart to InProgress
[2017.03.20-05.29.13:761][131]PIE: Info Play in editor start time for /Temp/UEDPIE_0_Untitled_1 0.435
[2017.03.20-05.29.13:761][131]LogBlueprintUserMessages: Late PlayInEditor Detection: Level '/Temp/Untitled_1.Untitled:PersistentLevel' has LevelScriptBlueprint '/Temp/Untitled_1.Untitled:PersistentLevel.Untitled' with GeneratedClass '/Temp/Untitled_1.Untitled_C' with ClassGeneratedBy '/Temp/Untitled_1.Untitled:PersistentLevel.Untitled'
[2017.03.20-05.29.26:609][595]LogBlueprintUserMessages: Early EndPlayMap Detection: Level '/Temp/Untitled_1.Untitled:PersistentLevel' has LevelScriptBlueprint '/Temp/Untitled_1.Untitled:PersistentLevel.Untitled' with GeneratedClass '/Temp/Untitled_1.Untitled_C' with ClassGeneratedBy '/Temp/Untitled_1.Untitled:PersistentLevel.Untitled'
[2017.03.20-05.29.26:642][595]LogBlueprintUserMessages: Late EndPlayMap Detection: Level '/Temp/Untitled_1.Untitled:PersistentLevel' has LevelScriptBlueprint '/Temp/Untitled_1.Untitled:PersistentLevel.Untitled' with GeneratedClass '/Temp/Untitled_1.Untitled_C' with ClassGeneratedBy '/Temp/Untitled_1.Untitled:PersistentLevel.Untitled'
[2017.03.20-05.29.35:967][665]BlueprintLog: New page: Compile Untitled
[2017.03.20-05.29.53:161][619]BlueprintLog: New page: Compile Untitled
[2017.03.20-05.29.53:165][619]LogBlueprint:Error: [Compiler PersistentLevel.Untitled] Error This blueprint (self) is not a PlayerController, therefore ' Target ' must have a connection.
[2017.03.20-05.29.53:165][619]LogBlueprint:Error: [Compiler PersistentLevel.Untitled] Error Variable node  Set bShowMouseCursor  uses an invalid target.  It may depend on a node that is not connected to the execution chain, and got purged.
[2017.03.20-05.29.53:279][619]BlueprintEditorCompileResults:Error: Error This blueprint (self) is not a PlayerController, therefore ' Target ' must have a connection.
[2017.03.20-05.29.53:279][619]BlueprintEditorCompileResults:Error: Error Variable node  Set bShowMouseCursor  uses an invalid target.  It may depend on a node that is not connected to the execution chain, and got purged.
[2017.03.20-05.29.53:280][619]LogBlueprint:Warning: [Compiler PersistentLevel.Untitled] Warning [0607.73] Compile of PersistentLevel.Untitled failed. 2 Fatal Issue(s) 0 Warning(s) [in 119 ms] (/Temp/Untitled_1.Untitled:PersistentLevel.Untitled)
[2017.03.20-05.30.12:670][841]BlueprintLog: New page: Compile Untitled
[2017.03.20-05.30.14:702][ 72]LogTemp: Repeting last play command: Selected Viewport
[2017.03.20-05.30.14:710][ 72]LogBlueprintUserMessages: Early PlayInEditor Detection: Level '/Temp/Untitled_1.Untitled:PersistentLevel' has LevelScriptBlueprint '/Temp/Untitled_1.Untitled:PersistentLevel.Untitled' with GeneratedClass '/Temp/Untitled_1.Untitled_C' with ClassGeneratedBy '/Temp/Untitled_1.Untitled:PersistentLevel.Untitled'
[2017.03.20-05.30.14:710][ 72]LogPlayLevel: PlayLevel: No blueprints needed recompiling
[2017.03.20-05.30.14:710][ 72]PIE: New page: PIE session: Untitled_1 (Mar 19, 2017, 9:30:14 PM)
[2017.03.20-05.30.14:710][ 72]LogPlayLevel: Creating play world package: /Temp/UEDPIE_0_Untitled_1
[2017.03.20-05.30.14:711][ 72]LogPlayLevel: PIE: StaticDuplicateObject took: (0.000639s)
[2017.03.20-05.30.14:711][ 72]LogAIModule: Creating AISystem for world Untitled
[2017.03.20-05.30.14:711][ 72]LogPlayLevel: PIE: World Init took: (0.000423s)
[2017.03.20-05.30.14:711][ 72]LogPlayLevel: PIE: Created PIE world by copying editor world from /Temp/Untitled_1.Untitled to /Temp/UEDPIE_0_Untitled_1.Untitled (0.001185s)
[2017.03.20-05.30.14:736][ 72]LogInit: XAudio2 using 'LG ULTRAWIDE-4 (NVIDIA High Definition Audio)' : 2 channels at 48 kHz using 16 bits per sample (channel mask 0x3)
[2017.03.20-05.30.14:748][ 72]LogInit: FAudioDevice initialized.
[2017.03.20-05.30.14:779][ 72]LogLoad: Game class is 'GameMode'
[2017.03.20-05.30.14:780][ 72]LogWorld: Bringing World /Temp/UEDPIE_0_Untitled_1.Untitled up for play (max tick rate 0) at 2017.03.20-01.30.14
[2017.03.20-05.30.14:780][ 72]LogWorld: Bringing up level for play took: 0.000503
[2017.03.20-05.30.14:780][ 72]LogGameMode:Display: Match State Changed from EnteringMap to WaitingToStart
[2017.03.20-05.30.14:780][ 72]LogGameState: Match State Changed from EnteringMap to WaitingToStart
[2017.03.20-05.30.14:780][ 72]LogGameMode:Display: Match State Changed from WaitingToStart to InProgress
[2017.03.20-05.30.14:782][ 72]LogGameState: Match State Changed from WaitingToStart to InProgress
[2017.03.20-05.30.14:782][ 72]PIE: Info Play in editor start time for /Temp/UEDPIE_0_Untitled_1 -0.544
[2017.03.20-05.30.14:782][ 72]LogBlueprintUserMessages: Late PlayInEditor Detection: Level '/Temp/Untitled_1.Untitled:PersistentLevel' has LevelScriptBlueprint '/Temp/Untitled_1.Untitled:PersistentLevel.Untitled' with GeneratedClass '/Temp/Untitled_1.Untitled_C' with ClassGeneratedBy '/Temp/Untitled_1.Untitled:PersistentLevel.Untitled'
[2017.03.20-05.30.15:832][197]LogScriptCore:Warning: Script Msg: CreateSession - Invalid or uninitialized OnlineSubsystem
[2017.03.20-05.30.15:832][197]LogScriptCore:Warning: Script Msg: CreateSession - Cannot map local player to unique net ID
[2017.03.20-05.30.15:832][197]LogBlueprintUserMessages: [MainMenu_C_3] Host Failed!
[2017.03.20-05.30.17:690][420]LogBlueprintUserMessages: Early EndPlayMap Detection: Level '/Temp/Untitled_1.Untitled:PersistentLevel' has LevelScriptBlueprint '/Temp/Untitled_1.Untitled:PersistentLevel.Untitled' with GeneratedClass '/Temp/Untitled_1.Untitled_C' with ClassGeneratedBy '/Temp/Untitled_1.Untitled:PersistentLevel.Untitled'
[2017.03.20-05.30.17:717][420]LogBlueprintUserMessages: Late EndPlayMap Detection: Level '/Temp/Untitled_1.Untitled:PersistentLevel' has LevelScriptBlueprint '/Temp/Untitled_1.Untitled:PersistentLevel.Untitled' with GeneratedClass '/Temp/Untitled_1.Untitled_C' with ClassGeneratedBy '/Temp/Untitled_1.Untitled:PersistentLevel.Untitled'
[2017.03.20-05.31.27:485][ 22]BlueprintLog: New page: Compile FirstPersonCharacter
[2017.03.20-05.31.29:757][208]LogTemp: Repeting last play command: Selected Viewport
[2017.03.20-05.31.29:765][208]LogBlueprintUserMessages: Early PlayInEditor Detection: Level '/Temp/Untitled_1.Untitled:PersistentLevel' has LevelScriptBlueprint '/Temp/Untitled_1.Untitled:PersistentLevel.Untitled' with GeneratedClass '/Temp/Untitled_1.Untitled_C' with ClassGeneratedBy '/Temp/Untitled_1.Untitled:PersistentLevel.Untitled'
[2017.03.20-05.31.29:765][208]LogPlayLevel: PlayLevel: No blueprints needed recompiling
[2017.03.20-05.31.29:765][208]PIE: New page: PIE session: Untitled_1 (Mar 19, 2017, 9:31:29 PM)
[2017.03.20-05.31.29:765][208]LogPlayLevel: Creating play world package: /Temp/UEDPIE_0_Untitled_1
[2017.03.20-05.31.29:766][208]LogPlayLevel: PIE: StaticDuplicateObject took: (0.000657s)
[2017.03.20-05.31.29:766][208]LogAIModule: Creating AISystem for world Untitled
[2017.03.20-05.31.29:766][208]LogPlayLevel: PIE: World Init took: (0.000443s)
[2017.03.20-05.31.29:767][208]LogPlayLevel: PIE: Created PIE world by copying editor world from /Temp/Untitled_1.Untitled to /Temp/UEDPIE_0_Untitled_1.Untitled (0.001256s)
[2017.03.20-05.31.29:791][208]LogInit: XAudio2 using 'LG ULTRAWIDE-4 (NVIDIA High Definition Audio)' : 2 channels at 48 kHz using 16 bits per sample (channel mask 0x3)
[2017.03.20-05.31.29:802][208]LogInit: FAudioDevice initialized.
[2017.03.20-05.31.29:829][208]LogLoad: Game class is 'GameMode'
[2017.03.20-05.31.29:830][208]LogWorld: Bringing World /Temp/UEDPIE_0_Untitled_1.Untitled up for play (max tick rate 0) at 2017.03.20-01.31.29
[2017.03.20-05.31.29:830][208]LogWorld: Bringing up level for play took: 0.000475
[2017.03.20-05.31.29:831][208]LogGameMode:Display: Match State Changed from EnteringMap to WaitingToStart
[2017.03.20-05.31.29:831][208]LogGameState: Match State Changed from EnteringMap to WaitingToStart
[2017.03.20-05.31.29:831][208]LogGameMode:Display: Match State Changed from WaitingToStart to InProgress
[2017.03.20-05.31.29:831][208]LogGameState: Match State Changed from WaitingToStart to InProgress
[2017.03.20-05.31.29:832][208]PIE: Info Play in editor start time for /Temp/UEDPIE_0_Untitled_1 0.506
[2017.03.20-05.31.29:832][208]LogBlueprintUserMessages: Late PlayInEditor Detection: Level '/Temp/Untitled_1.Untitled:PersistentLevel' has LevelScriptBlueprint '/Temp/Untitled_1.Untitled:PersistentLevel.Untitled' with GeneratedClass '/Temp/Untitled_1.Untitled_C' with ClassGeneratedBy '/Temp/Untitled_1.Untitled:PersistentLevel.Untitled'
[2017.03.20-05.31.31:320][386]LogBlueprintUserMessages: Early EndPlayMap Detection: Level '/Temp/Untitled_1.Untitled:PersistentLevel' has LevelScriptBlueprint '/Temp/Untitled_1.Untitled:PersistentLevel.Untitled' with GeneratedClass '/Temp/Untitled_1.Untitled_C' with ClassGeneratedBy '/Temp/Untitled_1.Untitled:PersistentLevel.Untitled'
[2017.03.20-05.31.31:350][386]LogBlueprintUserMessages: Late EndPlayMap Detection: Level '/Temp/Untitled_1.Untitled:PersistentLevel' has LevelScriptBlueprint '/Temp/Untitled_1.Untitled:PersistentLevel.Untitled' with GeneratedClass '/Temp/Untitled_1.Untitled_C' with ClassGeneratedBy '/Temp/Untitled_1.Untitled:PersistentLevel.Untitled'
[2017.03.20-05.32.00:867][107]LogTemp: Repeting last play command: Selected Viewport
[2017.03.20-05.32.00:874][107]LogBlueprintUserMessages: Early PlayInEditor Detection: Level '/Temp/Untitled_1.Untitled:PersistentLevel' has LevelScriptBlueprint '/Temp/Untitled_1.Untitled:PersistentLevel.Untitled' with GeneratedClass '/Temp/Untitled_1.Untitled_C' with ClassGeneratedBy '/Temp/Untitled_1.Untitled:PersistentLevel.Untitled'
[2017.03.20-05.32.00:874][107]LogPlayLevel: PlayLevel: No blueprints needed recompiling
[2017.03.20-05.32.00:874][107]PIE: New page: PIE session: Untitled_1 (Mar 19, 2017, 9:32:00 PM)
[2017.03.20-05.32.00:874][107]LogPlayLevel: Creating play world package: /Temp/UEDPIE_0_Untitled_1
[2017.03.20-05.32.00:875][107]LogPlayLevel: PIE: StaticDuplicateObject took: (0.000634s)
[2017.03.20-05.32.00:875][107]LogAIModule: Creating AISystem for world Untitled
[2017.03.20-05.32.00:876][107]LogPlayLevel: PIE: World Init took: (0.000444s)
[2017.03.20-05.32.00:876][107]LogPlayLevel: PIE: Created PIE world by copying editor world from /Temp/Untitled_1.Untitled to /Temp/UEDPIE_0_Untitled_1.Untitled (0.001209s)
[2017.03.20-05.32.00:899][107]LogInit: XAudio2 using 'LG ULTRAWIDE-4 (NVIDIA High Definition Audio)' : 2 channels at 48 kHz using 16 bits per sample (channel mask 0x3)
[2017.03.20-05.32.00:910][107]LogInit: FAudioDevice initialized.
[2017.03.20-05.32.00:936][107]LogLoad: Game class is 'GameMode'
[2017.03.20-05.32.00:937][107]LogWorld: Bringing World /Temp/UEDPIE_0_Untitled_1.Untitled up for play (max tick rate 0) at 2017.03.20-01.32.00
[2017.03.20-05.32.00:937][107]LogWorld: Bringing up level for play took: 0.000483
[2017.03.20-05.32.00:937][107]LogGameMode:Display: Match State Changed from EnteringMap to WaitingToStart
[2017.03.20-05.32.00:937][107]LogGameState: Match State Changed from EnteringMap to WaitingToStart
[2017.03.20-05.32.00:937][107]LogGameMode:Display: Match State Changed from WaitingToStart to InProgress
[2017.03.20-05.32.00:938][107]LogGameState: Match State Changed from WaitingToStart to InProgress
[2017.03.20-05.32.00:938][107]PIE: Info Play in editor start time for /Temp/UEDPIE_0_Untitled_1 -0.388
[2017.03.20-05.32.00:938][107]LogBlueprintUserMessages: Late PlayInEditor Detection: Level '/Temp/Untitled_1.Untitled:PersistentLevel' has LevelScriptBlueprint '/Temp/Untitled_1.Untitled:PersistentLevel.Untitled' with GeneratedClass '/Temp/Untitled_1.Untitled_C' with ClassGeneratedBy '/Temp/Untitled_1.Untitled:PersistentLevel.Untitled'
[2017.03.20-05.32.01:460][169]LogScriptCore:Warning: Script Msg: CreateSession - Invalid or uninitialized OnlineSubsystem
[2017.03.20-05.32.01:460][169]LogScriptCore:Warning: Script Msg: CreateSession - Cannot map local player to unique net ID
[2017.03.20-05.32.01:460][169]LogBlueprintUserMessages: [MainMenu_C_5] Host Failed!
[2017.03.20-05.32.02:780][327]LogBlueprintUserMessages: Early EndPlayMap Detection: Level '/Temp/Untitled_1.Untitled:PersistentLevel' has LevelScriptBlueprint '/Temp/Untitled_1.Untitled:PersistentLevel.Untitled' with GeneratedClass '/Temp/Untitled_1.Untitled_C' with ClassGeneratedBy '/Temp/Untitled_1.Untitled:PersistentLevel.Untitled'
[2017.03.20-05.32.02:808][327]LogBlueprintUserMessages: Late EndPlayMap Detection: Level '/Temp/Untitled_1.Untitled:PersistentLevel' has LevelScriptBlueprint '/Temp/Untitled_1.Untitled:PersistentLevel.Untitled' with GeneratedClass '/Temp/Untitled_1.Untitled_C' with ClassGeneratedBy '/Temp/Untitled_1.Untitled:PersistentLevel.Untitled'
[2017.03.20-05.32.39:937][489]LogSavePackage: Save=56.31ms
[2017.03.20-05.32.39:937][489]LogSavePackage: Moving '../../../../../../Users/xiaobei/Downloads/Prototype/Saved/FirstPersonCharacter0A76B0EB4D86CE54F8B5A4876DEF72D2.tmp' to '../../../../../../Users/xiaobei/Downloads/Prototype/Content/FirstPersonBP/Blueprints/FirstPersonCharacter.uasset'
[2017.03.20-05.32.39:942][489]LogSavePackage:Display: Finished SavePackage ../../../../../../Users/xiaobei/Downloads/Prototype/Content/FirstPersonBP/Blueprints/FirstPersonCharacter.uasset
[2017.03.20-05.32.39:947][489]Cmd: OBJ SAVEPACKAGE PACKAGE="/Game/MainMenu" FILE="../../../../../../Users/xiaobei/Downloads/Prototype/Content/MainMenu.uasset" SILENT=true
[2017.03.20-05.32.39:964][489]LogSavePackage: Save=14.92ms
[2017.03.20-05.32.39:964][489]LogSavePackage: Moving '../../../../../../Users/xiaobei/Downloads/Prototype/Saved/MainMenu9C92568244956C657F2B8C8914315F14.tmp' to '../../../../../../Users/xiaobei/Downloads/Prototype/Content/MainMenu.uasset'
[2017.03.20-05.32.39:969][489]LogSavePackage:Display: Finished SavePackage ../../../../../../Users/xiaobei/Downloads/Prototype/Content/MainMenu.uasset
[2017.03.20-05.32.49:257][489]Cmd: OBJ SAVEPACKAGE PACKAGE="/Game/MenuMap" FILE="../../../../../../Users/xiaobei/Downloads/Prototype/Content/MenuMap.umap" SILENT=true AUTOSAVING=false KEEPDIRTY=false
[2017.03.20-05.32.49:332][489]LogSavePackage: Save=63.50ms
[2017.03.20-05.32.49:332][489]LogSavePackage: Moving '../../../../../../Users/xiaobei/Downloads/Prototype/Saved/MenuMap6DB7D1AD4D30B9F3BCA54B9421FCB239.tmp' to '../../../../../../Users/xiaobei/Downloads/Prototype/Content/MenuMap.umap'
[2017.03.20-05.32.49:336][489]LogSavePackage:Display: Finished SavePackage ../../../../../../Users/xiaobei/Downloads/Prototype/Content/MenuMap.umap
[2017.03.20-05.32.49:348][489]LogFileHelpers: Saving map 'MenuMap' took 0.406
[2017.03.20-05.32.51:588][729]Cmd: QUIT_EDITOR
[2017.03.20-05.32.51:840][729]LogWindowsTextInputMethodSystem:Display: IME system now deactivated.
[2017.03.20-05.32.51:840][729]LogWindowsTextInputMethodSystem:Display: IME system now deactivated.
[2017.03.20-05.32.51:857][729]LogExit: Preparing to exit.
[2017.03.20-05.32.52:220][729]LogDirectoryWatcher: A directory notification for 'C:/Users/xiaobei/Downloads/Prototype/Content/' was aborted.
[2017.03.20-05.32.52:246][729]LogExit: Editor shut down
[2017.03.20-05.32.52:247][729]LogExit: Transaction tracking system shut down
[2017.03.20-05.32.52:354][729]LogObj: Freed 0b from 0 cluster array pools.
[2017.03.20-05.32.52:354][729]LogExit: Object subsystem successfully closed.
[2017.03.20-05.32.52:392][729]LogD3D11RHI: Shutdown
[2017.03.20-05.32.52:392][729]LogD3D11RHI: CleanupD3DDevice
[2017.03.20-05.32.52:488][729]LogD3D11RHI: ~FD3D11DynamicRHI
[2017.03.20-05.32.52:517][729]LogModuleManager: Shutting down and abandoning module SequencerWidgets (506)
[2017.03.20-05.32.52:517][729]LogModuleManager: Shutting down and abandoning module BlueprintGraph (504)
[2017.03.20-05.32.52:517][729]LogModuleManager: Shutting down and abandoning module BlueprintProfiler (502)
[2017.03.20-05.32.52:519][729]LogModuleManager: Shutting down and abandoning module NewLevelDialog (500)
[2017.03.20-05.32.52:519][729]LogModuleManager: Shutting down and abandoning module MovieSceneCapture (498)
[2017.03.20-05.32.52:519][729]LogModuleManager: Shutting down and abandoning module HierarchicalLODOutliner (496)
[2017.03.20-05.32.52:519][729]LogModuleManager: Shutting down and abandoning module CrashTracker (494)
[2017.03.20-05.32.52:519][729]LogModuleManager: Shutting down and abandoning module SceneOutliner (492)
[2017.03.20-05.32.52:519][729]LogModuleManager: Shutting down and abandoning module AddContentDialog (490)
[2017.03.20-05.32.52:519][729]LogDirectoryWatcher: A directory notification for 'C:/Program Files/Epic Games/UE_4.15/FeaturePacks/' was aborted.
[2017.03.20-05.32.52:520][729]LogModuleManager: Shutting down and abandoning module WidgetCarousel (489)
[2017.03.20-05.32.52:520][729]LogModuleManager: Shutting down and abandoning module EditorWidgets (486)
[2017.03.20-05.32.52:520][729]LogModuleManager: Shutting down and abandoning module CollectionManager (484)
[2017.03.20-05.32.52:521][729]LogDirectoryWatcher: A directory notification for 'C:/Users/xiaobei/Downloads/Prototype/Content/Collections/' was aborted.
[2017.03.20-05.32.52:521][729]LogDirectoryWatcher: A directory notification for 'C:/Users/xiaobei/Downloads/Prototype/Content/Developers/xiaobei/Collections/' was aborted.
[2017.03.20-05.32.52:521][729]LogDirectoryWatcher: A directory notification for 'C:/Users/xiaobei/Downloads/Prototype/Saved/Collections/' was aborted.
[2017.03.20-05.32.52:521][729]LogModuleManager: Shutting down and abandoning module StatsViewer (482)
[2017.03.20-05.32.52:521][729]LogModuleManager: Shutting down and abandoning module FoliageEdit (480)
[2017.03.20-05.32.52:521][729]LogModuleManager: Shutting down and abandoning module LandscapeEditor (478)
[2017.03.20-05.32.52:522][729]LogModuleManager: Shutting down and abandoning module SceneDepthPickerMode (476)
[2017.03.20-05.32.52:522][729]LogModuleManager: Shutting down and abandoning module ActorPickerMode (474)
[2017.03.20-05.32.52:522][729]LogModuleManager: Shutting down and abandoning module GeometryMode (472)
[2017.03.20-05.32.52:522][729]LogModuleManager: Shutting down and abandoning module TextureAlignMode (470)
[2017.03.20-05.32.52:522][729]LogModuleManager: Shutting down and abandoning module BspMode (468)
[2017.03.20-05.32.52:522][729]LogModuleManager: Shutting down and abandoning module HardwareSurvey (466)
[2017.03.20-05.32.52:522][729]LogModuleManager: Shutting down and abandoning module SequenceRecorderSections (464)
[2017.03.20-05.32.52:522][729]LogModuleManager: Shutting down and abandoning module AutomationWorker (462)
[2017.03.20-05.32.52:522][729]LogModuleManager: Shutting down and abandoning module MatineeToLevelSequence (460)
[2017.03.20-05.32.52:522][729]LogModuleManager: Shutting down and abandoning module LevelSequenceEditor (458)
[2017.03.20-05.32.52:524][729]LogModuleManager: Shutting down and abandoning module PlacementMode (457)
[2017.03.20-05.32.52:524][729]LogModuleManager: Shutting down and abandoning module WmfMediaFactory (454)
[2017.03.20-05.32.52:524][729]LogModuleManager: Shutting down and abandoning module WmfMediaEditor (452)
[2017.03.20-05.32.52:524][729]LogModuleManager: Shutting down and abandoning module MfMediaFactory (450)
[2017.03.20-05.32.52:524][729]LogModuleManager: Shutting down and abandoning module MfMediaEditor (448)
[2017.03.20-05.32.52:524][729]LogModuleManager: Shutting down and abandoning module AvfMediaFactory (446)
[2017.03.20-05.32.52:524][729]LogModuleManager: Shutting down and abandoning module AvfMediaEditor (444)
[2017.03.20-05.32.52:524][729]LogModuleManager: Shutting down and abandoning module AndroidMediaFactory (442)
[2017.03.20-05.32.52:524][729]LogModuleManager: Shutting down and abandoning module Media (441)
[2017.03.20-05.32.52:524][729]LogModuleManager: Shutting down and abandoning module AndroidMediaEditor (438)
[2017.03.20-05.32.52:524][729]LogModuleManager: Shutting down and abandoning module CharacterAI (436)
[2017.03.20-05.32.52:524][729]LogModuleManager: Shutting down and abandoning module AudioCapture (434)
[2017.03.20-05.32.52:524][729]LogModuleManager: Shutting down and abandoning module SequenceRecorder (433)
[2017.03.20-05.32.52:525][729]LogModuleManager: Shutting down and abandoning module SmartSnapping (430)
[2017.03.20-05.32.52:525][729]LogModuleManager: Shutting down and abandoning module SessionServices (428)
[2017.03.20-05.32.52:525][729]LogModuleManager: Shutting down and abandoning module ViewportSnapping (426)
[2017.03.20-05.32.52:525][729]LogModuleManager: Shutting down and abandoning module ViewportInteraction (424)
[2017.03.20-05.32.52:525][729]LogModuleManager: Shutting down and abandoning module LogVisualizer (422)
[2017.03.20-05.32.52:526][729]LogModuleManager: Shutting down and abandoning module IntroTutorials (420)
[2017.03.20-05.32.52:526][729]LogModuleManager: Shutting down and abandoning module GameProjectGeneration (419)
[2017.03.20-05.32.52:527][729]LogModuleManager: Shutting down and abandoning module EditorLiveStreaming (416)
[2017.03.20-05.32.52:527][729]LogModuleManager: Shutting down and abandoning module IOSPlatformEditor (414)
[2017.03.20-05.32.52:527][729]LogModuleManager: Shutting down and abandoning module HTML5PlatformEditor (412)
[2017.03.20-05.32.52:527][729]LogModuleManager: Shutting down and abandoning module AndroidPlatformEditor (410)
[2017.03.20-05.32.52:527][729]LogModuleManager: Shutting down and abandoning module AndroidDeviceDetection (409)
[2017.03.20-05.32.53:140][729]LogModuleManager: Shutting down and abandoning module IOSRuntimeSettings (406)
[2017.03.20-05.32.53:140][729]LogModuleManager: Shutting down and abandoning module AndroidRuntimeSettings (404)
[2017.03.20-05.32.53:140][729]LogModuleManager: Shutting down and abandoning module InputBindingEditor (402)
[2017.03.20-05.32.53:140][729]LogModuleManager: Shutting down and abandoning module NiagaraEditor (400)
[2017.03.20-05.32.53:142][729]LogModuleManager: Shutting down and abandoning module MergeActors (398)
[2017.03.20-05.32.53:142][729]LogModuleManager: Shutting down and abandoning module SizeMap (396)
[2017.03.20-05.32.53:142][729]LogModuleManager: Shutting down and abandoning module TreeMap (394)
[2017.03.20-05.32.53:143][729]LogModuleManager: Shutting down and abandoning module ReferenceViewer (392)
[2017.03.20-05.32.53:143][729]LogModuleManager: Shutting down and abandoning module LocalizationDashboard (390)
[2017.03.20-05.32.53:143][729]LogModuleManager: Shutting down and abandoning module LocalizationService (389)
[2017.03.20-05.32.53:144][729]LogModuleManager: Shutting down and abandoning module HardwareTargeting (386)
[2017.03.20-05.32.53:144][729]LogModuleManager: Shutting down and abandoning module DeviceProfileEditor (384)
[2017.03.20-05.32.53:144][729]LogModuleManager: Shutting down and abandoning module UndoHistory (382)
[2017.03.20-05.32.53:144][729]LogModuleManager: Shutting down and abandoning module UserFeedback (380)
[2017.03.20-05.32.53:144][729]LogModuleManager: Shutting down and abandoning module XmlParser (378)
[2017.03.20-05.32.53:144][729]LogModuleManager: Shutting down and abandoning module Blutility (376)
[2017.03.20-05.32.53:145][729]LogModuleManager: Shutting down and abandoning module ProjectSettingsViewer (374)
[2017.03.20-05.32.53:145][729]LogModuleManager: Shutting down and abandoning module ProjectTargetPlatformEditor (373)
[2017.03.20-05.32.53:145][729]LogModuleManager: Shutting down and abandoning module EditorSettingsViewer (370)
[2017.03.20-05.32.53:145][729]LogModuleManager: Shutting down and abandoning module SettingsEditor (368)
[2017.03.20-05.32.53:145][729]LogModuleManager: Shutting down and abandoning module ProjectLauncher (366)
[2017.03.20-05.32.53:145][729]LogModuleManager: Shutting down and abandoning module SessionFrontend (364)
[2017.03.20-05.32.53:146][729]LogModuleManager: Shutting down and abandoning module ProfilerClient (362)
[2017.03.20-05.32.53:146][729]LogModuleManager: Shutting down and abandoning module DeviceManager (360)
[2017.03.20-05.32.53:147][729]LogModuleManager: Shutting down and abandoning module TargetDeviceServices (359)
[2017.03.20-05.32.53:189][729]LogModuleManager: Shutting down and abandoning module AutomationController (356)
[2017.03.20-05.32.53:189][729]LogModuleManager: Shutting down and abandoning module AutomationWindow (354)
[2017.03.20-05.32.53:190][729]LogModuleManager: Shutting down and abandoning module Layers (352)
[2017.03.20-05.32.53:192][729]LogModuleManager: Shutting down and abandoning module ComponentVisualizers (350)
[2017.03.20-05.32.53:192][729]LogModuleManager: Shutting down and abandoning module DetailCustomizations (348)
[2017.03.20-05.32.53:192][729]LogModuleManager: Shutting down and abandoning module PackagesDialog (346)
[2017.03.20-05.32.53:192][729]LogModuleManager: Shutting down and abandoning module Persona (344)
[2017.03.20-05.32.53:193][729]LogModuleManager: Shutting down and abandoning module AnimGraph (343)
[2017.03.20-05.32.53:193][729]LogModuleManager: Shutting down and abandoning module Kismet (340)
[2017.03.20-05.32.53:203][729]LogModuleManager: Shutting down and abandoning module GraphEditor (338)
[2017.03.20-05.32.53:203][729]LogModuleManager: Shutting down and abandoning module ClassViewer (336)
[2017.03.20-05.32.53:205][729]LogModuleManager: Shutting down and abandoning module Toolbox (334)
[2017.03.20-05.32.53:205][729]LogModuleManager: Shutting down and abandoning module ModuleUI (332)
[2017.03.20-05.32.53:206][729]LogModuleManager: Shutting down and abandoning module MovieSceneTools (330)
[2017.03.20-05.32.53:206][729]LogModuleManager: Shutting down and abandoning module OutputLog (328)
[2017.03.20-05.32.53:206][729]LogModuleManager: Shutting down and abandoning module GammaUI (326)
[2017.03.20-05.32.53:206][729]LogModuleManager: Shutting down and abandoning module Documentation (324)
[2017.03.20-05.32.53:206][729]LogModuleManager: Shutting down and abandoning module Niagara (322)
[2017.03.20-05.32.53:206][729]LogModuleManager: Shutting down and abandoning module StreamingPauseRendering (320)
[2017.03.20-05.32.53:206][729]LogModuleManager: Shutting down and abandoning module AnalyticsET (318)
[2017.03.20-05.32.53:206][729]LogModuleManager: Shutting down and abandoning module PortalServices (316)
[2017.03.20-05.32.53:206][729]LogModuleManager: Shutting down and abandoning module PortalRpc (314)
[2017.03.20-05.32.53:206][729]LogModuleManager: Shutting down and abandoning module MessagingRpc (312)
[2017.03.20-05.32.53:207][729]LogModuleManager: Shutting down and abandoning module AIModule (310)
[2017.03.20-05.32.53:207][729]LogModuleManager: Shutting down and abandoning module GameplayDebugger (309)
[2017.03.20-05.32.53:207][729]LogModuleManager: Shutting down and abandoning module AITestSuite (307)
[2017.03.20-05.32.53:207][729]LogModuleManager: Shutting down and abandoning module ProfilerService (304)
[2017.03.20-05.32.53:219][729]LogModuleManager: Shutting down and abandoning module TaskGraph (302)
[2017.03.20-05.32.53:220][729]LogModuleManager: Shutting down and abandoning module SteamVRController (300)
[2017.03.20-05.32.53:220][729]LogModuleManager: Shutting down and abandoning module SteamVR (298)
[2017.03.20-05.32.53:220][729]LogModuleManager: Shutting down and abandoning module ProceduralMeshComponentEditor (296)
[2017.03.20-05.32.53:220][729]LogModuleManager: Shutting down and abandoning module ProceduralMeshComponent (294)
[2017.03.20-05.32.53:220][729]LogModuleManager: Shutting down and abandoning module OculusLibrary (292)
[2017.03.20-05.32.53:220][729]LogModuleManager: Shutting down and abandoning module OculusInput (290)
[2017.03.20-05.32.53:220][729]LogModuleManager: Shutting down and abandoning module MobilePatchingUtils (288)
[2017.03.20-05.32.53:220][729]LogModuleManager: Shutting down and abandoning module CustomMeshComponent (286)
[2017.03.20-05.32.53:220][729]LogModuleManager: Shutting down and abandoning module CableComponent (284)
[2017.03.20-05.32.53:220][729]LogModuleManager: Shutting down and abandoning module ArchVisCharacter (282)
[2017.03.20-05.32.53:220][729]LogModuleManager: Shutting down and abandoning module MediaPlayerEditor (278)
[2017.03.20-05.32.53:222][729]LogModuleManager: Shutting down and abandoning module HTML5Networking (276)
[2017.03.20-05.32.53:222][729]LogModuleManager: Shutting down and abandoning module AlembicImporter (274)
[2017.03.20-05.32.53:222][729]LogModuleManager: Shutting down and abandoning module AlembicLibrary (273)
[2017.03.20-05.32.53:222][729]LogModuleManager: Shutting down and abandoning module GeometryCache (272)
[2017.03.20-05.32.53:222][729]LogModuleManager: Shutting down and abandoning module GeometryCacheEd (271)
[2017.03.20-05.32.53:222][729]LogModuleManager: Shutting down and abandoning module SuperSearchEditor (266)
[2017.03.20-05.32.53:222][729]LogModuleManager: Shutting down and abandoning module SuperSearch (265)
[2017.03.20-05.32.53:222][729]LogModuleManager: Shutting down and abandoning module SpeedTreeImporter (262)
[2017.03.20-05.32.53:222][729]LogModuleManager: Shutting down and abandoning module PluginBrowser (260)
[2017.03.20-05.32.53:223][729]LogModuleManager: Shutting down and abandoning module MobileLauncherProfileWizard (258)
[2017.03.20-05.32.53:224][729]LogModuleManager: Shutting down and abandoning module EpicSurvey (256)
[2017.03.20-05.32.53:224][729]LogModuleManager: Shutting down and abandoning module VisualStudioSourceCodeAccess (254)
[2017.03.20-05.32.53:224][729]LogModuleManager: Shutting down and abandoning module DesktopPlatform (253)
[2017.03.20-05.32.53:224][729]LogModuleManager: Shutting down and abandoning module UObjectPlugin (250)
[2017.03.20-05.32.53:224][729]LogModuleManager: Shutting down and abandoning module SubversionSourceControl (248)
[2017.03.20-05.32.53:224][729]LogModuleManager: Shutting down and abandoning module PerforceSourceControl (246)
[2017.03.20-05.32.53:225][729]LogModuleManager: Shutting down and abandoning module GitSourceControl (244)
[2017.03.20-05.32.53:225][729]LogModuleManager: Shutting down and abandoning module SourceControl (243)
[2017.03.20-05.32.53:226][729]LogModuleManager: Shutting down and abandoning module LightPropagationVolumeEditor (240)
[2017.03.20-05.32.53:226][729]LogModuleManager: Shutting down and abandoning module PaperTiledImporter (238)
[2017.03.20-05.32.53:226][729]LogModuleManager: Shutting down and abandoning module PaperSpriteSheetImporter (236)
[2017.03.20-05.32.53:226][729]LogModuleManager: Shutting down and abandoning module Paper2DEditor (234)
[2017.03.20-05.32.53:226][729]LogModuleManager: Shutting down and abandoning module MeshPaint (233)
[2017.03.20-05.32.53:227][729]LogModuleManager: Shutting down and abandoning module LevelEditor (231)
[2017.03.20-05.32.53:228][729]LogModuleManager: Shutting down and abandoning module PixelInspectorModule (230)
[2017.03.20-05.32.53:228][729]LogModuleManager: Shutting down and abandoning module MainFrame (228)
[2017.03.20-05.32.53:228][729]LogModuleManager: Shutting down and abandoning module HotReload (227)
[2017.03.20-05.32.53:230][729]LogModuleManager: Shutting down and abandoning module ContentBrowser (223)
[2017.03.20-05.32.53:231][729]LogModuleManager: Shutting down and abandoning module PhysXVehiclesEditor (220)
[2017.03.20-05.32.53:231][729]LogModuleManager: Shutting down and abandoning module PhysXVehicles (218)
[2017.03.20-05.32.53:231][729]LogModuleManager: Shutting down and abandoning module LocationServicesBPLibrary (216)
[2017.03.20-05.32.53:231][729]LogModuleManager: Shutting down and abandoning module UdpMessaging (214)
[2017.03.20-05.32.53:331][729]LogModuleManager: Shutting down and abandoning module TcpMessaging (212)
[2017.03.20-05.32.53:432][729]LogModuleManager: Shutting down and abandoning module GameplayTagsEditor (210)
[2017.03.20-05.32.53:433][729]LogModuleManager: Shutting down and abandoning module FacialAnimationEditor (208)
[2017.03.20-05.32.53:433][729]LogModuleManager: Shutting down and abandoning module FacialAnimation (206)
[2017.03.20-05.32.53:433][729]LogModuleManager: Shutting down and abandoning module LightPropagationVolumeRuntime (204)
[2017.03.20-05.32.53:434][729]LogModuleManager: Shutting down and abandoning module Paper2D (202)
[2017.03.20-05.32.53:434][729]LogModuleManager: Shutting down and abandoning module WindowsMoviePlayer (200)
[2017.03.20-05.32.53:434][729]LogModuleManager: Shutting down and abandoning module WmfMedia (198)
[2017.03.20-05.32.53:434][729]LogModuleManager: Shutting down and abandoning module MfMedia (196)
[2017.03.20-05.32.53:434][729]LogModuleManager: Shutting down and abandoning module MediaAssets (194)
[2017.03.20-05.32.53:434][729]LogModuleManager: Shutting down and abandoning module GameLiveStreaming (192)
[2017.03.20-05.32.53:435][729]LogModuleManager: Shutting down and abandoning module VREditor (190)
[2017.03.20-05.32.53:435][729]LogModuleManager: Shutting down and abandoning module GameplayTasksEditor (188)
[2017.03.20-05.32.53:435][729]LogModuleManager: Shutting down and abandoning module BehaviorTreeEditor (186)
[2017.03.20-05.32.53:436][729]LogModuleManager: Shutting down and abandoning module FunctionalTesting (184)
[2017.03.20-05.32.53:437][729]LogModuleManager: Shutting down and abandoning module CollisionAnalyzer (182)
[2017.03.20-05.32.53:437][729]LogModuleManager: Shutting down and abandoning module UMG (180)
[2017.03.20-05.32.53:437][729]LogModuleManager: Shutting down and abandoning module UMGEditor (179)
[2017.03.20-05.32.53:438][729]LogModuleManager: Shutting down and abandoning module Sequencer (178)
[2017.03.20-05.32.53:438][729]LogModuleManager: Shutting down and abandoning module AssetTools (176)
[2017.03.20-05.32.53:440][729]LogModuleManager: Shutting down and abandoning module MessageLog (175)
[2017.03.20-05.32.53:440][729]LogModuleManager: Shutting down and abandoning module WorkspaceMenuStructure (174)
[2017.03.20-05.32.53:440][729]LogModuleManager: Shutting down and abandoning module SlateReflector (168)
[2017.03.20-05.32.53:442][729]LogModuleManager: Shutting down and abandoning module Slate (166)
[2017.03.20-05.32.53:442][729]LogModuleManager: Shutting down and abandoning module EditorStyle (164)
[2017.03.20-05.32.53:451][729]LogModuleManager: Shutting down and abandoning module SourceCodeAccess (162)
[2017.03.20-05.32.53:451][729]LogModuleManager: Shutting down and abandoning module HeadMountedDisplay (160)
[2017.03.20-05.32.53:451][729]LogModuleManager: Shutting down and abandoning module XAudio2 (158)
[2017.03.20-05.32.53:451][729]LogModuleManager: Shutting down and abandoning module Networking (156)
[2017.03.20-05.32.53:451][729]LogModuleManager: Shutting down and abandoning module Core (152)
[2017.03.20-05.32.53:451][729]LogModuleManager: Shutting down and abandoning module AssetRegistry (150)
[2017.03.20-05.32.53:695][729]LogDirectoryWatcher: A directory notification for '../../../Engine/Content/' was aborted.
[2017.03.20-05.32.53:695][729]LogDirectoryWatcher: A directory notification for '../../../../../../Users/xiaobei/Downloads/Prototype/Content/' was aborted.
[2017.03.20-05.32.53:695][729]LogDirectoryWatcher: A directory notification for '../../../Engine/Plugins/2D/Paper2D/Content/' was aborted.
[2017.03.20-05.32.53:696][729]LogModuleManager: Shutting down and abandoning module DirectoryWatcher (149)
[2017.03.20-05.32.53:696][729]LogModuleManager: Shutting down and abandoning module KismetCompiler (146)
[2017.03.20-05.32.53:696][729]LogModuleManager: Shutting down and abandoning module PhysXFormats (144)
[2017.03.20-05.32.53:696][729]LogModuleManager: Shutting down and abandoning module MeshUtilities (142)
[2017.03.20-05.32.53:697][729]LogModuleManager: Shutting down and abandoning module SimplygonSwarm (141)
[2017.03.20-05.32.53:697][729]LogModuleManager: Shutting down and abandoning module SimplygonMeshReduction (139)
[2017.03.20-05.32.53:697][729]LogModuleManager: Shutting down and abandoning module QuadricMeshReduction (137)
[2017.03.20-05.32.53:697][729]LogModuleManager: Shutting down and abandoning module PropertyEditor (135)
[2017.03.20-05.32.53:697][729]LogModuleManager: Shutting down and abandoning module DerivedDataCache (132)
[2017.03.20-05.32.53:707][729]LogDerivedDataCache: Shutdown
[2017.03.20-05.32.53:707][729]LogModuleManager: Shutting down and abandoning module TargetPlatform (130)
[2017.03.20-05.32.53:707][729]LogModuleManager: Shutting down and abandoning module VulkanShaderFormat (129)
[2017.03.20-05.32.53:708][729]LogModuleManager: Shutting down and abandoning module ShaderFormatOpenGL (127)
[2017.03.20-05.32.53:708][729]LogModuleManager: Shutting down and abandoning module ShaderFormatD3D (125)
[2017.03.20-05.32.53:708][729]LogModuleManager: Shutting down and abandoning module MetalShaderFormat (123)
[2017.03.20-05.32.53:708][729]LogModuleManager: Shutting down and abandoning module TextureFormatUncompressed (121)
[2017.03.20-05.32.53:708][729]LogModuleManager: Shutting down and abandoning module TextureFormatPVR (119)
[2017.03.20-05.32.53:708][729]LogModuleManager: Shutting down and abandoning module TextureFormatDXT (117)
[2017.03.20-05.32.53:708][729]LogModuleManager: Shutting down and abandoning module TextureFormatIntelISPCTexComp (115)
[2017.03.20-05.32.53:709][729]LogModuleManager: Shutting down and abandoning module TextureFormatASTC (113)
[2017.03.20-05.32.53:709][729]LogModuleManager: Shutting down and abandoning module ImageWrapper (112)
[2017.03.20-05.32.53:709][729]LogModuleManager: Shutting down and abandoning module TextureFormatAndroid (109)
[2017.03.20-05.32.53:709][729]LogModuleManager: Shutting down and abandoning module AudioFormatOpus (107)
[2017.03.20-05.32.53:709][729]LogModuleManager: Shutting down and abandoning module AudioFormatOgg (105)
[2017.03.20-05.32.53:709][729]LogModuleManager: Shutting down and abandoning module AudioFormatADPCM (103)
[2017.03.20-05.32.53:709][729]LogModuleManager: Shutting down and abandoning module LinuxTargetPlatform (101)
[2017.03.20-05.32.53:709][729]LogModuleManager: Shutting down and abandoning module LinuxServerTargetPlatform (99)
[2017.03.20-05.32.53:709][729]LogModuleManager: Shutting down and abandoning module LinuxNoEditorTargetPlatform (97)
[2017.03.20-05.32.53:709][729]LogModuleManager: Shutting down and abandoning module LinuxClientTargetPlatform (95)
[2017.03.20-05.32.53:709][729]LogModuleManager: Shutting down and abandoning module TVOSTargetPlatform (93)
[2017.03.20-05.32.53:709][729]LogModuleManager: Shutting down and abandoning module Messaging (91)
[2017.03.20-05.32.53:709][729]LogModuleManager: Shutting down and abandoning module IOSTargetPlatform (89)
[2017.03.20-05.32.53:709][729]LogModuleManager: Shutting down and abandoning module HTML5TargetPlatform (87)
[2017.03.20-05.32.53:709][729]LogModuleManager: Shutting down and abandoning module Android_PVRTCTargetPlatform (85)
[2017.03.20-05.32.53:709][729]LogModuleManager: Shutting down and abandoning module Android_MultiTargetPlatform (83)
[2017.03.20-05.32.53:709][729]LogModuleManager: Shutting down and abandoning module Android_ETC2TargetPlatform (81)
[2017.03.20-05.32.53:709][729]LogModuleManager: Shutting down and abandoning module Android_ETC1TargetPlatform (79)
[2017.03.20-05.32.53:709][729]LogModuleManager: Shutting down and abandoning module Android_DXTTargetPlatform (77)
[2017.03.20-05.32.53:709][729]LogModuleManager: Shutting down and abandoning module Android_ATCTargetPlatform (75)
[2017.03.20-05.32.53:709][729]LogModuleManager: Shutting down and abandoning module Android_ASTCTargetPlatform (73)
[2017.03.20-05.32.53:709][729]LogModuleManager: Shutting down and abandoning module AndroidTargetPlatform (71)
[2017.03.20-05.32.53:709][729]LogModuleManager: Shutting down and abandoning module WindowsTargetPlatform (69)
[2017.03.20-05.32.53:709][729]LogModuleManager: Shutting down and abandoning module WindowsServerTargetPlatform (67)
[2017.03.20-05.32.53:709][729]LogModuleManager: Shutting down and abandoning module WindowsNoEditorTargetPlatform (65)
[2017.03.20-05.32.53:709][729]LogModuleManager: Shutting down and abandoning module WindowsClientTargetPlatform (63)
[2017.03.20-05.32.53:709][729]LogModuleManager: Shutting down and abandoning module MacTargetPlatform (61)
[2017.03.20-05.32.53:709][729]LogModuleManager: Shutting down and abandoning module MacServerTargetPlatform (59)
[2017.03.20-05.32.53:709][729]LogModuleManager: Shutting down and abandoning module MacNoEditorTargetPlatform (57)
[2017.03.20-05.32.53:709][729]LogModuleManager: Shutting down and abandoning module MacClientTargetPlatform (55)
[2017.03.20-05.32.53:709][729]LogModuleManager: Shutting down and abandoning module AllDesktopTargetPlatform (53)
[2017.03.20-05.32.53:709][729]LogModuleManager: Shutting down and abandoning module InputCore (50)
[2017.03.20-05.32.53:709][729]LogModuleManager: Shutting down and abandoning module Settings (48)
[2017.03.20-05.32.53:709][729]LogModuleManager: Shutting down and abandoning module OculusRift (46)
[2017.03.20-05.32.53:709][729]LogModuleManager: Shutting down and abandoning module ExampleDeviceProfileSelector (44)
[2017.03.20-05.32.53:709][729]LogModuleManager: Shutting down and abandoning module OnlineBlueprintSupport (42)
[2017.03.20-05.32.53:709][729]LogModuleManager: Shutting down and abandoning module OnlineSubsystem (38)
[2017.03.20-05.32.53:709][729]LogOnline:Display: Unloading online subsystem: NULL
[2017.03.20-05.32.53:710][729]LogModuleManager: Shutting down and abandoning module XMPP (37)
[2017.03.20-05.32.53:710][729]LogModuleManager: Shutting down and abandoning module HTTP (35)
[2017.03.20-05.32.53:711][729]LogHttp:Display: Http module shutting down, but needs to wait on 1 outstanding Http requests:
[2017.03.20-05.32.53:711][729]LogHttp:Display: 	verb=[POST] url=[https://datarouter.ol.epicgames.com/datarouter/api/v1/public/data?SessionID=%7B1B9AA5B1-4D57-F91A-60C3-B6A060AB0AFB%7D&AppID=UEEditor.Rocket.Release&AppVersion=4.15.0-3299760%2B%2B%2BUE4%2BRelease-4.15&UserID=8f3006004a740aa36c1b2fb5feb6a020%7C9abe409c595248bc9952a693fbc8e10e%7C8443c655-c2d9-4b2e-85aa-de698ea67f4d&AppEnvironment=datacollector-binary&UploadType=eteventstream] status=Processing
[2017.03.20-05.32.53:718][729]LogModuleManager: Shutting down and abandoning module SSL (34)
[2017.03.20-05.32.53:719][729]LogModuleManager: Shutting down and abandoning module AudioEditor (30)
[2017.03.20-05.32.53:720][729]LogModuleManager: Shutting down and abandoning module TextureCompressor (28)
[2017.03.20-05.32.53:720][729]LogModuleManager: Shutting down and abandoning module ShaderCore (26)
[2017.03.20-05.32.53:720][729]LogModuleManager: Shutting down and abandoning module Landscape (24)
[2017.03.20-05.32.53:720][729]LogModuleManager: Shutting down and abandoning module SlateRHIRenderer (22)
[2017.03.20-05.32.53:722][729]LogModuleManager: Shutting down and abandoning module OpenGLDrv (20)
[2017.03.20-05.32.53:722][729]LogModuleManager: Shutting down and abandoning module D3D11RHI (18)
[2017.03.20-05.32.53:722][729]LogModuleManager: Shutting down and abandoning module AnimGraphRuntime (16)
[2017.03.20-05.32.53:723][729]LogModuleManager: Shutting down and abandoning module Renderer (14)
[2017.03.20-05.32.53:723][729]LogModuleManager: Shutting down and abandoning module Engine (12)
[2017.03.20-05.32.53:723][729]LogModuleManager: Shutting down and abandoning module CoreUObject (10)
[2017.03.20-05.32.53:723][729]LogModuleManager: Shutting down and abandoning module NetworkFile (8)
[2017.03.20-05.32.53:723][729]LogModuleManager: Shutting down and abandoning module StreamingFile (6)
[2017.03.20-05.32.53:723][729]LogModuleManager: Shutting down and abandoning module SandboxFile (4)
[2017.03.20-05.32.53:723][729]LogModuleManager: Shutting down and abandoning module PakFile (2)
[2017.03.20-05.32.53:724][729]LogExit: Exiting.
[2017.03.20-05.32.53:731][729]Log file closed, 03/20/17 01:32:53
