Log file open, 03/20/17 01:41:30
LogInit:Display: Running engine for game: Prototype
LogPlatformFile: Not using cached read wrapper
LogInit:Display: RandInit(-790334018) SRandInit(-790334018).
LogTaskGraph: Started task graph with 5 named threads and 8 total threads with 1 sets of task threads.
LogStats: Stats thread started at 0.069894
LogInit: Using libcurl 7.47.1
LogInit:  - built for x86_64-pc-win32
LogInit:  - supports SSL with OpenSSL/1.0.2g
LogInit:  - supports HTTP deflate (compression) using libz 1.2.8
LogInit:  - other features:
LogInit:      CURL_VERSION_SSL
LogInit:      CURL_VERSION_LIBZ
LogInit:      CURL_VERSION_IPV6
LogInit:      CURL_VERSION_ASYNCHDNS
LogInit:      CURL_VERSION_LARGEFILE
LogInit:      CURL_VERSION_IDN
LogInit:  CurlRequestOptions (configurable via config and command line):
LogInit:  - bVerifyPeer = false  - Libcurl will NOT verify peer certificate
LogInit:  - bUseHttpProxy = false  - Libcurl will NOT use HTTP proxy
LogInit:  - bDontReuseConnections = false  - Libcurl will reuse connections
LogInit:  - CertBundlePath = nullptr  - Libcurl will use whatever was configured at build time.
LogModuleManager:Warning: No filename provided for module OnlineSubsystem<Default Platform Identifier>
LogModuleManager:Warning: ModuleManager: Unable to load module 'OnlineSubsystem<Default Platform Identifier>' because the file 'C:/Program Files/Epic Games/UE_4.15/Engine/Binaries/Win64/' was not found.
LogInit: WinSock: version 1.1 (2.2), MaxSocks=32767, MaxUdp=65467
LogInit: Build: ++UE4+Release-4.15-CL-3299760
LogInit: Engine Version: 4.15.0-3299760+++UE4+Release-4.15
LogInit: Compatible Engine Version: 4.15.0-3299760+++UE4+Release-4.15
LogInit: Net CL: 3299760
LogDevObjectVersion: Number of dev versions registered: 14
LogDevObjectVersion:   Dev-Blueprints (B0D832E4-1F89-4F0D-ACCF-7EB736FD4AA2): 8
LogDevObjectVersion:   Dev-Build (E1C64328-A22C-4D53-A36C-8E866417BD8C): 0
LogDevObjectVersion:   Dev-Core (375EC13C-06E4-48FB-B500-84F0262A717E): 2
LogDevObjectVersion:   Dev-Editor (E4B068ED-F494-42E9-A231-DA0B2E46BB41): 14
LogDevObjectVersion:   Dev-Framework (CFFC743F-43B0-4480-9391-14DF171D2073): 22
LogDevObjectVersion:   Dev-Mobile (B02B49B5-BB20-44E9-A304-32B752E40360): 0
LogDevObjectVersion:   Dev-Networking (A4E4105C-59A1-49B5-A7C5-40C4547EDFEE): 0
LogDevObjectVersion:   Dev-Online (39C831C9-5AE6-47DC-9A44-9C173E1C8E7C): 0
LogDevObjectVersion:   Dev-Physics (78F01B33-EBEA-4F98-B9B4-84EACCB95AA2): 0
LogDevObjectVersion:   Dev-Platform (6631380F-2D4D-43E0-8009-CF276956A95A): 0
LogDevObjectVersion:   Dev-Rendering (12F88B9F-8875-4AFC-A67C-D90C383ABD29): 12
LogDevObjectVersion:   Dev-Sequencer (7B5AE74C-D270-4C10-A958-57980B212A5A): 3
LogDevObjectVersion:   Dev-VR (D7296918-1DD6-4BDD-9DE2-64A83CC13884): 0
LogDevObjectVersion:   Dev-LoadTimes (C2A15278-BFE7-4AFE-6C17-90FF531DF755): 1
LogInit: Compiled (64-bit): Feb 14 2017 02:04:14
LogInit: Compiled with Visual C++: 19.00.23026.00
LogInit: Build Configuration: Development
LogInit: Branch Name: ++UE4+Release-4.15
LogInit: Command line:  /Temp/Autosaves/Game/UEDPCMenuMap -game -PIEVIACONSOLE -ResX=1280 -ResY=720  -Multiprocess -messaging -SessionName="Play in Standalone Game" -windowed 
LogInit: Base directory: C:/Program Files/Epic Games/UE_4.15/Engine/Binaries/Win64/
LogInit: Installed Engine Build: 1
LogInit: Presizing for max 8388607 objects, including 0 objects not considered by GC, pre-allocating 0 bytes for permanent pool.
LogInit: Object subsystem initialized
[2017.03.20-05.41.31:635][  0]LogInit: Selected Device Profile: [Windows]
[2017.03.20-05.41.31:635][  0]LogInit: Applying CVar settings loaded from the selected device profile: [Windows]
[2017.03.20-05.41.31:638][  0]LogInit: Computer: DESKTOP-SOI33AH
[2017.03.20-05.41.31:638][  0]LogInit: User: xiaobei
[2017.03.20-05.41.31:638][  0]LogInit: CPU Page size=65536, Cores=4
[2017.03.20-05.41.31:638][  0]LogInit: High frequency timer resolution =3.914061 MHz
[2017.03.20-05.41.31:638][  0]LogMemory: Memory total: Physical=31.9GB (32GB approx)
[2017.03.20-05.41.31:638][  0]LogMemory: Platform Memory Stats for Windows
[2017.03.20-05.41.31:638][  0]LogMemory: Process Physical Memory: 263.95 MB used, 263.95 MB peak
[2017.03.20-05.41.31:638][  0]LogMemory: Process Virtual Memory: 262.99 MB used, 262.99 MB peak
[2017.03.20-05.41.31:638][  0]LogMemory: Physical Memory: 13863.43 MB used,  18819.73 MB free, 32683.16 MB total
[2017.03.20-05.41.31:638][  0]LogMemory: Virtual Memory: 645.86 MB used,  18819.73 MB free, 134217728.00 MB total
[2017.03.20-05.41.31:745][  0]LogTextLocalizationManager:Warning: Loaded localization resources contain conflicting entries for (Namespace:UObjectToolTips, Key:AnimNode_AssetPlayerBase:InternalTimeAccumulator):
Localization Resource: (C:/Program Files/Epic Games/UE_4.15/Engine/Content/Localization/EditorTutorials/zh-CN/EditorTutorials.locres) Source String Hash: (502993589) Localized String: (用于引用此节点中的资源的累积时间)
Localization Resource: (C:/Program Files/Epic Games/UE_4.15/Engine/Content/Localization/Engine/zh-CN/Engine.locres) Source String Hash: (502993589) Localized String: (引用该节点中资源所用的累计时间)
[2017.03.20-05.41.31:745][  0]LogTextLocalizationManager:Warning: Loaded localization resources contain conflicting entries for (Namespace:UObjectToolTips, Key:AnimNode_AssetPlayerBase:bIgnoreForRelevancyTest):
Localization Resource: (C:/Program Files/Epic Games/UE_4.15/Engine/Content/Localization/EditorTutorials/zh-CN/EditorTutorials.locres) Source String Hash: (319969718) Localized String: (若为真，在状态中寻找最高权重动画的“相关动画”节点将忽视 此节点)
Localization Resource: (C:/Program Files/Epic Games/UE_4.15/Engine/Content/Localization/Engine/zh-CN/Engine.locres) Source String Hash: (319969718) Localized String: (如果为真，那么将会忽略查找最高权重动画的"相关动画"节点。
这个节点)
[2017.03.20-05.41.31:745][  0]LogTextLocalizationManager:Warning: Loaded localization resources contain conflicting entries for (Namespace:UObjectToolTips, Key:AnimNode_AssetPlayerBase:BlendWeight):
Localization Resource: (C:/Program Files/Epic Games/UE_4.15/Engine/Content/Localization/EditorTutorials/zh-CN/EditorTutorials.locres) Source String Hash: (-1232800293) Localized String: (此节点最后交会的混合权重)
Localization Resource: (C:/Program Files/Epic Games/UE_4.15/Engine/Content/Localization/Engine/zh-CN/Engine.locres) Source String Hash: (-1232800293) Localized String: (该节点上一次遇到的混合权重)
[2017.03.20-05.41.31:848][  0]LogD3D11RHI: D3D11 adapters:
[2017.03.20-05.41.31:866][  0]LogD3D11RHI:    0. 'NVIDIA GeForce GTX 1070' (Feature Level 11_0)
[2017.03.20-05.41.31:866][  0]LogD3D11RHI:       8145/0/16341 MB DedicatedVideo/DedicatedSystem/SharedSystem, Outputs:1, VendorId:0x10de
[2017.03.20-05.41.31:867][  0]LogD3D11RHI:    1. 'Microsoft Basic Render Driver' (Feature Level 11_0)
[2017.03.20-05.41.31:867][  0]LogD3D11RHI:       0/0/16341 MB DedicatedVideo/DedicatedSystem/SharedSystem, Outputs:0, VendorId:0x1414
[2017.03.20-05.41.31:868][  0]LogD3D11RHI: Chosen D3D11 Adapter: 0
[2017.03.20-05.41.31:874][  0]LogD3D11RHI: Creating new Direct3DDevice
[2017.03.20-05.41.31:874][  0]LogD3D11RHI:     GPU DeviceId: 0x1b81 (for the marketing name, search the web for "GPU Device Id")
[2017.03.20-05.41.31:874][  0]LogWindows: EnumDisplayDevices:
[2017.03.20-05.41.31:874][  0]LogWindows:    0. 'NVIDIA GeForce GTX 1070' (P:1 D:1)
[2017.03.20-05.41.31:874][  0]LogWindows:    1. 'NVIDIA GeForce GTX 1070' (P:0 D:0)
[2017.03.20-05.41.31:874][  0]LogWindows:    2. 'NVIDIA GeForce GTX 1070' (P:0 D:0)
[2017.03.20-05.41.31:875][  0]LogWindows:    3. 'NVIDIA GeForce GTX 1070' (P:0 D:0)
[2017.03.20-05.41.31:875][  0]LogWindows: DebugString: FoundDriverCount:4 
[2017.03.20-05.41.31:875][  0]LogD3D11RHI:     Adapter Name: NVIDIA GeForce GTX 1070
[2017.03.20-05.41.31:875][  0]LogD3D11RHI:   Driver Version: 376.53 (internal:21.21.13.7653, unified:376.53)
[2017.03.20-05.41.31:875][  0]LogD3D11RHI:      Driver Date: 12-29-2016
[2017.03.20-05.41.31:875][  0]LogRHI: Texture pool is 1361 MB (70% of 1945 MB)
[2017.03.20-05.41.31:886][  0]LogD3D11RHI: Async texture creation enabled
[2017.03.20-05.41.31:900][  0]LogD3D11RHI: GPU Timing Frequency: 1000.000000 (Debug: 2 2)
[2017.03.20-05.41.31:948][  0]LogShaderCompilers: Guid format shader working directory is -4 characters bigger than the processId version (../../../../../../Users/xiaobei/Downloads/Prototype/Intermediate/Shaders/WorkingDirectory/12052/).
[2017.03.20-05.41.31:948][  0]LogShaderCompilers: Cleaned the shader compiler working directory 'C:/Users/xiaobei/AppData/Local/Temp/UnrealShaderWorkingDir/D0D5761B433A3C07D7EEC4B63D45EA08/'.
[2017.03.20-05.41.31:948][  0]LogShaderCompilers:Display: Using Local Shader Compiler.
[2017.03.20-05.41.32:742][  0]LogTemp:Display: Loaded TP WindowsClientTargetPlatform
[2017.03.20-05.41.32:784][  0]LogTemp:Display: Loaded TP WindowsNoEditorTargetPlatform
[2017.03.20-05.41.32:834][  0]LogTemp:Display: Loaded TP WindowsServerTargetPlatform
[2017.03.20-05.41.32:872][  0]LogTemp:Display: Loaded TP WindowsTargetPlatform
[2017.03.20-05.41.32:872][  0]LogTargetPlatformManager:Display: Building Assets For Windows
[2017.03.20-05.41.33:235][  0]LogDerivedDataCache:Display: Max Cache Size: 512 MB
[2017.03.20-05.41.33:273][  0]LogDerivedDataCache: Loaded boot cache 0.04s 50MB C:/Users/xiaobei/AppData/Local/UnrealEngine/4.15/DerivedDataCache/Boot.ddc.
[2017.03.20-05.41.33:273][  0]LogDerivedDataCache:Display: Loaded Boot cache: C:/Users/xiaobei/AppData/Local/UnrealEngine/4.15/DerivedDataCache/Boot.ddc
[2017.03.20-05.41.33:273][  0]LogDerivedDataCache: FDerivedDataBackendGraph:  Pak pak cache file ../../../../../../Users/xiaobei/Downloads/Prototype/DerivedDataCache/DDC.ddp not found, will not use a pak cache.
[2017.03.20-05.41.33:273][  0]LogDerivedDataCache: Unable to find inner node Pak for hierarchical cache Hierarchy.
[2017.03.20-05.41.33:273][  0]LogDerivedDataCache: FDerivedDataBackendGraph:  CompressedPak pak cache file ../../../../../../Users/xiaobei/Downloads/Prototype/DerivedDataCache/Compressed.ddp not found, will not use a pak cache.
[2017.03.20-05.41.33:273][  0]LogDerivedDataCache: Unable to find inner node CompressedPak for hierarchical cache Hierarchy.
[2017.03.20-05.41.33:286][  0]LogDerivedDataCache:Display: Pak cache opened for reading ../../../Engine/DerivedDataCache/Compressed.ddp.
[2017.03.20-05.41.33:299][  0]LogDerivedDataCache: Using Local data cache path C:/Users/xiaobei/AppData/Local/UnrealEngine/Common/DerivedDataCache: Writable
[2017.03.20-05.41.33:305][  0]LogSlate: Using Freetype 2.6.0
[2017.03.20-05.41.33:305][  0]LogSlate: SlateFontCache - WITH_FREETYPE: 1, WITH_HARFBUZZ: 1
[2017.03.20-05.41.33:305][  0]LogSlate: SlateFontCache - WITH_FREETYPE: 1, WITH_HARFBUZZ: 1
[2017.03.20-05.41.33:503][  0]LogAssetRegistry: FAssetRegistry took 0.0001 seconds to start up
[2017.03.20-05.41.33:514][  0]LogPackageLocalizationCache: Processed 3 localized package path(s) for 4 prioritized culture(s) in 0.010750 seconds
[2017.03.20-05.41.33:526][  0]LogInit: Selected Device Profile: [Windows]
[2017.03.20-05.41.33:527][  0]LogContentStreaming: Texture pool size is 1000.00 MB
[2017.03.20-05.41.33:697][  0]LogMeshUtilities: Using QuadricMeshReduction for automatic static mesh reduction
[2017.03.20-05.41.33:737][  0]LogSimplygon: Simplygon DLL not present - disabling.
[2017.03.20-05.41.33:778][  0]LogMeshUtilities: Using SimplygonSwarm for distributed automatic mesh merging
[2017.03.20-05.41.33:778][  0]LogMeshUtilities: No automatic skeletal mesh reduction module available
[2017.03.20-05.41.33:778][  0]LogMeshUtilities: No automatic mesh merging module available
[2017.03.20-05.41.34:153][  0]LogNetVersion: GetLocalNetworkVersion: CL: 3299760, ProjectName: prototype, ProjectVersion: , EngineNetworkVersion: 2, GameNetworkVersion: 0, NetworkChecksum: 2467209700
[2017.03.20-05.41.34:903][  0]LogMoviePlayer: Initializing movie player
[2017.03.20-05.41.34:964][  0]LogWindowsTextInputMethodSystem:Display: IME system now activated using TSF (搜狗拼音输入法).
[2017.03.20-05.41.34:964][  0]LogWindowsTextInputMethodSystem:Display: IME system now activated using TSF (搜狗拼音输入法).
[2017.03.20-05.41.35:166][  0]LogTcpMessaging: Initializing TcpMessaging bridge
[2017.03.20-05.41.35:223][  0]LogUdpMessaging: Initializing bridge on interface 0.0.0.0:0 to multicast group 230.0.0.1:6666.
[2017.03.20-05.41.35:511][  0]SourceControl: 信息 源码控制已禁用
[2017.03.20-05.41.35:511][  0]SourceControl: 信息 源码控制已禁用
[2017.03.20-05.41.35:547][  0]SourceControl: 信息 源码控制已禁用
[2017.03.20-05.41.36:017][  0]LogUObjectArray: 34390 objects as part of root set at end of initial load.
[2017.03.20-05.41.36:017][  0]LogUObjectAllocator: 7635864 out of 0 bytes used by permanent object pool.
[2017.03.20-05.41.36:017][  0]LogUObjectArray: CloseDisregardForGC: 0/0 objects in disregard for GC pool
[2017.03.20-05.41.36:098][  0]LogEngine: Initializing Engine...
[2017.03.20-05.41.36:098][  0]LogHMD: Failed to initialize OpenVR with code 110
[2017.03.20-05.41.36:191][  0]LogInit: XAudio2 using 'LG ULTRAWIDE-4 (NVIDIA High Definition Audio)' : 2 channels at 48 kHz using 16 bits per sample (channel mask 0x3)
[2017.03.20-05.41.36:215][  0]LogInit: FAudioDevice initialized.
[2017.03.20-05.41.36:230][  0]LogInit: Texture streaming: Enabled
[2017.03.20-05.41.36:247][  0]LogMaterial: Uniform references updated for custom material expression Custom.
[2017.03.20-05.41.36:527][  0]LogInit:Display: Game Engine Initialized.
[2017.03.20-05.41.36:670][  0]LogInit:Display: Starting Game.
[2017.03.20-05.41.36:670][  0]LogNet: Browse: /Temp/Autosaves/Game/UEDPCMenuMap?Name=Player
[2017.03.20-05.41.36:670][  0]LogLoad: LoadMap: /Temp/Autosaves/Game/UEDPCMenuMap?Name=Player
[2017.03.20-05.41.36:685][  0]LogMemory: Platform Memory Stats for Windows
[2017.03.20-05.41.36:685][  0]LogMemory: Process Physical Memory: 640.11 MB used, 671.82 MB peak
[2017.03.20-05.41.36:685][  0]LogMemory: Process Virtual Memory: 706.79 MB used, 739.99 MB peak
[2017.03.20-05.41.36:685][  0]LogMemory: Physical Memory: 14185.79 MB used,  18497.37 MB free, 32683.16 MB total
[2017.03.20-05.41.36:685][  0]LogMemory: Virtual Memory: 1371.63 MB used,  18497.37 MB free, 134217728.00 MB total
[2017.03.20-05.41.36:685][  0]LogMemory: 
[2017.03.20-05.41.36:685][  0]Allocator Stats for TBB: (not implemented)
[2017.03.20-05.41.36:795][  0]LogAIModule: Creating AISystem for world MenuMap
[2017.03.20-05.41.36:795][  0]LogLoad: Game class is 'GameMode'
[2017.03.20-05.41.36:796][  0]LogWorld: Bringing World /Temp/Autosaves/Game/UEDPCMenuMap.MenuMap up for play (max tick rate 0) at 2017.03.20-01.41.36
[2017.03.20-05.41.36:796][  0]LogWorld: Bringing up level for play took: 0.000328
[2017.03.20-05.41.36:814][  0]LogGameMode:Display: Match State Changed from EnteringMap to WaitingToStart
[2017.03.20-05.41.36:814][  0]LogGameState: Match State Changed from EnteringMap to WaitingToStart
[2017.03.20-05.41.36:814][  0]LogGameMode:Display: Match State Changed from WaitingToStart to InProgress
[2017.03.20-05.41.36:815][  0]LogGameState: Match State Changed from WaitingToStart to InProgress
[2017.03.20-05.41.36:815][  0]LogLoad: Took 0.146033 seconds to LoadMap(/Temp/Autosaves/Game/UEDPCMenuMap)
[2017.03.20-05.41.36:975][  0]LogRenderer: Reallocating scene render targets to support 1280x720 NumSamples 1 (Frame:2).
[2017.03.20-05.41.36:975][  0]LogLoad: (Engine Initialization) Total time: 6.83 seconds
[2017.03.20-05.41.36:975][  0]LogLoad: (Engine Initialization) Total Blueprint compile time: 0.05 seconds
[2017.03.20-05.41.36:975][  0]LogExternalProfiler: Found external profiler: VSPerf
[2017.03.20-05.41.36:975][  0]LogExternalProfiler: Using external profiler: VSPerf
[2017.03.20-05.41.36:992][  0]LogOcInput: OculusInput pre-init called
