Log file open, 03/19/17 18:46:44
LogInit:Display: Running engine for game: Prototype
LogPlatformFile: Not using cached read wrapper
LogInit:Display: RandInit(-952426735) SRandInit(-952426735).
LogTaskGraph: Started task graph with 5 named threads and 8 total threads with 1 sets of task threads.
LogStats: Stats thread started at 0.073516
LogInit: Using libcurl 7.47.1
LogInit:  - built for x86_64-pc-win32
LogInit:  - supports SSL with OpenSSL/1.0.2g
LogInit:  - supports HTTP deflate (compression) using libz 1.2.8
LogInit:  - other features:
LogInit:      CURL_VERSION_SSL
LogInit:      CURL_VERSION_LIBZ
LogInit:      CURL_VERSION_IPV6
LogInit:      CURL_VERSION_ASYNCHDNS
LogInit:      CURL_VERSION_LARGEFILE
LogInit:      CURL_VERSION_IDN
LogInit:  CurlRequestOptions (configurable via config and command line):
LogInit:  - bVerifyPeer = false  - Libcurl will NOT verify peer certificate
LogInit:  - bUseHttpProxy = false  - Libcurl will NOT use HTTP proxy
LogInit:  - bDontReuseConnections = false  - Libcurl will reuse connections
LogInit:  - CertBundlePath = nullptr  - Libcurl will use whatever was configured at build time.
LogInit: Build: ++UE4+Release-4.15-CL-3299760
LogInit: Engine Version: 4.15.0-3299760+++UE4+Release-4.15
LogInit: Compatible Engine Version: 4.15.0-3299760+++UE4+Release-4.15
LogInit: Net CL: 3299760
LogDevObjectVersion: Number of dev versions registered: 14
LogDevObjectVersion:   Dev-Blueprints (B0D832E4-1F89-4F0D-ACCF-7EB736FD4AA2): 8
LogDevObjectVersion:   Dev-Build (E1C64328-A22C-4D53-A36C-8E866417BD8C): 0
LogDevObjectVersion:   Dev-Core (375EC13C-06E4-48FB-B500-84F0262A717E): 2
LogDevObjectVersion:   Dev-Editor (E4B068ED-F494-42E9-A231-DA0B2E46BB41): 14
LogDevObjectVersion:   Dev-Framework (CFFC743F-43B0-4480-9391-14DF171D2073): 22
LogDevObjectVersion:   Dev-Mobile (B02B49B5-BB20-44E9-A304-32B752E40360): 0
LogDevObjectVersion:   Dev-Networking (A4E4105C-59A1-49B5-A7C5-40C4547EDFEE): 0
LogDevObjectVersion:   Dev-Online (39C831C9-5AE6-47DC-9A44-9C173E1C8E7C): 0
LogDevObjectVersion:   Dev-Physics (78F01B33-EBEA-4F98-B9B4-84EACCB95AA2): 0
LogDevObjectVersion:   Dev-Platform (6631380F-2D4D-43E0-8009-CF276956A95A): 0
LogDevObjectVersion:   Dev-Rendering (12F88B9F-8875-4AFC-A67C-D90C383ABD29): 12
LogDevObjectVersion:   Dev-Sequencer (7B5AE74C-D270-4C10-A958-57980B212A5A): 3
LogDevObjectVersion:   Dev-VR (D7296918-1DD6-4BDD-9DE2-64A83CC13884): 0
LogDevObjectVersion:   Dev-LoadTimes (C2A15278-BFE7-4AFE-6C17-90FF531DF755): 1
LogInit: Compiled (64-bit): Feb 14 2017 02:04:14
LogInit: Compiled with Visual C++: 19.00.23026.00
LogInit: Build Configuration: Development
LogInit: Branch Name: ++UE4+Release-4.15
LogInit: Command line:  
LogInit: Base directory: D:/UE_4.15/Engine/Binaries/Win64/
LogInit: Installed Engine Build: 1
LogInit: Presizing for max 8388607 objects, including 0 objects not considered by GC, pre-allocating 0 bytes for permanent pool.
LogInit: Object subsystem initialized
[2017.03.19-22.46.45:388][  0]LogInit: Selected Device Profile: [Windows]
[2017.03.19-22.46.45:388][  0]LogInit: Applying CVar settings loaded from the selected device profile: [Windows]
[2017.03.19-22.46.45:400][  0]LogInit: Computer: THEREDDEVIL
[2017.03.19-22.46.45:400][  0]LogInit: User: AmeySalvi
[2017.03.19-22.46.45:400][  0]LogInit: CPU Page size=65536, Cores=4
[2017.03.19-22.46.45:400][  0]LogInit: High frequency timer resolution =2.249999 MHz
[2017.03.19-22.46.45:400][  0]LogMemory: Memory total: Physical=7.9GB (8GB approx)
[2017.03.19-22.46.45:400][  0]LogMemory: Platform Memory Stats for Windows
[2017.03.19-22.46.45:400][  0]LogMemory: Process Physical Memory: 262.90 MB used, 262.90 MB peak
[2017.03.19-22.46.45:400][  0]LogMemory: Process Virtual Memory: 262.49 MB used, 262.49 MB peak
[2017.03.19-22.46.45:400][  0]LogMemory: Physical Memory: 4318.40 MB used,  3746.86 MB free, 8065.26 MB total
[2017.03.19-22.46.45:400][  0]LogMemory: Virtual Memory: 643.58 MB used,  3746.86 MB free, 134217728.00 MB total
[2017.03.19-22.46.45:468][  0]LogTextLocalizationManager: No specific translations for ('en-US') exist, so ('en') translations will be used.
[2017.03.19-22.46.46:088][  0]LogD3D11RHI: D3D11 adapters:
[2017.03.19-22.46.46:123][  0]LogD3D11RHI:    0. 'NVIDIA GeForce GTX 960M' (Feature Level 11_0)
[2017.03.19-22.46.46:123][  0]LogD3D11RHI:       4064/0/4032 MB DedicatedVideo/DedicatedSystem/SharedSystem, Outputs:1, VendorId:0x10de
[2017.03.19-22.46.46:131][  0]LogD3D11RHI:    1. 'Intel(R) HD Graphics 530' (Feature Level 11_0)
[2017.03.19-22.46.46:131][  0]LogD3D11RHI:       128/0/4032 MB DedicatedVideo/DedicatedSystem/SharedSystem, Outputs:0, VendorId:0x8086
[2017.03.19-22.46.46:132][  0]LogD3D11RHI:    2. 'Microsoft Basic Render Driver' (Feature Level 11_0)
[2017.03.19-22.46.46:132][  0]LogD3D11RHI:       0/0/4032 MB DedicatedVideo/DedicatedSystem/SharedSystem, Outputs:0, VendorId:0x1414
[2017.03.19-22.46.46:132][  0]LogD3D11RHI: Chosen D3D11 Adapter: 0
[2017.03.19-22.46.46:138][  0]LogD3D11RHI: Creating new Direct3DDevice
[2017.03.19-22.46.46:138][  0]LogD3D11RHI:     GPU DeviceId: 0x139b (for the marketing name, search the web for "GPU Device Id")
[2017.03.19-22.46.46:138][  0]LogWindows: EnumDisplayDevices:
[2017.03.19-22.46.46:138][  0]LogWindows:    0. 'Intel(R) HD Graphics 530' (P:1 D:1)
[2017.03.19-22.46.46:138][  0]LogWindows:    1. 'Intel(R) HD Graphics 530' (P:0 D:0)
[2017.03.19-22.46.46:139][  0]LogWindows:    2. 'Intel(R) HD Graphics 530' (P:0 D:0)
[2017.03.19-22.46.46:139][  0]LogWindows: DebugString: PrimaryIsNotTheChoosenAdapter PrimaryIsNotTheChoosenAdapter PrimaryIsNotTheChoosenAdapter FoundDriverCount:0 
[2017.03.19-22.46.46:139][  0]LogD3D11RHI:     Adapter Name: NVIDIA GeForce GTX 960M
[2017.03.19-22.46.46:139][  0]LogD3D11RHI:   Driver Version: Unknown (internal:Unknown, unified:Unknown)
[2017.03.19-22.46.46:139][  0]LogD3D11RHI:      Driver Date: Unknown
[2017.03.19-22.46.46:139][  0]LogRHI: Texture pool is 1361 MB (70% of 1945 MB)
[2017.03.19-22.46.46:155][  0]LogD3D11RHI: Async texture creation enabled
[2017.03.19-22.46.46:167][  0]LogD3D11RHI: GPU Timing Frequency: 1000.000000 (Debug: 2 1)
[2017.03.19-22.46.46:167][  0]LogShaderCompilers: Guid format shader working directory is -4 characters bigger than the processId version (C:/Users/Amey Salvi/Documents/Unreal Projects/Prototype/Intermediate/Shaders/WorkingDirectory/3180/).
[2017.03.19-22.46.46:167][  0]LogShaderCompilers: Cleaned the shader compiler working directory 'C:/Users/Amey Salvi/AppData/Local/Temp/UnrealShaderWorkingDir/28F4FBDD44C405F55ACE1BA0A5BFBA4C/'.
[2017.03.19-22.46.46:167][  0]LogShaderCompilers:Display: Using Local Shader Compiler.
[2017.03.19-22.46.47:185][  0]LogTemp:Display: Loaded TP AllDesktopTargetPlatform
[2017.03.19-22.46.47:228][  0]LogTemp:Display: Loaded TP MacClientTargetPlatform
[2017.03.19-22.46.47:273][  0]LogTemp:Display: Loaded TP MacNoEditorTargetPlatform
[2017.03.19-22.46.47:315][  0]LogTemp:Display: Loaded TP MacServerTargetPlatform
[2017.03.19-22.46.47:361][  0]LogTemp:Display: Loaded TP MacTargetPlatform
[2017.03.19-22.46.47:406][  0]LogTemp:Display: Loaded TP WindowsClientTargetPlatform
[2017.03.19-22.46.47:450][  0]LogTemp:Display: Loaded TP WindowsNoEditorTargetPlatform
[2017.03.19-22.46.47:498][  0]LogTemp:Display: Loaded TP WindowsServerTargetPlatform
[2017.03.19-22.46.47:530][  0]LogTemp:Display: Loaded TP WindowsTargetPlatform
[2017.03.19-22.46.47:570][  0]LogTemp:Display: Loaded TP AndroidTargetPlatform
[2017.03.19-22.46.47:610][  0]LogTemp:Display: Loaded TP Android_ASTCTargetPlatform
[2017.03.19-22.46.47:650][  0]LogTemp:Display: Loaded TP Android_ATCTargetPlatform
[2017.03.19-22.46.47:690][  0]LogTemp:Display: Loaded TP Android_DXTTargetPlatform
[2017.03.19-22.46.47:731][  0]LogTemp:Display: Loaded TP Android_ETC1TargetPlatform
[2017.03.19-22.46.47:770][  0]LogTemp:Display: Loaded TP Android_ETC2TargetPlatform
[2017.03.19-22.46.47:849][  0]LogTemp:Display: Loaded TP Android_MultiTargetPlatform
[2017.03.19-22.46.47:849][  0]LogTemp:Display: Loaded TP Android_PVRTCTargetPlatform
[2017.03.19-22.46.47:874][  0]LogTemp:Display: Loaded TP HTML5TargetPlatform
[2017.03.19-22.46.47:950][  0]LogTemp:Display: Loaded TP IOSTargetPlatform
[2017.03.19-22.46.48:000][  0]LogTemp:Display: Loaded TP TVOSTargetPlatform
[2017.03.19-22.46.48:043][  0]LogTemp:Display: Loaded TP LinuxClientTargetPlatform
[2017.03.19-22.46.48:084][  0]LogTemp:Display: Loaded TP LinuxNoEditorTargetPlatform
[2017.03.19-22.46.48:126][  0]LogTemp:Display: Loaded TP LinuxServerTargetPlatform
[2017.03.19-22.46.48:175][  0]LogTemp:Display: Loaded TP LinuxTargetPlatform
[2017.03.19-22.46.48:175][  0]LogTargetPlatformManager:Display: Building Assets For Windows
[2017.03.19-22.46.48:506][  0]LogDerivedDataCache:Display: Max Cache Size: 512 MB
[2017.03.19-22.46.48:574][  0]LogDerivedDataCache: Loaded boot cache 0.07s 50MB C:/Users/Amey Salvi/AppData/Local/UnrealEngine/4.15/DerivedDataCache/Boot.ddc.
[2017.03.19-22.46.48:574][  0]LogDerivedDataCache:Display: Loaded Boot cache: C:/Users/Amey Salvi/AppData/Local/UnrealEngine/4.15/DerivedDataCache/Boot.ddc
[2017.03.19-22.46.48:574][  0]LogDerivedDataCache: FDerivedDataBackendGraph:  Pak pak cache file C:/Users/Amey Salvi/Documents/Unreal Projects/Prototype/DerivedDataCache/DDC.ddp not found, will not use a pak cache.
[2017.03.19-22.46.48:574][  0]LogDerivedDataCache: Unable to find inner node Pak for hierarchical cache Hierarchy.
[2017.03.19-22.46.48:574][  0]LogDerivedDataCache: FDerivedDataBackendGraph:  CompressedPak pak cache file C:/Users/Amey Salvi/Documents/Unreal Projects/Prototype/DerivedDataCache/Compressed.ddp not found, will not use a pak cache.
[2017.03.19-22.46.48:574][  0]LogDerivedDataCache: Unable to find inner node CompressedPak for hierarchical cache Hierarchy.
[2017.03.19-22.46.48:594][  0]LogDerivedDataCache:Display: Pak cache opened for reading ../../../Engine/DerivedDataCache/Compressed.ddp.
[2017.03.19-22.46.48:606][  0]LogDerivedDataCache: Using Local data cache path C:/Users/Amey Salvi/AppData/Local/UnrealEngine/Common/DerivedDataCache: Writable
[2017.03.19-22.46.48:615][  0]LogSlate: Using Freetype 2.6.0
[2017.03.19-22.46.48:615][  0]LogSlate: SlateFontCache - WITH_FREETYPE: 1, WITH_HARFBUZZ: 1
[2017.03.19-22.46.48:615][  0]LogSlate: SlateFontCache - WITH_FREETYPE: 1, WITH_HARFBUZZ: 1
[2017.03.19-22.46.48:853][  0]LogInit: Selected Device Profile: [Windows]
[2017.03.19-22.46.48:856][  0]LogContentStreaming: Texture pool size is 0.00 MB
[2017.03.19-22.46.49:026][  0]LogMeshUtilities: Using QuadricMeshReduction for automatic static mesh reduction
[2017.03.19-22.46.49:053][  0]LogSimplygon: Simplygon DLL not present - disabling.
[2017.03.19-22.46.49:082][  0]LogMeshUtilities: Using SimplygonSwarm for distributed automatic mesh merging
[2017.03.19-22.46.49:082][  0]LogMeshUtilities: No automatic skeletal mesh reduction module available
[2017.03.19-22.46.49:082][  0]LogMeshUtilities: No automatic mesh merging module available
[2017.03.19-22.46.49:615][  0]LogNetVersion: GetLocalNetworkVersion: CL: 3299760, ProjectName: prototype, ProjectVersion: , EngineNetworkVersion: 2, GameNetworkVersion: 0, NetworkChecksum: 2467209700
[2017.03.19-22.46.49:657][  0]LogAssetRegistry: FAssetRegistry took 0.0224 seconds to start up
[2017.03.19-22.46.49:708][  0]LogPackageLocalizationCache: Processed 3 localized package path(s) for 2 prioritized culture(s) in 0.034122 seconds
[2017.03.19-22.46.49:714][  0]LogUObjectArray: 32475 objects as part of root set at end of initial load.
[2017.03.19-22.46.49:714][  0]LogUObjectAllocator: 7073368 out of 0 bytes used by permanent object pool.
[2017.03.19-22.46.49:714][  0]LogUObjectArray: CloseDisregardForGC: 0/0 objects in disregard for GC pool
[2017.03.19-22.46.49:759][  0]LogInit: WinSock: version 1.1 (2.2), MaxSocks=32767, MaxUdp=65467
[2017.03.19-22.46.51:289][  0]LogTcpMessaging: Initializing TcpMessaging bridge
[2017.03.19-22.46.51:321][  0]LogUdpMessaging: Initializing bridge on interface 0.0.0.0:0 to multicast group 230.0.0.1:6666.
[2017.03.19-22.46.51:904][  0]LogMaterial: Uniform references updated for custom material expression Custom.
[2017.03.19-22.46.52:223][  0]SourceControl: Info Source control is disabled
[2017.03.19-22.46.52:272][  0]SourceControl: Info Source control is disabled
[2017.03.19-22.46.52:316][  0]SourceControl: Info Source control is disabled
[2017.03.19-22.46.52:361][  0]SourceControl: Info Source control is disabled
[2017.03.19-22.46.53:324][  0]LogEngine: Initializing Engine...
[2017.03.19-22.46.53:325][  0]LogHMD: Failed to initialize OpenVR with code 110
[2017.03.19-22.46.53:527][  0]LogAIModule: Creating AISystem for world Untitled
[2017.03.19-22.46.53:534][  0]LogInit: XAudio2 using 'Speakers / Headphones (Realtek High Definition Audio)' : 2 channels at 48 kHz using 32 bits per sample (channel mask 0x3)
[2017.03.19-22.46.53:967][  0]LogInit: FAudioDevice initialized.
[2017.03.19-22.46.54:033][  0]LogDerivedDataCache: Saved boot cache 0.07s 50MB C:/Users/Amey Salvi/AppData/Local/UnrealEngine/4.15/DerivedDataCache/Boot.ddc.
[2017.03.19-22.46.54:055][  0]LogInit: Texture streaming: Enabled
[2017.03.19-22.46.54:209][  0]LogEngineSessionManager: EngineSessionManager initialized
[2017.03.19-22.46.54:312][  0]LogInit: Transaction tracking system initialized
[2017.03.19-22.46.54:541][  0]BlueprintLog: New page: Editor Load
[2017.03.19-22.46.55:115][  0]LocalizationService: Info Localization service is disabled
[2017.03.19-22.46.55:601][  0]LogConsoleResponse:Display: 
[2017.03.19-22.46.55:752][  0]LogCook:Display: Max memory allowance for cook 16384mb min free memory 0mb
[2017.03.19-22.46.55:752][  0]LogCook:Display: Mobile HDR setting 1
[2017.03.19-22.46.56:469][  0]LogFileCache: Scanning file cache for directory 'C:/Users/Amey Salvi/Documents/Unreal Projects/Prototype/Content/' took 0.01s
[2017.03.19-22.46.56:469][  0]SourceControl: Info Source control is disabled
[2017.03.19-22.46.56:469][  0]Cmd: MAP LOAD FILE="C:/Users/Amey Salvi/Documents/Unreal Projects/Prototype/Content/FirstPersonBP/Maps/FirstPersonExampleMap.umap" TEMPLATE=0 SHOWPROGRESS=1 FEATURELEVEL=3
[2017.03.19-22.46.56:470][  0]LightingResults: New page: Lighting Build
[2017.03.19-22.46.56:499][  0]MapCheck: New page: Map Check
[2017.03.19-22.46.56:499][  0]LightingResults: New page: Lighting Build
[2017.03.19-22.46.57:085][  0]LogAIModule: Creating AISystem for world FirstPersonExampleMap
[2017.03.19-22.46.57:099][  0]LogEditorServer: Finished looking for orphan Actors (0.000 secs)
[2017.03.19-22.46.57:099][  0]Cmd: MAP CHECKDEP NOCLEARLOG
[2017.03.19-22.46.57:135][  0]MapCheck: Info Map check complete: 0 Error(s), 0 Warning(s), took 35.514ms to complete.
[2017.03.19-22.46.57:135][  0]LogFileHelpers: Loading map 'FirstPersonExampleMap' took 0.665
[2017.03.19-22.46.57:235][  0]LogWindowsTextInputMethodSystem:Display: IME system now deactivated.
[2017.03.19-22.46.57:403][  0]LogCollectionManager: Loaded 0 collections in 0.001003 seconds
[2017.03.19-22.46.57:518][  0]LogFileCache: Scanning file cache for directory 'C:/Users/Amey Salvi/Documents/Unreal Projects/Prototype/Saved/Collections/' took 0.01s
[2017.03.19-22.46.57:519][  0]LogFileCache: Scanning file cache for directory 'C:/Users/Amey Salvi/Documents/Unreal Projects/Prototype/Content/Developers/AmeySalvi/Collections/' took 0.01s
[2017.03.19-22.46.57:519][  0]LogFileCache: Scanning file cache for directory 'C:/Users/Amey Salvi/Documents/Unreal Projects/Prototype/Content/Collections/' took 0.01s
[2017.03.19-22.46.57:519][  0]LogCollectionManager: Rebuilt the GUID cache for 0 collections in 0.000004 seconds
[2017.03.19-22.46.57:540][  0]LogContentBrowser: Native class hierarchy populated in 0.0200 seconds. Added 2244 classes and 450 folders.
[2017.03.19-22.46.57:546][  0]LogStats: UGameplayTagsManager::ConstructGameplayTagTree: Construct from data asset -  0.000 s
[2017.03.19-22.46.57:547][  0]LogStats: UGameplayTagsManager::ConstructGameplayTagTree: GameplayTagTreeChangedEvent.Broadcast -  0.000 s
[2017.03.19-22.46.57:600][  0]LogContentBrowser: Native class hierarchy updated for 'WidgetCarousel' in 0.0005 seconds. Added 0 classes and 0 folders.
[2017.03.19-22.46.57:634][  0]LogContentBrowser: Native class hierarchy updated for 'AddContentDialog' in 0.0005 seconds. Added 0 classes and 0 folders.
[2017.03.19-22.46.57:664][  0]LogContentBrowser: Native class hierarchy updated for 'SceneOutliner' in 0.0005 seconds. Added 1 classes and 2 folders.
[2017.03.19-22.46.57:703][  0]LogCrashTracker: Crashtracker disabled due to settings.
[2017.03.19-22.46.57:714][  0]LogUObjectGlobals:Warning: Failed to find object 'Class None.'
[2017.03.19-22.46.57:767][  0]LogContentBrowser: Native class hierarchy updated for 'HierarchicalLODOutliner' in 0.0005 seconds. Added 1 classes and 2 folders.
[2017.03.19-22.46.57:768][  0]LogLoad: (Engine Initialization) Total time: 13.95 seconds
[2017.03.19-22.46.57:768][  0]LogLoad: (Engine Initialization) Total Blueprint compile time: 0.19 seconds
[2017.03.19-22.46.57:768][  0]LogExternalProfiler: Found external profiler: VSPerf
[2017.03.19-22.46.57:768][  0]LogExternalProfiler: Using external profiler: VSPerf
[2017.03.19-22.46.57:778][  0]LogOcInput: OculusInput pre-init called
[2017.03.19-22.46.57:799][  0]LogContentStreaming: Texture pool size now 1000 MB
[2017.03.19-22.46.57:800][  0]LogSlate: Took 0.000200 seconds to synchronously load lazily loaded font '../../../Engine/Content/Slate/Fonts/Roboto-Regular.ttf' (155K)
[2017.03.19-22.46.57:803][  0]LogSlate: Took 0.000232 seconds to synchronously load lazily loaded font '../../../Engine/Content/Slate/Fonts/Roboto-Bold.ttf' (160K)
[2017.03.19-22.46.57:809][  0]LogSlate: Took 0.000243 seconds to synchronously load lazily loaded font '../../../Engine/Content/Editor/Slate/Fonts/FontAwesome.ttf' (139K)
[2017.03.19-22.46.57:930][  0]LogSlate: Took 0.000331 seconds to synchronously load lazily loaded font '../../../Engine/Content/Slate/Fonts/Roboto-Light.ttf' (159K)
[2017.03.19-22.46.58:003][  0]LogRenderer: Reallocating scene render targets to support 964x504 NumSamples 1 (Frame:2).
[2017.03.19-22.46.58:155][  1]LogAssetRegistry: Asset discovery search completed in 8.5209 seconds
[2017.03.19-22.46.58:155][  1]LogCollectionManager: Rebuilt the object cache for 0 collections in 0.000006 seconds (found 0 objects)
[2017.03.19-22.46.58:155][  1]LogCollectionManager: Fixed up redirectors for 0 collections in 0.000034 seconds (updated 0 objects)
[2017.03.19-22.47.09:439][273]LogSlate: Took 0.000405 seconds to synchronously load lazily loaded font '../../../Engine/Content/Slate/Fonts/Roboto-Light.ttf' (159K)
[2017.03.19-22.47.23:047][578]Cmd: MAP LOAD FILE="C:/Users/Amey Salvi/Documents/Unreal Projects/Prototype/Content/NewMap.umap" TEMPLATE=0 SHOWPROGRESS=1 FEATURELEVEL=3
[2017.03.19-22.47.23:053][578]LogSlate: Took 0.000163 seconds to synchronously load lazily loaded font '../../../Engine/Content/Slate/Fonts/Roboto-Light.ttf' (159K)
[2017.03.19-22.47.23:093][578]LightingResults: New page: Lighting Build
[2017.03.19-22.47.23:096][578]LoadErrors: New page: Loading map: NewMap.umap
[2017.03.19-22.47.23:110][578]MapCheck: New page: Map Check
[2017.03.19-22.47.23:110][578]LightingResults: New page: Lighting Build
[2017.03.19-22.47.23:149][578]LogAIModule: Creating AISystem for world NewMap
[2017.03.19-22.47.23:165][578]LogEditorServer: Finished looking for orphan Actors (0.000 secs)
[2017.03.19-22.47.23:200][578]Cmd: MAP CHECKDEP NOCLEARLOG
[2017.03.19-22.47.23:236][578]MapCheck: Info Map check complete: 0 Error(s), 0 Warning(s), took 36.588ms to complete.
[2017.03.19-22.47.23:236][578]LogFileHelpers: Loading map 'NewMap' took 0.190
[2017.03.19-22.47.25:921][654]MapCheck: New page: Map Check
[2017.03.19-22.47.26:053][654]Cmd: MAP REBUILD ALLVISIBLE
[2017.03.19-22.47.26:053][654]LogEditorServer: Rebuildmap Clear paths rebuilt
[2017.03.19-22.47.26:228][654]LogMaterial: Missing cached shader map for material FDebugViewModeMaterialProxy WorldGridMaterial, compiling. Is special engine material.
[2017.03.19-22.47.26:229][654]LogTemp:Display: Added material ShaderMap 0x000001B1F0659980 with Material 0x000001B1CBE58A00 to ShaderMapsBeingCompiled
[2017.03.19-22.47.26:233][654]LogTemp:Display: Kicking off shader compilation for FDebugViewModeMaterialProxy WorldGridMaterial, GameThreadShaderMap 0x000001B1F0659980
[2017.03.19-22.47.26:237][654]LogMaterial: Missing cached shader map for material FDebugViewModeMaterialProxy grass-textures-17_Mat, compiling. 
[2017.03.19-22.47.26:237][654]LogTemp:Display: Added material ShaderMap 0x000001B1F05B9600 with Material 0x000001B1CBE59C00 to ShaderMapsBeingCompiled
[2017.03.19-22.47.26:239][654]LogTemp:Display: Kicking off shader compilation for FDebugViewModeMaterialProxy grass-textures-17_Mat, GameThreadShaderMap 0x000001B1F05B9600
[2017.03.19-22.47.26:242][654]LogMaterial: Missing cached shader map for material FDebugViewModeMaterialProxy 2383316_Mat, compiling. 
[2017.03.19-22.47.26:243][654]LogTemp:Display: Added material ShaderMap 0x000001B1F05BB580 with Material 0x000001B1CBE58700 to ShaderMapsBeingCompiled
[2017.03.19-22.47.26:245][654]LogTemp:Display: Kicking off shader compilation for FDebugViewModeMaterialProxy 2383316_Mat, GameThreadShaderMap 0x000001B1F05BB580
[2017.03.19-22.47.26:595][654]LogTemp:Display: Finished compile of shader map 0x000001B1F05B9600
[2017.03.19-22.47.26:595][654]LogTemp:Display: Shader map FDebugViewModeMaterialProxy grass-textures-17_Mat complete, GameThreadShaderMap 0x000001B1F05B9600, marking material FDebugViewModeMaterialProxy grass-textures-17_Mat as finished
[2017.03.19-22.47.26:596][654]LogTemp:Display: Marking material as finished 0x000001B1CBE59C00
[2017.03.19-22.47.26:597][654]LogTemp:Display: Finished compile of shader map 0x000001B1F05BB580
[2017.03.19-22.47.26:597][654]LogTemp:Display: Shader map FDebugViewModeMaterialProxy 2383316_Mat complete, GameThreadShaderMap 0x000001B1F05BB580, marking material FDebugViewModeMaterialProxy 2383316_Mat as finished
[2017.03.19-22.47.26:597][654]LogTemp:Display: Marking material as finished 0x000001B1CBE58700
[2017.03.19-22.47.26:643][654]LogTemp:Display: Finished compile of shader map 0x000001B1F0659980
[2017.03.19-22.47.26:643][654]LogTemp:Display: Shader map FDebugViewModeMaterialProxy WorldGridMaterial complete, GameThreadShaderMap 0x000001B1F0659980, marking material FDebugViewModeMaterialProxy WorldGridMaterial as finished
[2017.03.19-22.47.26:643][654]LogTemp:Display: Marking material as finished 0x000001B1CBE58A00
[2017.03.19-22.47.26:647][654]TextureStreamingBuild:Display: Compiling optional shaders took 0.425 seconds.
[2017.03.19-22.47.26:655][654]LogLevel:Display: Export Material TexCoord Scales took 0.009 seconds.
[2017.03.19-22.47.26:660][654]TextureStreamingBuild:Display: Build Texture Streaming took 0.004 seconds.
[2017.03.19-22.47.26:671][654]LightingResults: New page: Lighting Build - Mar 19, 2017, 2:47:26 PM
[2017.03.19-22.47.26:698][654]LogSwarmInterface: [OpenConnection] Registering TCP channel ...
[2017.03.19-22.47.26:759][654]LogSwarmInterface: [OpenConnection] Connecting to agent ...
[2017.03.19-22.47.26:766][654]LogSwarmInterface: [TryOpenConnection] Testing the Agent
[2017.03.19-22.47.27:289][654]LogSwarmInterface: [TryOpenConnection] Opening Connection to Agent
[2017.03.19-22.47.27:289][654]LogSwarmInterface: [TryOpenConnection] Local Process ID is 3180
[2017.03.19-22.47.28:763][654]LogStaticLightingSystem:Warning: No importance volume found, so the scene bounding box was used.  You can optimize your scene's quality and lighting build times by adding importance volumes.
[2017.03.19-22.47.28:763][654]LogStaticLightingSystem: Running Lightmass w/ ImmediateImport mode ENABLED
[2017.03.19-22.47.28:763][654]LogStaticLightingSystem: Running Lightmass w/ ImmediateProcess mode ENABLED
[2017.03.19-22.47.28:763][654]LogStaticLightingSystem: Running Lightmass w/ Sorting mode ENABLED
[2017.03.19-22.47.28:763][654]LogStaticLightingSystem: Running Lightmass w/ Mapping paddings ENABLED
[2017.03.19-22.47.28:763][654]LogStaticLightingSystem: Running Lightmass w/ Mapping debug paddings DISABLED
[2017.03.19-22.47.28:935][654]Cmd: MAP CHECK DONTDISPLAYDIALOG
[2017.03.19-22.47.28:935][654]MapCheck: New page: NewMap - Mar 19, 2017, 2:47:28 PM
[2017.03.19-22.47.29:003][654]MapCheck: Info Map check complete: 0 Error(s), 0 Warning(s), took 68ms to complete.
[2017.03.19-22.47.29:025][654]LogEditorBuildUtils: Build time 0:03
[2017.03.19-22.47.29:065][654]LogMaterial: Missing cached shader map for material FLightmassMaterialRenderer 2383316_Mat, compiling. 
[2017.03.19-22.47.29:068][654]LogTemp:Display: Added material ShaderMap 0x000001B1997BE400 with Material 0x000001B1CBDE8400 to ShaderMapsBeingCompiled
[2017.03.19-22.47.29:078][654]LogTemp:Display: Kicking off shader compilation for FLightmassMaterialRenderer 2383316_Mat, GameThreadShaderMap 0x000001B1997BE400
[2017.03.19-22.47.29:084][654]LogMaterial: Missing cached shader map for material FLightmassMaterialRenderer 2383316_Mat, compiling. 
[2017.03.19-22.47.29:085][654]LogTemp:Display: Added material ShaderMap 0x000001B1D9201280 with Material 0x000001B1CBDEBA00 to ShaderMapsBeingCompiled
[2017.03.19-22.47.29:089][654]LogTemp:Display: Kicking off shader compilation for FLightmassMaterialRenderer 2383316_Mat, GameThreadShaderMap 0x000001B1D9201280
[2017.03.19-22.47.29:138][655]LogMaterial: Missing cached shader map for material FLightmassMaterialRenderer grass-textures-17_Mat, compiling. 
[2017.03.19-22.47.29:139][655]LogTemp:Display: Added material ShaderMap 0x000001B1D62D1280 with Material 0x000001B1FBE5A800 to ShaderMapsBeingCompiled
[2017.03.19-22.47.29:142][655]LogTemp:Display: Kicking off shader compilation for FLightmassMaterialRenderer grass-textures-17_Mat, GameThreadShaderMap 0x000001B1D62D1280
[2017.03.19-22.47.29:145][655]LogMaterial: Missing cached shader map for material FLightmassMaterialRenderer grass-textures-17_Mat, compiling. 
[2017.03.19-22.47.29:145][655]LogTemp:Display: Added material ShaderMap 0x000001B1F0695600 with Material 0x000001B1FBE59900 to ShaderMapsBeingCompiled
[2017.03.19-22.47.29:148][655]LogTemp:Display: Kicking off shader compilation for FLightmassMaterialRenderer grass-textures-17_Mat, GameThreadShaderMap 0x000001B1F0695600
[2017.03.19-22.47.29:794][656]LogTemp:Display: Finished compile of shader map 0x000001B1997BE400
[2017.03.19-22.47.29:794][656]LogTemp:Display: Shader map FLightmassMaterialRenderer 2383316_Mat complete, GameThreadShaderMap 0x000001B1997BE400, marking material FLightmassMaterialRenderer 2383316_Mat as finished
[2017.03.19-22.47.29:794][656]LogTemp:Display: Marking material as finished 0x000001B1CBDE8400
[2017.03.19-22.47.29:796][656]LogTemp:Display: Finished compile of shader map 0x000001B1D9201280
[2017.03.19-22.47.29:796][656]LogTemp:Display: Shader map FLightmassMaterialRenderer 2383316_Mat complete, GameThreadShaderMap 0x000001B1D9201280, marking material FLightmassMaterialRenderer 2383316_Mat as finished
[2017.03.19-22.47.29:796][656]LogTemp:Display: Marking material as finished 0x000001B1CBDEBA00
[2017.03.19-22.47.29:798][656]LogTemp:Display: Finished compile of shader map 0x000001B1D62D1280
[2017.03.19-22.47.29:798][656]LogTemp:Display: Shader map FLightmassMaterialRenderer grass-textures-17_Mat complete, GameThreadShaderMap 0x000001B1D62D1280, marking material FLightmassMaterialRenderer grass-textures-17_Mat as finished
[2017.03.19-22.47.29:798][656]LogTemp:Display: Marking material as finished 0x000001B1FBE5A800
[2017.03.19-22.47.29:800][656]LogTemp:Display: Finished compile of shader map 0x000001B1F0695600
[2017.03.19-22.47.29:800][656]LogTemp:Display: Shader map FLightmassMaterialRenderer grass-textures-17_Mat complete, GameThreadShaderMap 0x000001B1F0695600, marking material FLightmassMaterialRenderer grass-textures-17_Mat as finished
[2017.03.19-22.47.29:800][656]LogTemp:Display: Marking material as finished 0x000001B1FBE59900
[2017.03.19-22.47.31:428][671]Job is a success!
[2017.03.19-22.47.32:369][672]LogTexture:Display: Building textures: HQ_Lightmap1_1 (AutoDXT)
[2017.03.19-22.47.32:369][672]LogTexture:Display: Building textures: LQ_Lightmap_1_1 (DXT1)
[2017.03.19-22.47.32:369][672]LogTexture:Display: Building textures: ShadowMapTexture2D_1 (G8)
[2017.03.19-22.47.32:424][672]Lightmass on THEREDDEVIL: 1.46 sec total, 109 ms importing, 16 ms setup, 121 ms photons, 1.19 sec processing, 0 ms extra exporting [72/72 mappings]. Threads: 4.75 sec total, 320 ms processing.
[2017.03.19-22.47.32:620][672]LogStaticLightingSystem: Illumination: 5.69 sec (117 ms encoding lightmaps, 10 ms encoding shadowmaps)
[2017.03.19-22.47.32:620][672]LogStaticLightingSystem: Lightmap texture memory:  0.5 MB (0.0 MB streaming, 0.5 MB non-streaming), 2 textures
[2017.03.19-22.47.32:620][672]LogStaticLightingSystem: Shadowmap texture memory: 0.0 MB (0.0 MB streaming, 0.0 MB non-streaming), 1 textures
[2017.03.19-22.47.32:768][672]DumpUnbuiltLightIteractions
[2017.03.19-22.47.32:768][672]Lights with unbuilt interactions: 0
[2017.03.19-22.47.32:768][672]
[2017.03.19-22.47.32:768][672]Primitives with unbuilt interactions: 0
[2017.03.19-22.47.32:780][673]Cmd: MAP CHECK NOTIFYRESULTS
[2017.03.19-22.47.32:781][673]MapCheck: New page: NewMap - Mar 19, 2017, 2:47:32 PM
[2017.03.19-22.47.32:857][673]MapCheck: Info Map check complete: 0 Error(s), 0 Warning(s), took 75.743ms to complete.
[2017.03.19-22.47.37:909][774]Cmd: OBJ SAVEPACKAGE PACKAGE="/Game/NewMap" FILE="C:/Users/Amey Salvi/Documents/Unreal Projects/Prototype/Content/NewMap.umap" SILENT=true AUTOSAVING=false KEEPDIRTY=false
[2017.03.19-22.47.38:008][774]LogSavePackage: Save=62.13ms
[2017.03.19-22.47.38:008][774]LogSavePackage: Moving 'C:/Users/Amey Salvi/Documents/Unreal Projects/Prototype/Saved/NewMap516B97D04C1980C209A9D6AA2B0AB338.tmp' to 'C:/Users/Amey Salvi/Documents/Unreal Projects/Prototype/Content/NewMap.umap'
[2017.03.19-22.47.38:011][774]LogSavePackage:Display: Finished SavePackage C:/Users/Amey Salvi/Documents/Unreal Projects/Prototype/Content/NewMap.umap
[2017.03.19-22.47.38:039][774]Cmd: OBJ SAVEPACKAGE PACKAGE="/Game/NewMap_BuiltData" FILE="C:/Users/Amey Salvi/Documents/Unreal Projects/Prototype/Content/NewMap_BuiltData.uasset" SILENT=true
[2017.03.19-22.47.38:058][774]LogSavePackage: Save=17.09ms
[2017.03.19-22.47.38:059][774]LogSavePackage: Moving 'C:/Users/Amey Salvi/Documents/Unreal Projects/Prototype/Saved/NewMap_BuiltData7A42FBC3448CC754B4C0E6840DD34FF4.tmp' to 'C:/Users/Amey Salvi/Documents/Unreal Projects/Prototype/Content/NewMap_BuiltData.uasset'
[2017.03.19-22.47.38:062][774]LogSavePackage:Display: Finished SavePackage C:/Users/Amey Salvi/Documents/Unreal Projects/Prototype/Content/NewMap_BuiltData.uasset
[2017.03.19-22.48.32:617][ 36]Cmd: OBJ SAVEPACKAGE PACKAGE="/Game/NewMap" FILE="C:/Users/Amey Salvi/Documents/Unreal Projects/Prototype/Content/NewMap.umap" SILENT=true AUTOSAVING=false KEEPDIRTY=false
[2017.03.19-22.48.32:742][ 36]LogSavePackage: Save=91.65ms
[2017.03.19-22.48.32:742][ 36]LogSavePackage: Moving 'C:/Users/Amey Salvi/Documents/Unreal Projects/Prototype/Saved/NewMap173940B44584C6200D2949828D33C5AA.tmp' to 'C:/Users/Amey Salvi/Documents/Unreal Projects/Prototype/Content/NewMap.umap'
[2017.03.19-22.48.32:744][ 36]LogSavePackage:Display: Finished SavePackage C:/Users/Amey Salvi/Documents/Unreal Projects/Prototype/Content/NewMap.umap
[2017.03.19-22.48.32:812][ 36]Cmd: OBJ SAVEPACKAGE PACKAGE="/Game/NewMap_BuiltData" FILE="C:/Users/Amey Salvi/Documents/Unreal Projects/Prototype/Content/NewMap_BuiltData.uasset" SILENT=true
[2017.03.19-22.48.32:846][ 36]LogSavePackage: Save=30.36ms
[2017.03.19-22.48.32:846][ 36]LogSavePackage: Moving 'C:/Users/Amey Salvi/Documents/Unreal Projects/Prototype/Saved/NewMap_BuiltData1DE3A65845D838E4B39DD4BA9C576A12.tmp' to 'C:/Users/Amey Salvi/Documents/Unreal Projects/Prototype/Content/NewMap_BuiltData.uasset'
[2017.03.19-22.48.32:848][ 36]LogSavePackage:Display: Finished SavePackage C:/Users/Amey Salvi/Documents/Unreal Projects/Prototype/Content/NewMap_BuiltData.uasset
[2017.03.19-22.49.33:328][986]LogWindowsTextInputMethodSystem:Display: IME system now deactivated.
[2017.03.19-22.49.33:579][987]Cmd: QUIT_EDITOR
[2017.03.19-22.49.33:744][987]LogExit: Preparing to exit.
[2017.03.19-22.49.34:583][987]LogExit: Editor shut down
[2017.03.19-22.49.34:584][987]LogExit: Transaction tracking system shut down
[2017.03.19-22.49.34:673][987]LogObj: Freed 0b from 0 cluster array pools.
[2017.03.19-22.49.34:673][987]LogExit: Object subsystem successfully closed.
[2017.03.19-22.49.34:686][987]LogD3D11RHI: Shutdown
[2017.03.19-22.49.34:686][987]LogD3D11RHI: CleanupD3DDevice
[2017.03.19-22.49.34:863][987]LogD3D11RHI: ~FD3D11DynamicRHI
[2017.03.19-22.49.34:876][987]LogModuleManager: Shutting down and abandoning module HierarchicalLODUtilities (498)
[2017.03.19-22.49.34:876][987]LogModuleManager: Shutting down and abandoning module HierarchicalLODOutliner (496)
[2017.03.19-22.49.34:876][987]LogModuleManager: Shutting down and abandoning module CrashTracker (494)
[2017.03.19-22.49.34:876][987]LogModuleManager: Shutting down and abandoning module SceneOutliner (492)
[2017.03.19-22.49.34:876][987]LogModuleManager: Shutting down and abandoning module AddContentDialog (490)
[2017.03.19-22.49.34:876][987]LogDirectoryWatcher: A directory notification for 'D:/UE_4.15/FeaturePacks/' was aborted.
[2017.03.19-22.49.34:877][987]LogModuleManager: Shutting down and abandoning module WidgetCarousel (489)
[2017.03.19-22.49.34:877][987]LogModuleManager: Shutting down and abandoning module EditorWidgets (486)
[2017.03.19-22.49.34:877][987]LogModuleManager: Shutting down and abandoning module CollectionManager (484)
[2017.03.19-22.49.34:877][987]LogDirectoryWatcher: A directory notification for 'C:/Users/Amey Salvi/Documents/Unreal Projects/Prototype/Content/Collections/' was aborted.
[2017.03.19-22.49.34:878][987]LogDirectoryWatcher: A directory notification for 'C:/Users/Amey Salvi/Documents/Unreal Projects/Prototype/Content/Developers/AmeySalvi/Collections/' was aborted.
[2017.03.19-22.49.34:878][987]LogDirectoryWatcher: A directory notification for 'C:/Users/Amey Salvi/Documents/Unreal Projects/Prototype/Saved/Collections/' was aborted.
[2017.03.19-22.49.34:878][987]LogModuleManager: Shutting down and abandoning module StatsViewer (482)
[2017.03.19-22.49.34:878][987]LogModuleManager: Shutting down and abandoning module FoliageEdit (480)
[2017.03.19-22.49.34:878][987]LogModuleManager: Shutting down and abandoning module LandscapeEditor (478)
[2017.03.19-22.49.34:878][987]LogModuleManager: Shutting down and abandoning module SceneDepthPickerMode (476)
[2017.03.19-22.49.34:878][987]LogModuleManager: Shutting down and abandoning module ActorPickerMode (474)
[2017.03.19-22.49.34:878][987]LogModuleManager: Shutting down and abandoning module GeometryMode (472)
[2017.03.19-22.49.34:878][987]LogModuleManager: Shutting down and abandoning module TextureAlignMode (470)
[2017.03.19-22.49.34:878][987]LogModuleManager: Shutting down and abandoning module BspMode (468)
[2017.03.19-22.49.34:878][987]LogModuleManager: Shutting down and abandoning module HardwareSurvey (466)
[2017.03.19-22.49.34:878][987]LogModuleManager: Shutting down and abandoning module SequenceRecorderSections (464)
[2017.03.19-22.49.34:878][987]LogModuleManager: Shutting down and abandoning module AutomationWorker (462)
[2017.03.19-22.49.34:878][987]LogModuleManager: Shutting down and abandoning module MatineeToLevelSequence (460)
[2017.03.19-22.49.34:878][987]LogModuleManager: Shutting down and abandoning module LevelSequenceEditor (458)
[2017.03.19-22.49.34:878][987]LogModuleManager: Shutting down and abandoning module PlacementMode (457)
[2017.03.19-22.49.34:878][987]LogModuleManager: Shutting down and abandoning module WmfMediaFactory (454)
[2017.03.19-22.49.34:878][987]LogModuleManager: Shutting down and abandoning module WmfMediaEditor (452)
[2017.03.19-22.49.34:878][987]LogModuleManager: Shutting down and abandoning module MfMediaFactory (450)
[2017.03.19-22.49.34:878][987]LogModuleManager: Shutting down and abandoning module MfMediaEditor (448)
[2017.03.19-22.49.34:878][987]LogModuleManager: Shutting down and abandoning module AvfMediaFactory (446)
[2017.03.19-22.49.34:878][987]LogModuleManager: Shutting down and abandoning module AvfMediaEditor (444)
[2017.03.19-22.49.34:878][987]LogModuleManager: Shutting down and abandoning module AndroidMediaFactory (442)
[2017.03.19-22.49.34:878][987]LogModuleManager: Shutting down and abandoning module Media (441)
[2017.03.19-22.49.34:878][987]LogModuleManager: Shutting down and abandoning module AndroidMediaEditor (438)
[2017.03.19-22.49.34:878][987]LogModuleManager: Shutting down and abandoning module CharacterAI (436)
[2017.03.19-22.49.34:878][987]LogModuleManager: Shutting down and abandoning module AudioCapture (434)
[2017.03.19-22.49.34:878][987]LogModuleManager: Shutting down and abandoning module SequenceRecorder (433)
[2017.03.19-22.49.34:878][987]LogModuleManager: Shutting down and abandoning module SmartSnapping (430)
[2017.03.19-22.49.34:879][987]LogModuleManager: Shutting down and abandoning module SessionServices (428)
[2017.03.19-22.49.34:879][987]LogModuleManager: Shutting down and abandoning module ViewportSnapping (426)
[2017.03.19-22.49.34:879][987]LogModuleManager: Shutting down and abandoning module ViewportInteraction (424)
[2017.03.19-22.49.34:879][987]LogModuleManager: Shutting down and abandoning module LogVisualizer (422)
[2017.03.19-22.49.34:879][987]LogModuleManager: Shutting down and abandoning module IntroTutorials (420)
[2017.03.19-22.49.34:879][987]LogModuleManager: Shutting down and abandoning module GameProjectGeneration (419)
[2017.03.19-22.49.34:879][987]LogModuleManager: Shutting down and abandoning module EditorLiveStreaming (416)
[2017.03.19-22.49.34:879][987]LogModuleManager: Shutting down and abandoning module IOSPlatformEditor (414)
[2017.03.19-22.49.34:879][987]LogModuleManager: Shutting down and abandoning module HTML5PlatformEditor (412)
[2017.03.19-22.49.34:879][987]LogModuleManager: Shutting down and abandoning module AndroidPlatformEditor (410)
[2017.03.19-22.49.34:879][987]LogModuleManager: Shutting down and abandoning module AndroidDeviceDetection (409)
[2017.03.19-22.49.35:441][987]LogModuleManager: Shutting down and abandoning module IOSRuntimeSettings (406)
[2017.03.19-22.49.35:441][987]LogModuleManager: Shutting down and abandoning module AndroidRuntimeSettings (404)
[2017.03.19-22.49.35:441][987]LogModuleManager: Shutting down and abandoning module InputBindingEditor (402)
[2017.03.19-22.49.35:441][987]LogModuleManager: Shutting down and abandoning module NiagaraEditor (400)
[2017.03.19-22.49.35:441][987]LogModuleManager: Shutting down and abandoning module MergeActors (398)
[2017.03.19-22.49.35:441][987]LogModuleManager: Shutting down and abandoning module SizeMap (396)
[2017.03.19-22.49.35:441][987]LogModuleManager: Shutting down and abandoning module TreeMap (394)
[2017.03.19-22.49.35:441][987]LogModuleManager: Shutting down and abandoning module ReferenceViewer (392)
[2017.03.19-22.49.35:441][987]LogModuleManager: Shutting down and abandoning module LocalizationDashboard (390)
[2017.03.19-22.49.35:441][987]LogModuleManager: Shutting down and abandoning module LocalizationService (389)
[2017.03.19-22.49.35:441][987]LogModuleManager: Shutting down and abandoning module HardwareTargeting (386)
[2017.03.19-22.49.35:441][987]LogModuleManager: Shutting down and abandoning module DeviceProfileEditor (384)
[2017.03.19-22.49.35:441][987]LogModuleManager: Shutting down and abandoning module UndoHistory (382)
[2017.03.19-22.49.35:441][987]LogModuleManager: Shutting down and abandoning module UserFeedback (380)
[2017.03.19-22.49.35:441][987]LogModuleManager: Shutting down and abandoning module XmlParser (378)
[2017.03.19-22.49.35:441][987]LogModuleManager: Shutting down and abandoning module Blutility (376)
[2017.03.19-22.49.35:441][987]LogModuleManager: Shutting down and abandoning module ProjectSettingsViewer (374)
[2017.03.19-22.49.35:441][987]LogModuleManager: Shutting down and abandoning module ProjectTargetPlatformEditor (373)
[2017.03.19-22.49.35:442][987]LogModuleManager: Shutting down and abandoning module EditorSettingsViewer (370)
[2017.03.19-22.49.35:442][987]LogModuleManager: Shutting down and abandoning module SettingsEditor (368)
[2017.03.19-22.49.35:442][987]LogModuleManager: Shutting down and abandoning module ProjectLauncher (366)
[2017.03.19-22.49.35:442][987]LogModuleManager: Shutting down and abandoning module SessionFrontend (364)
[2017.03.19-22.49.35:442][987]LogModuleManager: Shutting down and abandoning module ProfilerClient (362)
[2017.03.19-22.49.35:442][987]LogModuleManager: Shutting down and abandoning module DeviceManager (360)
[2017.03.19-22.49.35:442][987]LogModuleManager: Shutting down and abandoning module TargetDeviceServices (359)
[2017.03.19-22.49.35:494][987]LogModuleManager: Shutting down and abandoning module AutomationController (356)
[2017.03.19-22.49.35:494][987]LogModuleManager: Shutting down and abandoning module AutomationWindow (354)
[2017.03.19-22.49.35:494][987]LogModuleManager: Shutting down and abandoning module Layers (352)
[2017.03.19-22.49.35:494][987]LogModuleManager: Shutting down and abandoning module ComponentVisualizers (350)
[2017.03.19-22.49.35:494][987]LogModuleManager: Shutting down and abandoning module DetailCustomizations (348)
[2017.03.19-22.49.35:494][987]LogModuleManager: Shutting down and abandoning module PackagesDialog (346)
[2017.03.19-22.49.35:494][987]LogModuleManager: Shutting down and abandoning module Persona (344)
[2017.03.19-22.49.35:494][987]LogModuleManager: Shutting down and abandoning module AnimGraph (343)
[2017.03.19-22.49.35:494][987]LogModuleManager: Shutting down and abandoning module Kismet (340)
[2017.03.19-22.49.35:496][987]LogModuleManager: Shutting down and abandoning module GraphEditor (338)
[2017.03.19-22.49.35:496][987]LogModuleManager: Shutting down and abandoning module ClassViewer (336)
[2017.03.19-22.49.35:496][987]LogModuleManager: Shutting down and abandoning module Toolbox (334)
[2017.03.19-22.49.35:496][987]LogModuleManager: Shutting down and abandoning module ModuleUI (332)
[2017.03.19-22.49.35:496][987]LogModuleManager: Shutting down and abandoning module MovieSceneTools (330)
[2017.03.19-22.49.35:496][987]LogModuleManager: Shutting down and abandoning module OutputLog (328)
[2017.03.19-22.49.35:496][987]LogModuleManager: Shutting down and abandoning module GammaUI (326)
[2017.03.19-22.49.35:496][987]LogModuleManager: Shutting down and abandoning module Documentation (324)
[2017.03.19-22.49.35:496][987]LogModuleManager: Shutting down and abandoning module Niagara (322)
[2017.03.19-22.49.35:496][987]LogModuleManager: Shutting down and abandoning module StreamingPauseRendering (320)
[2017.03.19-22.49.35:496][987]LogModuleManager: Shutting down and abandoning module AnalyticsET (318)
[2017.03.19-22.49.35:496][987]LogModuleManager: Shutting down and abandoning module PortalServices (316)
[2017.03.19-22.49.35:496][987]LogModuleManager: Shutting down and abandoning module PortalRpc (314)
[2017.03.19-22.49.35:496][987]LogModuleManager: Shutting down and abandoning module MessagingRpc (312)
[2017.03.19-22.49.35:496][987]LogModuleManager: Shutting down and abandoning module AIModule (310)
[2017.03.19-22.49.35:496][987]LogModuleManager: Shutting down and abandoning module GameplayDebugger (309)
[2017.03.19-22.49.35:496][987]LogModuleManager: Shutting down and abandoning module AITestSuite (307)
[2017.03.19-22.49.35:496][987]LogModuleManager: Shutting down and abandoning module ProfilerService (304)
[2017.03.19-22.49.35:520][987]LogModuleManager: Shutting down and abandoning module TaskGraph (302)
[2017.03.19-22.49.35:520][987]LogModuleManager: Shutting down and abandoning module SteamVRController (300)
[2017.03.19-22.49.35:520][987]LogModuleManager: Shutting down and abandoning module SteamVR (298)
[2017.03.19-22.49.35:520][987]LogModuleManager: Shutting down and abandoning module ProceduralMeshComponentEditor (296)
[2017.03.19-22.49.35:520][987]LogModuleManager: Shutting down and abandoning module ProceduralMeshComponent (294)
[2017.03.19-22.49.35:520][987]LogModuleManager: Shutting down and abandoning module OculusLibrary (292)
[2017.03.19-22.49.35:520][987]LogModuleManager: Shutting down and abandoning module OculusInput (290)
[2017.03.19-22.49.35:520][987]LogModuleManager: Shutting down and abandoning module MobilePatchingUtils (288)
[2017.03.19-22.49.35:520][987]LogModuleManager: Shutting down and abandoning module CustomMeshComponent (286)
[2017.03.19-22.49.35:520][987]LogModuleManager: Shutting down and abandoning module CableComponent (284)
[2017.03.19-22.49.35:520][987]LogModuleManager: Shutting down and abandoning module ArchVisCharacter (282)
[2017.03.19-22.49.35:520][987]LogModuleManager: Shutting down and abandoning module MediaPlayerEditor (278)
[2017.03.19-22.49.35:520][987]LogModuleManager: Shutting down and abandoning module HTML5Networking (276)
[2017.03.19-22.49.35:520][987]LogModuleManager: Shutting down and abandoning module AlembicImporter (274)
[2017.03.19-22.49.35:520][987]LogModuleManager: Shutting down and abandoning module AlembicLibrary (273)
[2017.03.19-22.49.35:520][987]LogModuleManager: Shutting down and abandoning module GeometryCache (272)
[2017.03.19-22.49.35:520][987]LogModuleManager: Shutting down and abandoning module GeometryCacheEd (271)
[2017.03.19-22.49.35:520][987]LogModuleManager: Shutting down and abandoning module SuperSearchEditor (266)
[2017.03.19-22.49.35:520][987]LogModuleManager: Shutting down and abandoning module SuperSearch (265)
[2017.03.19-22.49.35:520][987]LogModuleManager: Shutting down and abandoning module SpeedTreeImporter (262)
[2017.03.19-22.49.35:520][987]LogModuleManager: Shutting down and abandoning module PluginBrowser (260)
[2017.03.19-22.49.35:520][987]LogModuleManager: Shutting down and abandoning module MobileLauncherProfileWizard (258)
[2017.03.19-22.49.35:521][987]LogModuleManager: Shutting down and abandoning module EpicSurvey (256)
[2017.03.19-22.49.35:521][987]LogModuleManager: Shutting down and abandoning module VisualStudioSourceCodeAccess (254)
[2017.03.19-22.49.35:521][987]LogModuleManager: Shutting down and abandoning module DesktopPlatform (253)
[2017.03.19-22.49.35:521][987]LogModuleManager: Shutting down and abandoning module UObjectPlugin (250)
[2017.03.19-22.49.35:521][987]LogModuleManager: Shutting down and abandoning module SubversionSourceControl (248)
[2017.03.19-22.49.35:521][987]LogModuleManager: Shutting down and abandoning module PerforceSourceControl (246)
[2017.03.19-22.49.35:521][987]LogModuleManager: Shutting down and abandoning module GitSourceControl (244)
[2017.03.19-22.49.35:521][987]LogModuleManager: Shutting down and abandoning module SourceControl (243)
[2017.03.19-22.49.35:521][987]LogModuleManager: Shutting down and abandoning module LightPropagationVolumeEditor (240)
[2017.03.19-22.49.35:521][987]LogModuleManager: Shutting down and abandoning module PaperTiledImporter (238)
[2017.03.19-22.49.35:521][987]LogModuleManager: Shutting down and abandoning module PaperSpriteSheetImporter (236)
[2017.03.19-22.49.35:521][987]LogModuleManager: Shutting down and abandoning module Paper2DEditor (234)
[2017.03.19-22.49.35:521][987]LogModuleManager: Shutting down and abandoning module MeshPaint (233)
[2017.03.19-22.49.35:521][987]LogModuleManager: Shutting down and abandoning module LevelEditor (231)
[2017.03.19-22.49.35:523][987]LogModuleManager: Shutting down and abandoning module PixelInspectorModule (230)
[2017.03.19-22.49.35:523][987]LogModuleManager: Shutting down and abandoning module MainFrame (228)
[2017.03.19-22.49.35:523][987]LogModuleManager: Shutting down and abandoning module HotReload (227)
[2017.03.19-22.49.35:523][987]LogModuleManager: Shutting down and abandoning module ContentBrowser (223)
[2017.03.19-22.49.35:525][987]LogModuleManager: Shutting down and abandoning module PhysXVehiclesEditor (220)
[2017.03.19-22.49.35:525][987]LogModuleManager: Shutting down and abandoning module PhysXVehicles (218)
[2017.03.19-22.49.35:525][987]LogModuleManager: Shutting down and abandoning module LocationServicesBPLibrary (216)
[2017.03.19-22.49.35:525][987]LogModuleManager: Shutting down and abandoning module UdpMessaging (214)
[2017.03.19-22.49.35:626][987]LogModuleManager: Shutting down and abandoning module TcpMessaging (212)
[2017.03.19-22.49.35:727][987]LogModuleManager: Shutting down and abandoning module GameplayTagsEditor (210)
[2017.03.19-22.49.35:727][987]LogModuleManager: Shutting down and abandoning module FacialAnimationEditor (208)
[2017.03.19-22.49.35:727][987]LogModuleManager: Shutting down and abandoning module FacialAnimation (206)
[2017.03.19-22.49.35:727][987]LogModuleManager: Shutting down and abandoning module LightPropagationVolumeRuntime (204)
[2017.03.19-22.49.35:727][987]LogModuleManager: Shutting down and abandoning module Paper2D (202)
[2017.03.19-22.49.35:727][987]LogModuleManager: Shutting down and abandoning module WindowsMoviePlayer (200)
[2017.03.19-22.49.35:727][987]LogModuleManager: Shutting down and abandoning module WmfMedia (198)
[2017.03.19-22.49.35:727][987]LogModuleManager: Shutting down and abandoning module MfMedia (196)
[2017.03.19-22.49.35:727][987]LogModuleManager: Shutting down and abandoning module MediaAssets (194)
[2017.03.19-22.49.35:727][987]LogModuleManager: Shutting down and abandoning module GameLiveStreaming (192)
[2017.03.19-22.49.35:727][987]LogModuleManager: Shutting down and abandoning module VREditor (190)
[2017.03.19-22.49.35:727][987]LogModuleManager: Shutting down and abandoning module GameplayTasksEditor (188)
[2017.03.19-22.49.35:727][987]LogModuleManager: Shutting down and abandoning module BehaviorTreeEditor (186)
[2017.03.19-22.49.35:727][987]LogModuleManager: Shutting down and abandoning module FunctionalTesting (184)
[2017.03.19-22.49.35:727][987]LogModuleManager: Shutting down and abandoning module CollisionAnalyzer (182)
[2017.03.19-22.49.35:727][987]LogModuleManager: Shutting down and abandoning module UMG (180)
[2017.03.19-22.49.35:727][987]LogModuleManager: Shutting down and abandoning module UMGEditor (179)
[2017.03.19-22.49.35:727][987]LogModuleManager: Shutting down and abandoning module Sequencer (178)
[2017.03.19-22.49.35:727][987]LogModuleManager: Shutting down and abandoning module AssetTools (176)
[2017.03.19-22.49.35:727][987]LogModuleManager: Shutting down and abandoning module MessageLog (175)
[2017.03.19-22.49.35:727][987]LogModuleManager: Shutting down and abandoning module WorkspaceMenuStructure (174)
[2017.03.19-22.49.35:727][987]LogModuleManager: Shutting down and abandoning module SlateReflector (168)
[2017.03.19-22.49.35:727][987]LogModuleManager: Shutting down and abandoning module Slate (166)
[2017.03.19-22.49.35:727][987]LogModuleManager: Shutting down and abandoning module EditorStyle (164)
[2017.03.19-22.49.35:729][987]LogModuleManager: Shutting down and abandoning module SourceCodeAccess (162)
[2017.03.19-22.49.35:729][987]LogModuleManager: Shutting down and abandoning module HeadMountedDisplay (160)
[2017.03.19-22.49.35:729][987]LogModuleManager: Shutting down and abandoning module XAudio2 (158)
[2017.03.19-22.49.35:729][987]LogModuleManager: Shutting down and abandoning module Networking (156)
[2017.03.19-22.49.35:729][987]LogModuleManager: Shutting down and abandoning module Core (152)
[2017.03.19-22.49.35:729][987]LogModuleManager: Shutting down and abandoning module AssetRegistry (150)
[2017.03.19-22.49.35:893][987]LogDirectoryWatcher: A directory notification for '../../../Engine/Content/' was aborted.
[2017.03.19-22.49.35:893][987]LogDirectoryWatcher: A directory notification for 'C:/Users/Amey Salvi/Documents/Unreal Projects/Prototype/Content/' was aborted.
[2017.03.19-22.49.35:893][987]LogDirectoryWatcher: A directory notification for '../../../Engine/Plugins/2D/Paper2D/Content/' was aborted.
[2017.03.19-22.49.35:893][987]LogModuleManager: Shutting down and abandoning module DirectoryWatcher (149)
[2017.03.19-22.49.35:894][987]LogModuleManager: Shutting down and abandoning module KismetCompiler (146)
[2017.03.19-22.49.35:894][987]LogModuleManager: Shutting down and abandoning module PhysXFormats (144)
[2017.03.19-22.49.35:894][987]LogModuleManager: Shutting down and abandoning module MeshUtilities (142)
[2017.03.19-22.49.35:895][987]LogModuleManager: Shutting down and abandoning module SimplygonSwarm (141)
[2017.03.19-22.49.35:895][987]LogModuleManager: Shutting down and abandoning module SimplygonMeshReduction (139)
[2017.03.19-22.49.35:895][987]LogModuleManager: Shutting down and abandoning module QuadricMeshReduction (137)
[2017.03.19-22.49.35:895][987]LogModuleManager: Shutting down and abandoning module PropertyEditor (135)
[2017.03.19-22.49.35:895][987]LogModuleManager: Shutting down and abandoning module DerivedDataCache (132)
[2017.03.19-22.49.35:984][987]LogDerivedDataCache: Shutdown
[2017.03.19-22.49.35:984][987]LogModuleManager: Shutting down and abandoning module TargetPlatform (130)
[2017.03.19-22.49.35:984][987]LogModuleManager: Shutting down and abandoning module VulkanShaderFormat (129)
[2017.03.19-22.49.35:984][987]LogModuleManager: Shutting down and abandoning module ShaderFormatOpenGL (127)
[2017.03.19-22.49.35:984][987]LogModuleManager: Shutting down and abandoning module ShaderFormatD3D (125)
[2017.03.19-22.49.35:984][987]LogModuleManager: Shutting down and abandoning module MetalShaderFormat (123)
[2017.03.19-22.49.35:984][987]LogModuleManager: Shutting down and abandoning module TextureFormatUncompressed (121)
[2017.03.19-22.49.35:984][987]LogModuleManager: Shutting down and abandoning module TextureFormatPVR (119)
[2017.03.19-22.49.35:984][987]LogModuleManager: Shutting down and abandoning module TextureFormatDXT (117)
[2017.03.19-22.49.35:984][987]LogModuleManager: Shutting down and abandoning module TextureFormatIntelISPCTexComp (115)
[2017.03.19-22.49.35:984][987]LogModuleManager: Shutting down and abandoning module TextureFormatASTC (113)
[2017.03.19-22.49.35:984][987]LogModuleManager: Shutting down and abandoning module ImageWrapper (112)
[2017.03.19-22.49.35:984][987]LogModuleManager: Shutting down and abandoning module TextureFormatAndroid (109)
[2017.03.19-22.49.35:984][987]LogModuleManager: Shutting down and abandoning module AudioFormatOpus (107)
[2017.03.19-22.49.35:984][987]LogModuleManager: Shutting down and abandoning module AudioFormatOgg (105)
[2017.03.19-22.49.35:984][987]LogModuleManager: Shutting down and abandoning module AudioFormatADPCM (103)
[2017.03.19-22.49.35:984][987]LogModuleManager: Shutting down and abandoning module LinuxTargetPlatform (101)
[2017.03.19-22.49.35:984][987]LogModuleManager: Shutting down and abandoning module LinuxServerTargetPlatform (99)
[2017.03.19-22.49.35:985][987]LogModuleManager: Shutting down and abandoning module LinuxNoEditorTargetPlatform (97)
[2017.03.19-22.49.35:985][987]LogModuleManager: Shutting down and abandoning module LinuxClientTargetPlatform (95)
[2017.03.19-22.49.35:985][987]LogModuleManager: Shutting down and abandoning module TVOSTargetPlatform (93)
[2017.03.19-22.49.35:985][987]LogModuleManager: Shutting down and abandoning module Messaging (91)
[2017.03.19-22.49.35:985][987]LogModuleManager: Shutting down and abandoning module IOSTargetPlatform (89)
[2017.03.19-22.49.35:985][987]LogModuleManager: Shutting down and abandoning module HTML5TargetPlatform (87)
[2017.03.19-22.49.35:985][987]LogModuleManager: Shutting down and abandoning module Android_PVRTCTargetPlatform (85)
[2017.03.19-22.49.35:985][987]LogModuleManager: Shutting down and abandoning module Android_MultiTargetPlatform (83)
[2017.03.19-22.49.35:985][987]LogModuleManager: Shutting down and abandoning module Android_ETC2TargetPlatform (81)
[2017.03.19-22.49.35:985][987]LogModuleManager: Shutting down and abandoning module Android_ETC1TargetPlatform (79)
[2017.03.19-22.49.35:985][987]LogModuleManager: Shutting down and abandoning module Android_DXTTargetPlatform (77)
[2017.03.19-22.49.35:985][987]LogModuleManager: Shutting down and abandoning module Android_ATCTargetPlatform (75)
[2017.03.19-22.49.35:985][987]LogModuleManager: Shutting down and abandoning module Android_ASTCTargetPlatform (73)
[2017.03.19-22.49.35:985][987]LogModuleManager: Shutting down and abandoning module AndroidTargetPlatform (71)
[2017.03.19-22.49.35:985][987]LogModuleManager: Shutting down and abandoning module WindowsTargetPlatform (69)
[2017.03.19-22.49.35:985][987]LogModuleManager: Shutting down and abandoning module WindowsServerTargetPlatform (67)
[2017.03.19-22.49.35:985][987]LogModuleManager: Shutting down and abandoning module WindowsNoEditorTargetPlatform (65)
[2017.03.19-22.49.35:985][987]LogModuleManager: Shutting down and abandoning module WindowsClientTargetPlatform (63)
[2017.03.19-22.49.35:985][987]LogModuleManager: Shutting down and abandoning module MacTargetPlatform (61)
[2017.03.19-22.49.35:985][987]LogModuleManager: Shutting down and abandoning module MacServerTargetPlatform (59)
[2017.03.19-22.49.35:985][987]LogModuleManager: Shutting down and abandoning module MacNoEditorTargetPlatform (57)
[2017.03.19-22.49.35:985][987]LogModuleManager: Shutting down and abandoning module MacClientTargetPlatform (55)
[2017.03.19-22.49.35:985][987]LogModuleManager: Shutting down and abandoning module AllDesktopTargetPlatform (53)
[2017.03.19-22.49.35:985][987]LogModuleManager: Shutting down and abandoning module InputCore (50)
[2017.03.19-22.49.35:985][987]LogModuleManager: Shutting down and abandoning module Settings (48)
[2017.03.19-22.49.35:985][987]LogModuleManager: Shutting down and abandoning module OculusRift (46)
[2017.03.19-22.49.35:985][987]LogModuleManager: Shutting down and abandoning module ExampleDeviceProfileSelector (44)
[2017.03.19-22.49.35:985][987]LogModuleManager: Shutting down and abandoning module OnlineBlueprintSupport (42)
[2017.03.19-22.49.35:985][987]LogModuleManager: Shutting down and abandoning module OnlineSubsystem (38)
[2017.03.19-22.49.35:985][987]LogOnline:Display: Unloading online subsystem: NULL
[2017.03.19-22.49.35:985][987]LogModuleManager: Shutting down and abandoning module XMPP (37)
[2017.03.19-22.49.35:985][987]LogModuleManager: Shutting down and abandoning module HTTP (35)
[2017.03.19-22.49.35:985][987]LogHttp:Display: Http module shutting down, but needs to wait on 1 outstanding Http requests:
[2017.03.19-22.49.35:985][987]LogHttp:Display: 	verb=[POST] url=[https://datarouter.ol.epicgames.com/datarouter/api/v1/public/data?SessionID=%7B2CD6B95C-4F05-4DC0-6E3E-AB9BA25C5FCF%7D&AppID=UEEditor.Rocket.Release&AppVersion=4.15.0-3299760%2B%2B%2BUE4%2BRelease-4.15&UserID=456720a84062a9193a5d45baee3e87e6%7C12262a2d52c0462a95ee85364bea3a58%7C731315e5-fe7d-4408-8b6d-d74ec9557f31&AppEnvironment=datacollector-binary&UploadType=eteventstream] status=Processing
[2017.03.19-22.49.36:018][987]LogModuleManager: Shutting down and abandoning module SSL (34)
[2017.03.19-22.49.36:021][987]LogModuleManager: Shutting down and abandoning module AudioEditor (30)
[2017.03.19-22.49.36:021][987]LogModuleManager: Shutting down and abandoning module TextureCompressor (28)
[2017.03.19-22.49.36:021][987]LogModuleManager: Shutting down and abandoning module ShaderCore (26)
[2017.03.19-22.49.36:022][987]LogModuleManager: Shutting down and abandoning module Landscape (24)
[2017.03.19-22.49.36:022][987]LogModuleManager: Shutting down and abandoning module SlateRHIRenderer (22)
[2017.03.19-22.49.36:023][987]LogModuleManager: Shutting down and abandoning module OpenGLDrv (20)
[2017.03.19-22.49.36:023][987]LogModuleManager: Shutting down and abandoning module D3D11RHI (18)
[2017.03.19-22.49.36:023][987]LogModuleManager: Shutting down and abandoning module AnimGraphRuntime (16)
[2017.03.19-22.49.36:023][987]LogModuleManager: Shutting down and abandoning module Renderer (14)
[2017.03.19-22.49.36:023][987]LogModuleManager: Shutting down and abandoning module Engine (12)
[2017.03.19-22.49.36:023][987]LogModuleManager: Shutting down and abandoning module CoreUObject (10)
[2017.03.19-22.49.36:023][987]LogModuleManager: Shutting down and abandoning module NetworkFile (8)
[2017.03.19-22.49.36:023][987]LogModuleManager: Shutting down and abandoning module StreamingFile (6)
[2017.03.19-22.49.36:023][987]LogModuleManager: Shutting down and abandoning module SandboxFile (4)
[2017.03.19-22.49.36:023][987]LogModuleManager: Shutting down and abandoning module PakFile (2)
[2017.03.19-22.49.36:027][987]LogExit: Exiting.
[2017.03.19-22.49.36:030][987]Log file closed, 03/19/17 18:49:36
