Log file open, 03/20/17 01:41:41
LogInit:Display: Running engine for game: Prototype
LogPlatformFile: Not using cached read wrapper
LogInit:Display: RandInit(-749893582) SRandInit(-749893582).
LogTaskGraph: Started task graph with 5 named threads and 8 total threads with 1 sets of task threads.
LogStats: Stats thread started at 0.068566
LogInit: Using libcurl 7.47.1
LogInit:  - built for x86_64-pc-win32
LogInit:  - supports SSL with OpenSSL/1.0.2g
LogInit:  - supports HTTP deflate (compression) using libz 1.2.8
LogInit:  - other features:
LogInit:      CURL_VERSION_SSL
LogInit:      CURL_VERSION_LIBZ
LogInit:      CURL_VERSION_IPV6
LogInit:      CURL_VERSION_ASYNCHDNS
LogInit:      CURL_VERSION_LARGEFILE
LogInit:      CURL_VERSION_IDN
LogInit:  CurlRequestOptions (configurable via config and command line):
LogInit:  - bVerifyPeer = false  - Libcurl will NOT verify peer certificate
LogInit:  - bUseHttpProxy = false  - Libcurl will NOT use HTTP proxy
LogInit:  - bDontReuseConnections = false  - Libcurl will reuse connections
LogInit:  - CertBundlePath = nullptr  - Libcurl will use whatever was configured at build time.
LogModuleManager:Warning: No filename provided for module OnlineSubsystem<Default Platform Identifier>
LogModuleManager:Warning: ModuleManager: Unable to load module 'OnlineSubsystem<Default Platform Identifier>' because the file 'C:/Program Files/Epic Games/UE_4.15/Engine/Binaries/Win64/' was not found.
LogInit: WinSock: version 1.1 (2.2), MaxSocks=32767, MaxUdp=65467
LogInit: Build: ++UE4+Release-4.15-CL-3299760
LogInit: Engine Version: 4.15.0-3299760+++UE4+Release-4.15
LogInit: Compatible Engine Version: 4.15.0-3299760+++UE4+Release-4.15
LogInit: Net CL: 3299760
LogDevObjectVersion: Number of dev versions registered: 14
LogDevObjectVersion:   Dev-Blueprints (B0D832E4-1F89-4F0D-ACCF-7EB736FD4AA2): 8
LogDevObjectVersion:   Dev-Build (E1C64328-A22C-4D53-A36C-8E866417BD8C): 0
LogDevObjectVersion:   Dev-Core (375EC13C-06E4-48FB-B500-84F0262A717E): 2
LogDevObjectVersion:   Dev-Editor (E4B068ED-F494-42E9-A231-DA0B2E46BB41): 14
LogDevObjectVersion:   Dev-Framework (CFFC743F-43B0-4480-9391-14DF171D2073): 22
LogDevObjectVersion:   Dev-Mobile (B02B49B5-BB20-44E9-A304-32B752E40360): 0
LogDevObjectVersion:   Dev-Networking (A4E4105C-59A1-49B5-A7C5-40C4547EDFEE): 0
LogDevObjectVersion:   Dev-Online (39C831C9-5AE6-47DC-9A44-9C173E1C8E7C): 0
LogDevObjectVersion:   Dev-Physics (78F01B33-EBEA-4F98-B9B4-84EACCB95AA2): 0
LogDevObjectVersion:   Dev-Platform (6631380F-2D4D-43E0-8009-CF276956A95A): 0
LogDevObjectVersion:   Dev-Rendering (12F88B9F-8875-4AFC-A67C-D90C383ABD29): 12
LogDevObjectVersion:   Dev-Sequencer (7B5AE74C-D270-4C10-A958-57980B212A5A): 3
LogDevObjectVersion:   Dev-VR (D7296918-1DD6-4BDD-9DE2-64A83CC13884): 0
LogDevObjectVersion:   Dev-LoadTimes (C2A15278-BFE7-4AFE-6C17-90FF531DF755): 1
LogInit: Compiled (64-bit): Feb 14 2017 02:04:14
LogInit: Compiled with Visual C++: 19.00.23026.00
LogInit: Build Configuration: Development
LogInit: Branch Name: ++UE4+Release-4.15
LogInit: Command line:  /Temp/Autosaves/Game/UEDPCMenuMap -game -PIEVIACONSOLE -ResX=1280 -ResY=720  -Multiprocess -messaging -SessionName="Play in Standalone Game" -windowed 
LogInit: Base directory: C:/Program Files/Epic Games/UE_4.15/Engine/Binaries/Win64/
LogInit: Installed Engine Build: 1
LogInit: Presizing for max 8388607 objects, including 0 objects not considered by GC, pre-allocating 0 bytes for permanent pool.
LogInit: Object subsystem initialized
[2017.03.20-05.41.41:933][  0]LogInit: Selected Device Profile: [Windows]
[2017.03.20-05.41.41:933][  0]LogInit: Applying CVar settings loaded from the selected device profile: [Windows]
[2017.03.20-05.41.41:935][  0]LogInit: Computer: DESKTOP-SOI33AH
[2017.03.20-05.41.41:935][  0]LogInit: User: xiaobei
[2017.03.20-05.41.41:935][  0]LogInit: CPU Page size=65536, Cores=4
[2017.03.20-05.41.41:935][  0]LogInit: High frequency timer resolution =3.914061 MHz
[2017.03.20-05.41.41:936][  0]LogMemory: Memory total: Physical=31.9GB (32GB approx)
[2017.03.20-05.41.41:936][  0]LogMemory: Platform Memory Stats for Windows
[2017.03.20-05.41.41:936][  0]LogMemory: Process Physical Memory: 263.84 MB used, 263.84 MB peak
[2017.03.20-05.41.41:936][  0]LogMemory: Process Virtual Memory: 262.88 MB used, 262.88 MB peak
[2017.03.20-05.41.41:936][  0]LogMemory: Physical Memory: 13862.14 MB used,  18821.02 MB free, 32683.16 MB total
[2017.03.20-05.41.41:936][  0]LogMemory: Virtual Memory: 645.86 MB used,  18821.02 MB free, 134217728.00 MB total
[2017.03.20-05.41.42:044][  0]LogTextLocalizationManager:Warning: Loaded localization resources contain conflicting entries for (Namespace:UObjectToolTips, Key:AnimNode_AssetPlayerBase:InternalTimeAccumulator):
Localization Resource: (C:/Program Files/Epic Games/UE_4.15/Engine/Content/Localization/EditorTutorials/zh-CN/EditorTutorials.locres) Source String Hash: (502993589) Localized String: (用于引用此节点中的资源的累积时间)
Localization Resource: (C:/Program Files/Epic Games/UE_4.15/Engine/Content/Localization/Engine/zh-CN/Engine.locres) Source String Hash: (502993589) Localized String: (引用该节点中资源所用的累计时间)
[2017.03.20-05.41.42:044][  0]LogTextLocalizationManager:Warning: Loaded localization resources contain conflicting entries for (Namespace:UObjectToolTips, Key:AnimNode_AssetPlayerBase:bIgnoreForRelevancyTest):
Localization Resource: (C:/Program Files/Epic Games/UE_4.15/Engine/Content/Localization/EditorTutorials/zh-CN/EditorTutorials.locres) Source String Hash: (319969718) Localized String: (若为真，在状态中寻找最高权重动画的“相关动画”节点将忽视 此节点)
Localization Resource: (C:/Program Files/Epic Games/UE_4.15/Engine/Content/Localization/Engine/zh-CN/Engine.locres) Source String Hash: (319969718) Localized String: (如果为真，那么将会忽略查找最高权重动画的"相关动画"节点。
这个节点)
[2017.03.20-05.41.42:044][  0]LogTextLocalizationManager:Warning: Loaded localization resources contain conflicting entries for (Namespace:UObjectToolTips, Key:AnimNode_AssetPlayerBase:BlendWeight):
Localization Resource: (C:/Program Files/Epic Games/UE_4.15/Engine/Content/Localization/EditorTutorials/zh-CN/EditorTutorials.locres) Source String Hash: (-1232800293) Localized String: (此节点最后交会的混合权重)
Localization Resource: (C:/Program Files/Epic Games/UE_4.15/Engine/Content/Localization/Engine/zh-CN/Engine.locres) Source String Hash: (-1232800293) Localized String: (该节点上一次遇到的混合权重)
[2017.03.20-05.41.42:138][  0]LogD3D11RHI: D3D11 adapters:
[2017.03.20-05.41.42:156][  0]LogD3D11RHI:    0. 'NVIDIA GeForce GTX 1070' (Feature Level 11_0)
[2017.03.20-05.41.42:156][  0]LogD3D11RHI:       8145/0/16341 MB DedicatedVideo/DedicatedSystem/SharedSystem, Outputs:1, VendorId:0x10de
[2017.03.20-05.41.42:157][  0]LogD3D11RHI:    1. 'Microsoft Basic Render Driver' (Feature Level 11_0)
[2017.03.20-05.41.42:157][  0]LogD3D11RHI:       0/0/16341 MB DedicatedVideo/DedicatedSystem/SharedSystem, Outputs:0, VendorId:0x1414
[2017.03.20-05.41.42:157][  0]LogD3D11RHI: Chosen D3D11 Adapter: 0
[2017.03.20-05.41.42:163][  0]LogD3D11RHI: Creating new Direct3DDevice
[2017.03.20-05.41.42:163][  0]LogD3D11RHI:     GPU DeviceId: 0x1b81 (for the marketing name, search the web for "GPU Device Id")
[2017.03.20-05.41.42:163][  0]LogWindows: EnumDisplayDevices:
[2017.03.20-05.41.42:163][  0]LogWindows:    0. 'NVIDIA GeForce GTX 1070' (P:1 D:1)
[2017.03.20-05.41.42:163][  0]LogWindows:    1. 'NVIDIA GeForce GTX 1070' (P:0 D:0)
[2017.03.20-05.41.42:163][  0]LogWindows:    2. 'NVIDIA GeForce GTX 1070' (P:0 D:0)
[2017.03.20-05.41.42:164][  0]LogWindows:    3. 'NVIDIA GeForce GTX 1070' (P:0 D:0)
[2017.03.20-05.41.42:164][  0]LogWindows: DebugString: FoundDriverCount:4 
[2017.03.20-05.41.42:164][  0]LogD3D11RHI:     Adapter Name: NVIDIA GeForce GTX 1070
[2017.03.20-05.41.42:164][  0]LogD3D11RHI:   Driver Version: 376.53 (internal:21.21.13.7653, unified:376.53)
[2017.03.20-05.41.42:164][  0]LogD3D11RHI:      Driver Date: 12-29-2016
[2017.03.20-05.41.42:164][  0]LogRHI: Texture pool is 1361 MB (70% of 1945 MB)
[2017.03.20-05.41.42:175][  0]LogD3D11RHI: Async texture creation enabled
[2017.03.20-05.41.42:184][  0]LogD3D11RHI: GPU Timing Frequency: 1000.000000 (Debug: 2 1)
[2017.03.20-05.41.42:232][  0]LogShaderCompilers: Guid format shader working directory is -4 characters bigger than the processId version (../../../../../../Users/xiaobei/Downloads/Prototype/Intermediate/Shaders/WorkingDirectory/20004/).
[2017.03.20-05.41.42:232][  0]LogShaderCompilers: Cleaned the shader compiler working directory 'C:/Users/xiaobei/AppData/Local/Temp/UnrealShaderWorkingDir/BC20C2C440445544422B0C9BE9D77698/'.
[2017.03.20-05.41.42:232][  0]LogShaderCompilers:Display: Using Local Shader Compiler.
[2017.03.20-05.41.43:024][  0]LogTemp:Display: Loaded TP WindowsClientTargetPlatform
[2017.03.20-05.41.43:066][  0]LogTemp:Display: Loaded TP WindowsNoEditorTargetPlatform
[2017.03.20-05.41.43:109][  0]LogTemp:Display: Loaded TP WindowsServerTargetPlatform
[2017.03.20-05.41.43:160][  0]LogTemp:Display: Loaded TP WindowsTargetPlatform
[2017.03.20-05.41.43:160][  0]LogTargetPlatformManager:Display: Building Assets For Windows
[2017.03.20-05.41.43:513][  0]LogDerivedDataCache:Display: Max Cache Size: 512 MB
[2017.03.20-05.41.43:550][  0]LogDerivedDataCache: Loaded boot cache 0.04s 50MB C:/Users/xiaobei/AppData/Local/UnrealEngine/4.15/DerivedDataCache/Boot.ddc.
[2017.03.20-05.41.43:550][  0]LogDerivedDataCache:Display: Loaded Boot cache: C:/Users/xiaobei/AppData/Local/UnrealEngine/4.15/DerivedDataCache/Boot.ddc
[2017.03.20-05.41.43:550][  0]LogDerivedDataCache: FDerivedDataBackendGraph:  Pak pak cache file ../../../../../../Users/xiaobei/Downloads/Prototype/DerivedDataCache/DDC.ddp not found, will not use a pak cache.
[2017.03.20-05.41.43:550][  0]LogDerivedDataCache: Unable to find inner node Pak for hierarchical cache Hierarchy.
[2017.03.20-05.41.43:550][  0]LogDerivedDataCache: FDerivedDataBackendGraph:  CompressedPak pak cache file ../../../../../../Users/xiaobei/Downloads/Prototype/DerivedDataCache/Compressed.ddp not found, will not use a pak cache.
[2017.03.20-05.41.43:550][  0]LogDerivedDataCache: Unable to find inner node CompressedPak for hierarchical cache Hierarchy.
[2017.03.20-05.41.43:563][  0]LogDerivedDataCache:Display: Pak cache opened for reading ../../../Engine/DerivedDataCache/Compressed.ddp.
[2017.03.20-05.41.43:575][  0]LogDerivedDataCache: Using Local data cache path C:/Users/xiaobei/AppData/Local/UnrealEngine/Common/DerivedDataCache: Writable
[2017.03.20-05.41.43:581][  0]LogSlate: Using Freetype 2.6.0
[2017.03.20-05.41.43:582][  0]LogSlate: SlateFontCache - WITH_FREETYPE: 1, WITH_HARFBUZZ: 1
[2017.03.20-05.41.43:582][  0]LogSlate: SlateFontCache - WITH_FREETYPE: 1, WITH_HARFBUZZ: 1
[2017.03.20-05.41.43:752][  0]LogAssetRegistry: FAssetRegistry took 0.0001 seconds to start up
[2017.03.20-05.41.43:758][  0]LogPackageLocalizationCache: Processed 3 localized package path(s) for 4 prioritized culture(s) in 0.006521 seconds
[2017.03.20-05.41.43:770][  0]LogInit: Selected Device Profile: [Windows]
[2017.03.20-05.41.43:771][  0]LogContentStreaming: Texture pool size is 1000.00 MB
[2017.03.20-05.41.43:920][  0]LogMeshUtilities: Using QuadricMeshReduction for automatic static mesh reduction
[2017.03.20-05.41.43:954][  0]LogSimplygon: Simplygon DLL not present - disabling.
[2017.03.20-05.41.43:989][  0]LogMeshUtilities: Using SimplygonSwarm for distributed automatic mesh merging
[2017.03.20-05.41.43:989][  0]LogMeshUtilities: No automatic skeletal mesh reduction module available
[2017.03.20-05.41.43:989][  0]LogMeshUtilities: No automatic mesh merging module available
[2017.03.20-05.41.44:333][  0]LogNetVersion: GetLocalNetworkVersion: CL: 3299760, ProjectName: prototype, ProjectVersion: , EngineNetworkVersion: 2, GameNetworkVersion: 0, NetworkChecksum: 2467209700
[2017.03.20-05.41.45:049][  0]LogMoviePlayer: Initializing movie player
[2017.03.20-05.41.45:127][  0]LogWindowsTextInputMethodSystem:Display: IME system now activated using TSF (搜狗拼音输入法).
[2017.03.20-05.41.45:127][  0]LogWindowsTextInputMethodSystem:Display: IME system now activated using TSF (搜狗拼音输入法).
[2017.03.20-05.41.45:338][  0]LogTcpMessaging: Initializing TcpMessaging bridge
[2017.03.20-05.41.45:372][  0]LogUdpMessaging: Initializing bridge on interface 0.0.0.0:0 to multicast group 230.0.0.1:6666.
[2017.03.20-05.41.45:611][  0]SourceControl: 信息 源码控制已禁用
[2017.03.20-05.41.45:611][  0]SourceControl: 信息 源码控制已禁用
[2017.03.20-05.41.45:646][  0]SourceControl: 信息 源码控制已禁用
[2017.03.20-05.41.46:108][  0]LogUObjectArray: 34390 objects as part of root set at end of initial load.
[2017.03.20-05.41.46:108][  0]LogUObjectAllocator: 7635864 out of 0 bytes used by permanent object pool.
[2017.03.20-05.41.46:108][  0]LogUObjectArray: CloseDisregardForGC: 0/0 objects in disregard for GC pool
[2017.03.20-05.41.46:187][  0]LogEngine: Initializing Engine...
[2017.03.20-05.41.46:188][  0]LogHMD: Failed to initialize OpenVR with code 110
[2017.03.20-05.41.46:280][  0]LogInit: XAudio2 using 'LG ULTRAWIDE-4 (NVIDIA High Definition Audio)' : 2 channels at 48 kHz using 16 bits per sample (channel mask 0x3)
[2017.03.20-05.41.46:295][  0]LogInit: FAudioDevice initialized.
[2017.03.20-05.41.46:308][  0]LogInit: Texture streaming: Enabled
[2017.03.20-05.41.46:316][  0]LogMaterial: Uniform references updated for custom material expression Custom.
[2017.03.20-05.41.46:566][  0]LogInit:Display: Game Engine Initialized.
[2017.03.20-05.41.46:707][  0]LogInit:Display: Starting Game.
[2017.03.20-05.41.46:707][  0]LogNet: Browse: /Temp/Autosaves/Game/UEDPCMenuMap?Name=Player
[2017.03.20-05.41.46:707][  0]LogLoad: LoadMap: /Temp/Autosaves/Game/UEDPCMenuMap?Name=Player
[2017.03.20-05.41.46:722][  0]LogMemory: Platform Memory Stats for Windows
[2017.03.20-05.41.46:722][  0]LogMemory: Process Physical Memory: 640.37 MB used, 672.08 MB peak
[2017.03.20-05.41.46:722][  0]LogMemory: Process Virtual Memory: 706.72 MB used, 739.92 MB peak
[2017.03.20-05.41.46:722][  0]LogMemory: Physical Memory: 14183.43 MB used,  18499.73 MB free, 32683.16 MB total
[2017.03.20-05.41.46:722][  0]LogMemory: Virtual Memory: 1382.20 MB used,  18499.73 MB free, 134217728.00 MB total
[2017.03.20-05.41.46:722][  0]LogMemory: 
[2017.03.20-05.41.46:722][  0]Allocator Stats for TBB: (not implemented)
[2017.03.20-05.41.46:835][  0]LogAIModule: Creating AISystem for world MenuMap
[2017.03.20-05.41.46:835][  0]LogLoad: Game class is 'GameMode'
[2017.03.20-05.41.46:836][  0]LogWorld: Bringing World /Temp/Autosaves/Game/UEDPCMenuMap.MenuMap up for play (max tick rate 0) at 2017.03.20-01.41.46
[2017.03.20-05.41.46:836][  0]LogWorld: Bringing up level for play took: 0.000347
[2017.03.20-05.41.46:854][  0]LogGameMode:Display: Match State Changed from EnteringMap to WaitingToStart
[2017.03.20-05.41.46:854][  0]LogGameState: Match State Changed from EnteringMap to WaitingToStart
[2017.03.20-05.41.46:854][  0]LogGameMode:Display: Match State Changed from WaitingToStart to InProgress
[2017.03.20-05.41.46:856][  0]LogGameState: Match State Changed from WaitingToStart to InProgress
[2017.03.20-05.41.46:856][  0]LogLoad: Took 0.148478 seconds to LoadMap(/Temp/Autosaves/Game/UEDPCMenuMap)
[2017.03.20-05.41.47:002][  0]LogRenderer: Reallocating scene render targets to support 1280x720 NumSamples 1 (Frame:2).
[2017.03.20-05.41.47:002][  0]LogLoad: (Engine Initialization) Total time: 6.53 seconds
[2017.03.20-05.41.47:002][  0]LogLoad: (Engine Initialization) Total Blueprint compile time: 0.04 seconds
[2017.03.20-05.41.47:002][  0]LogExternalProfiler: Found external profiler: VSPerf
[2017.03.20-05.41.47:002][  0]LogExternalProfiler: Using external profiler: VSPerf
[2017.03.20-05.41.47:019][  0]LogOcInput: OculusInput pre-init called
[2017.03.20-05.41.52:665][330]LogNetVersion: GetLocalNetworkVersion: CL: 3299760, ProjectName: prototype, ProjectVersion: 1.0.0.0, EngineNetworkVersion: 2, GameNetworkVersion: 0, NetworkChecksum: 3353027705
[2017.03.20-05.41.52:666][330]LogInit: WinSock: I am DESKTOP-SOI33AH (192.168.0.13:0)
[2017.03.20-05.41.52:724][330]LogPackageName: SearchForPackageOnDisk took   0.049s to resolve NewMap.umap.
[2017.03.20-05.41.52:725][330]LogGameMode:Display: Match State Changed from InProgress to LeavingMap
[2017.03.20-05.41.52:725][330]LogGameState: Match State Changed from InProgress to LeavingMap
[2017.03.20-05.41.52:770][330]LogPackageName: SearchForPackageOnDisk took   0.045s to resolve NewMap.umap.
[2017.03.20-05.41.52:770][330]LogNet: Browse: /Game/NewMap?listen
[2017.03.20-05.41.52:770][330]LogLoad: LoadMap: /Game/NewMap?listen
[2017.03.20-05.41.52:782][330]LogMemory: Platform Memory Stats for Windows
[2017.03.20-05.41.52:782][330]LogMemory: Process Physical Memory: 681.93 MB used, 681.93 MB peak
[2017.03.20-05.41.52:782][330]LogMemory: Process Virtual Memory: 872.53 MB used, 929.11 MB peak
[2017.03.20-05.41.52:782][330]LogMemory: Physical Memory: 14205.02 MB used,  18478.14 MB free, 32683.16 MB total
[2017.03.20-05.41.52:782][330]LogMemory: Virtual Memory: 1563.09 MB used,  18478.14 MB free, 134217728.00 MB total
[2017.03.20-05.41.52:782][330]LogMemory: 
[2017.03.20-05.41.52:782][330]Allocator Stats for TBB: (not implemented)
[2017.03.20-05.41.52:792][330]LogAIModule: Creating AISystem for world NewMap
[2017.03.20-05.41.52:919][330]LogLoad: Game class is 'FirstPersonGameMode_C'
[2017.03.20-05.41.52:919][330]LogInit: WinSock: Socket queue 131072 / 131072
[2017.03.20-05.41.52:922][330]PacketHandlerLog: Loaded PacketHandler component: Engine.EngineHandlerComponentFactory (StatelessConnectHandlerComponent)
[2017.03.20-05.41.52:922][330]LogNet: GameNetDriver IpNetDriver_0 IpNetDriver listening on port 7777
[2017.03.20-05.41.52:923][330]LogWorld: Bringing World /Game/NewMap.NewMap up for play (max tick rate 0) at 2017.03.20-01.41.52
[2017.03.20-05.41.52:923][330]LogWorld: Bringing up level for play took: 0.000757
[2017.03.20-05.41.52:926][330]LogLoad: Took 0.156073 seconds to LoadMap(/Game/NewMap)
[2017.03.20-05.42.22:241][145]LogWindowsTextInputMethodSystem:Display: IME system now activated using TSF (搜狗拼音输入法).
[2017.03.20-05.42.22:241][145]LogWindowsTextInputMethodSystem:Display: IME system now activated using TSF (搜狗拼音输入法).
[2017.03.20-05.42.22:247][145]LogWindowsTextInputMethodSystem:Display: IME system now activated using TSF (搜狗拼音输入法).
[2017.03.20-05.42.22:247][145]LogWindowsTextInputMethodSystem:Display: IME system now activated using TSF (搜狗拼音输入法).
[2017.03.20-05.42.22:256][145]LogEngine: All Windows Closed
[2017.03.20-05.42.22:256][145]LogWindows: FPlatformMisc::RequestExit(0)
[2017.03.20-05.42.22:256][146]LogMoviePlayer: Shutting down movie player
[2017.03.20-05.42.23:195][146]LogNet: World NetDriver shutdown IpNetDriver_0 [GameNetDriver]
[2017.03.20-05.42.23:195][146]LogNet: DestroyNamedNetDriver IpNetDriver_0 [GameNetDriver]
[2017.03.20-05.42.23:195][146]LogExit: GameNetDriver IpNetDriver_0 shut down
[2017.03.20-05.42.23:196][146]LogExit: Preparing to exit.
[2017.03.20-05.42.23:520][146]LogExit: Game engine shut down
[2017.03.20-05.42.23:550][146]LogObj: Freed 0b from 0 cluster array pools.
[2017.03.20-05.42.23:550][146]LogExit: Object subsystem successfully closed.
[2017.03.20-05.42.23:569][146]LogD3D11RHI: Shutdown
[2017.03.20-05.42.23:569][146]LogD3D11RHI: CleanupD3DDevice
[2017.03.20-05.42.23:599][146]LogD3D11RHI: ~FD3D11DynamicRHI
[2017.03.20-05.42.23:606][146]LogModuleManager: Shutting down and abandoning module SequenceRecorderSections (265)
[2017.03.20-05.42.23:606][146]LogModuleManager: Shutting down and abandoning module SequenceRecorder (263)
[2017.03.20-05.42.23:606][146]LogModuleManager: Shutting down and abandoning module AutomationController (261)
[2017.03.20-05.42.23:606][146]LogModuleManager: Shutting down and abandoning module AutomationWorker (259)
[2017.03.20-05.42.23:606][146]LogModuleManager: Shutting down and abandoning module Voice (257)
[2017.03.20-05.42.23:606][146]LogModuleManager: Shutting down and abandoning module AIModule (255)
[2017.03.20-05.42.23:606][146]LogModuleManager: Shutting down and abandoning module GameplayDebugger (254)
[2017.03.20-05.42.23:606][146]LogModuleManager: Shutting down and abandoning module AITestSuite (252)
[2017.03.20-05.42.23:606][146]LogModuleManager: Shutting down and abandoning module WmfMediaFactory (249)
[2017.03.20-05.42.23:606][146]LogModuleManager: Shutting down and abandoning module MfMediaFactory (247)
[2017.03.20-05.42.23:606][146]LogModuleManager: Shutting down and abandoning module AvfMediaFactory (245)
[2017.03.20-05.42.23:606][146]LogModuleManager: Shutting down and abandoning module AndroidMediaFactory (243)
[2017.03.20-05.42.23:606][146]LogModuleManager: Shutting down and abandoning module Media (242)
[2017.03.20-05.42.23:606][146]LogModuleManager: Shutting down and abandoning module CharacterAI (239)
[2017.03.20-05.42.23:606][146]LogModuleManager: Shutting down and abandoning module SessionServices (237)
[2017.03.20-05.42.23:606][146]LogModuleManager: Shutting down and abandoning module MovieSceneCapture (235)
[2017.03.20-05.42.23:606][146]LogModuleManager: Shutting down and abandoning module GeometryCache (233)
[2017.03.20-05.42.23:606][146]LogModuleManager: Shutting down and abandoning module GeometryCacheEd (232)
[2017.03.20-05.42.23:606][146]LogModuleManager: Shutting down and abandoning module Niagara (229)
[2017.03.20-05.42.23:606][146]LogModuleManager: Shutting down and abandoning module StreamingPauseRendering (227)
[2017.03.20-05.42.23:606][146]LogModuleManager: Shutting down and abandoning module PortalServices (225)
[2017.03.20-05.42.23:606][146]LogModuleManager: Shutting down and abandoning module PortalRpc (223)
[2017.03.20-05.42.23:606][146]LogModuleManager: Shutting down and abandoning module MessagingRpc (221)
[2017.03.20-05.42.23:606][146]LogModuleManager: Shutting down and abandoning module ProfilerService (219)
[2017.03.20-05.42.23:684][146]LogModuleManager: Shutting down and abandoning module TaskGraph (217)
[2017.03.20-05.42.23:684][146]LogModuleManager: Shutting down and abandoning module SteamVRController (215)
[2017.03.20-05.42.23:684][146]LogModuleManager: Shutting down and abandoning module SteamVR (213)
[2017.03.20-05.42.23:684][146]LogModuleManager: Shutting down and abandoning module ProceduralMeshComponent (211)
[2017.03.20-05.42.23:684][146]LogModuleManager: Shutting down and abandoning module OculusLibrary (209)
[2017.03.20-05.42.23:684][146]LogModuleManager: Shutting down and abandoning module OculusInput (207)
[2017.03.20-05.42.23:684][146]LogModuleManager: Shutting down and abandoning module MobilePatchingUtils (205)
[2017.03.20-05.42.23:684][146]LogModuleManager: Shutting down and abandoning module CustomMeshComponent (203)
[2017.03.20-05.42.23:684][146]LogModuleManager: Shutting down and abandoning module CableComponent (201)
[2017.03.20-05.42.23:684][146]LogModuleManager: Shutting down and abandoning module ArchVisCharacter (199)
[2017.03.20-05.42.23:684][146]LogModuleManager: Shutting down and abandoning module HTML5Networking (197)
[2017.03.20-05.42.23:684][146]LogModuleManager: Shutting down and abandoning module VisualStudioSourceCodeAccess (195)
[2017.03.20-05.42.23:684][146]LogModuleManager: Shutting down and abandoning module DesktopPlatform (194)
[2017.03.20-05.42.23:684][146]LogModuleManager: Shutting down and abandoning module HotReload (192)
[2017.03.20-05.42.23:684][146]LogModuleManager: Shutting down and abandoning module DirectoryWatcher (191)
[2017.03.20-05.42.23:684][146]LogModuleManager: Shutting down and abandoning module UObjectPlugin (187)
[2017.03.20-05.42.23:684][146]LogModuleManager: Shutting down and abandoning module SubversionSourceControl (185)
[2017.03.20-05.42.23:684][146]LogModuleManager: Shutting down and abandoning module PerforceSourceControl (183)
[2017.03.20-05.42.23:684][146]LogModuleManager: Shutting down and abandoning module SourceControl (182)
[2017.03.20-05.42.23:684][146]LogModuleManager: Shutting down and abandoning module PhysXVehiclesEditor (179)
[2017.03.20-05.42.23:684][146]LogModuleManager: Shutting down and abandoning module PhysXVehicles (177)
[2017.03.20-05.42.23:684][146]LogModuleManager: Shutting down and abandoning module LocationServicesBPLibrary (175)
[2017.03.20-05.42.23:684][146]LogModuleManager: Shutting down and abandoning module UdpMessaging (173)
[2017.03.20-05.42.23:785][146]LogModuleManager: Shutting down and abandoning module TcpMessaging (171)
[2017.03.20-05.42.24:346][146]LogModuleManager: Shutting down and abandoning module GameplayTagsEditor (169)
[2017.03.20-05.42.24:346][146]LogModuleManager: Shutting down and abandoning module FacialAnimation (167)
[2017.03.20-05.42.24:346][146]LogModuleManager: Shutting down and abandoning module LightPropagationVolumeRuntime (165)
[2017.03.20-05.42.24:346][146]LogModuleManager: Shutting down and abandoning module Paper2D (163)
[2017.03.20-05.42.24:346][146]LogModuleManager: Shutting down and abandoning module WindowsMoviePlayer (161)
[2017.03.20-05.42.24:346][146]LogModuleManager: Shutting down and abandoning module WmfMedia (159)
[2017.03.20-05.42.24:346][146]LogModuleManager: Shutting down and abandoning module MfMedia (157)
[2017.03.20-05.42.24:346][146]LogModuleManager: Shutting down and abandoning module MediaAssets (155)
[2017.03.20-05.42.24:346][146]LogModuleManager: Shutting down and abandoning module GameLiveStreaming (153)
[2017.03.20-05.42.24:346][146]LogModuleManager: Shutting down and abandoning module VREditor (151)
[2017.03.20-05.42.24:346][146]LogModuleManager: Shutting down and abandoning module GameplayTasksEditor (149)
[2017.03.20-05.42.24:346][146]LogModuleManager: Shutting down and abandoning module BehaviorTreeEditor (147)
[2017.03.20-05.42.24:346][146]LogModuleManager: Shutting down and abandoning module FunctionalTesting (145)
[2017.03.20-05.42.24:346][146]LogModuleManager: Shutting down and abandoning module CollisionAnalyzer (143)
[2017.03.20-05.42.24:346][146]LogModuleManager: Shutting down and abandoning module UMG (141)
[2017.03.20-05.42.24:346][146]LogModuleManager: Shutting down and abandoning module UMGEditor (140)
[2017.03.20-05.42.24:346][146]LogModuleManager: Shutting down and abandoning module Sequencer (139)
[2017.03.20-05.42.24:346][146]LogModuleManager: Shutting down and abandoning module AssetTools (137)
[2017.03.20-05.42.24:346][146]LogModuleManager: Shutting down and abandoning module MessageLog (136)
[2017.03.20-05.42.24:346][146]LogModuleManager: Shutting down and abandoning module WorkspaceMenuStructure (135)
[2017.03.20-05.42.24:346][146]LogModuleManager: Shutting down and abandoning module SlateReflector (129)
[2017.03.20-05.42.24:346][146]LogModuleManager: Shutting down and abandoning module Slate (127)
[2017.03.20-05.42.24:346][146]LogModuleManager: Shutting down and abandoning module EditorStyle (125)
[2017.03.20-05.42.24:348][146]LogModuleManager: Shutting down and abandoning module Messaging (123)
[2017.03.20-05.42.24:348][146]LogModuleManager: Shutting down and abandoning module SourceCodeAccess (121)
[2017.03.20-05.42.24:348][146]LogModuleManager: Shutting down and abandoning module HeadMountedDisplay (119)
[2017.03.20-05.42.24:348][146]LogModuleManager: Shutting down and abandoning module XAudio2 (117)
[2017.03.20-05.42.24:348][146]LogModuleManager: Shutting down and abandoning module Networking (115)
[2017.03.20-05.42.24:348][146]LogModuleManager: Shutting down and abandoning module Core (113)
[2017.03.20-05.42.24:348][146]LogModuleManager: Shutting down and abandoning module KismetCompiler (111)
[2017.03.20-05.42.24:348][146]LogModuleManager: Shutting down and abandoning module PhysXFormats (109)
[2017.03.20-05.42.24:348][146]LogModuleManager: Shutting down and abandoning module MeshUtilities (107)
[2017.03.20-05.42.24:348][146]LogModuleManager: Shutting down and abandoning module SimplygonSwarm (106)
[2017.03.20-05.42.24:348][146]LogModuleManager: Shutting down and abandoning module SimplygonMeshReduction (104)
[2017.03.20-05.42.24:348][146]LogModuleManager: Shutting down and abandoning module QuadricMeshReduction (102)
[2017.03.20-05.42.24:348][146]LogModuleManager: Shutting down and abandoning module PropertyEditor (100)
[2017.03.20-05.42.24:348][146]LogModuleManager: Shutting down and abandoning module AssetRegistry (97)
[2017.03.20-05.42.24:348][146]LogModuleManager: Shutting down and abandoning module DerivedDataCache (95)
[2017.03.20-05.42.24:593][146]LogDerivedDataCache: Shutdown
[2017.03.20-05.42.24:593][146]LogModuleManager: Shutting down and abandoning module TargetPlatform (93)
[2017.03.20-05.42.24:593][146]LogModuleManager: Shutting down and abandoning module VulkanShaderFormat (92)
[2017.03.20-05.42.24:593][146]LogModuleManager: Shutting down and abandoning module ShaderFormatOpenGL (90)
[2017.03.20-05.42.24:593][146]LogModuleManager: Shutting down and abandoning module ShaderFormatD3D (88)
[2017.03.20-05.42.24:593][146]LogModuleManager: Shutting down and abandoning module MetalShaderFormat (86)
[2017.03.20-05.42.24:594][146]LogModuleManager: Shutting down and abandoning module TextureFormatUncompressed (84)
[2017.03.20-05.42.24:594][146]LogModuleManager: Shutting down and abandoning module TextureFormatPVR (82)
[2017.03.20-05.42.24:594][146]LogModuleManager: Shutting down and abandoning module TextureFormatDXT (80)
[2017.03.20-05.42.24:594][146]LogModuleManager: Shutting down and abandoning module TextureFormatIntelISPCTexComp (78)
[2017.03.20-05.42.24:594][146]LogModuleManager: Shutting down and abandoning module TextureFormatASTC (76)
[2017.03.20-05.42.24:594][146]LogModuleManager: Shutting down and abandoning module ImageWrapper (75)
[2017.03.20-05.42.24:594][146]LogModuleManager: Shutting down and abandoning module TextureFormatAndroid (72)
[2017.03.20-05.42.24:594][146]LogModuleManager: Shutting down and abandoning module AudioFormatOpus (70)
[2017.03.20-05.42.24:594][146]LogModuleManager: Shutting down and abandoning module AudioFormatOgg (68)
[2017.03.20-05.42.24:594][146]LogModuleManager: Shutting down and abandoning module AudioFormatADPCM (66)
[2017.03.20-05.42.24:594][146]LogModuleManager: Shutting down and abandoning module WindowsTargetPlatform (64)
[2017.03.20-05.42.24:594][146]LogModuleManager: Shutting down and abandoning module WindowsServerTargetPlatform (62)
[2017.03.20-05.42.24:594][146]LogModuleManager: Shutting down and abandoning module WindowsNoEditorTargetPlatform (60)
[2017.03.20-05.42.24:594][146]LogModuleManager: Shutting down and abandoning module WindowsClientTargetPlatform (58)
[2017.03.20-05.42.24:594][146]LogModuleManager: Shutting down and abandoning module InputCore (55)
[2017.03.20-05.42.24:594][146]LogModuleManager: Shutting down and abandoning module Settings (53)
[2017.03.20-05.42.24:594][146]LogModuleManager: Shutting down and abandoning module OculusRift (51)
[2017.03.20-05.42.24:594][146]LogModuleManager: Shutting down and abandoning module ExampleDeviceProfileSelector (49)
[2017.03.20-05.42.24:594][146]LogModuleManager: Shutting down and abandoning module OnlineBlueprintSupport (47)
[2017.03.20-05.42.24:594][146]LogModuleManager: Shutting down and abandoning module OnlineSubsystem (43)
[2017.03.20-05.42.24:594][146]LogOnline:Display: OSS: FOnlineSubsystemNull::Shutdown()
[2017.03.20-05.42.24:594][146]LogOnline:Display: Unloading online subsystem: NULL
[2017.03.20-05.42.24:594][146]LogModuleManager: Shutting down and abandoning module XMPP (37)
[2017.03.20-05.42.24:594][146]LogModuleManager: Shutting down and abandoning module HTTP (35)
[2017.03.20-05.42.24:599][146]LogModuleManager: Shutting down and abandoning module SSL (34)
[2017.03.20-05.42.24:600][146]LogModuleManager: Shutting down and abandoning module AudioEditor (30)
[2017.03.20-05.42.24:600][146]LogModuleManager: Shutting down and abandoning module TextureCompressor (28)
[2017.03.20-05.42.24:600][146]LogModuleManager: Shutting down and abandoning module ShaderCore (26)
[2017.03.20-05.42.24:600][146]LogModuleManager: Shutting down and abandoning module Landscape (24)
[2017.03.20-05.42.24:600][146]LogModuleManager: Shutting down and abandoning module SlateRHIRenderer (22)
[2017.03.20-05.42.24:601][146]LogModuleManager: Shutting down and abandoning module OpenGLDrv (20)
[2017.03.20-05.42.24:601][146]LogModuleManager: Shutting down and abandoning module D3D11RHI (18)
[2017.03.20-05.42.24:601][146]LogModuleManager: Shutting down and abandoning module AnimGraphRuntime (16)
[2017.03.20-05.42.24:601][146]LogModuleManager: Shutting down and abandoning module Renderer (14)
[2017.03.20-05.42.24:601][146]LogModuleManager: Shutting down and abandoning module Engine (12)
[2017.03.20-05.42.24:601][146]LogModuleManager: Shutting down and abandoning module CoreUObject (10)
[2017.03.20-05.42.24:601][146]LogModuleManager: Shutting down and abandoning module NetworkFile (8)
[2017.03.20-05.42.24:601][146]LogModuleManager: Shutting down and abandoning module StreamingFile (6)
[2017.03.20-05.42.24:601][146]LogModuleManager: Shutting down and abandoning module SandboxFile (4)
[2017.03.20-05.42.24:601][146]LogModuleManager: Shutting down and abandoning module PakFile (2)
[2017.03.20-05.42.24:601][146]LogExit: Exiting.
[2017.03.20-05.42.24:602][146]Log file closed, 03/20/17 01:42:24
