Log file open, 03/19/17 18:03:51
LogInit:Display: Running engine for game: Prototype
LogPlatformFile: Not using cached read wrapper
LogInit:Display: RandInit(1848621579) SRandInit(1848621579).
LogTaskGraph: Started task graph with 5 named threads and 8 total threads with 1 sets of task threads.
LogStats: Stats thread started at 0.073627
LogInit: Using libcurl 7.47.1
LogInit:  - built for x86_64-pc-win32
LogInit:  - supports SSL with OpenSSL/1.0.2g
LogInit:  - supports HTTP deflate (compression) using libz 1.2.8
LogInit:  - other features:
LogInit:      CURL_VERSION_SSL
LogInit:      CURL_VERSION_LIBZ
LogInit:      CURL_VERSION_IPV6
LogInit:      CURL_VERSION_ASYNCHDNS
LogInit:      CURL_VERSION_LARGEFILE
LogInit:      CURL_VERSION_IDN
LogInit:  CurlRequestOptions (configurable via config and command line):
LogInit:  - bVerifyPeer = false  - Libcurl will NOT verify peer certificate
LogInit:  - bUseHttpProxy = false  - Libcurl will NOT use HTTP proxy
LogInit:  - bDontReuseConnections = false  - Libcurl will reuse connections
LogInit:  - CertBundlePath = nullptr  - Libcurl will use whatever was configured at build time.
LogInit: Build: ++UE4+Release-4.15-CL-3299760
LogInit: Engine Version: 4.15.0-3299760+++UE4+Release-4.15
LogInit: Compatible Engine Version: 4.15.0-3299760+++UE4+Release-4.15
LogInit: Net CL: 3299760
LogDevObjectVersion: Number of dev versions registered: 14
LogDevObjectVersion:   Dev-Blueprints (B0D832E4-1F89-4F0D-ACCF-7EB736FD4AA2): 8
LogDevObjectVersion:   Dev-Build (E1C64328-A22C-4D53-A36C-8E866417BD8C): 0
LogDevObjectVersion:   Dev-Core (375EC13C-06E4-48FB-B500-84F0262A717E): 2
LogDevObjectVersion:   Dev-Editor (E4B068ED-F494-42E9-A231-DA0B2E46BB41): 14
LogDevObjectVersion:   Dev-Framework (CFFC743F-43B0-4480-9391-14DF171D2073): 22
LogDevObjectVersion:   Dev-Mobile (B02B49B5-BB20-44E9-A304-32B752E40360): 0
LogDevObjectVersion:   Dev-Networking (A4E4105C-59A1-49B5-A7C5-40C4547EDFEE): 0
LogDevObjectVersion:   Dev-Online (39C831C9-5AE6-47DC-9A44-9C173E1C8E7C): 0
LogDevObjectVersion:   Dev-Physics (78F01B33-EBEA-4F98-B9B4-84EACCB95AA2): 0
LogDevObjectVersion:   Dev-Platform (6631380F-2D4D-43E0-8009-CF276956A95A): 0
LogDevObjectVersion:   Dev-Rendering (12F88B9F-8875-4AFC-A67C-D90C383ABD29): 12
LogDevObjectVersion:   Dev-Sequencer (7B5AE74C-D270-4C10-A958-57980B212A5A): 3
LogDevObjectVersion:   Dev-VR (D7296918-1DD6-4BDD-9DE2-64A83CC13884): 0
LogDevObjectVersion:   Dev-LoadTimes (C2A15278-BFE7-4AFE-6C17-90FF531DF755): 1
LogInit: Compiled (64-bit): Feb 14 2017 02:04:14
LogInit: Compiled with Visual C++: 19.00.23026.00
LogInit: Build Configuration: Development
LogInit: Branch Name: ++UE4+Release-4.15
LogInit: Command line:  
LogInit: Base directory: D:/UE_4.15/Engine/Binaries/Win64/
LogInit: Installed Engine Build: 1
LogInit: Presizing for max 8388607 objects, including 0 objects not considered by GC, pre-allocating 0 bytes for permanent pool.
LogInit: Object subsystem initialized
[2017.03.19-22.03.52:668][  0]LogInit: Selected Device Profile: [Windows]
[2017.03.19-22.03.52:668][  0]LogInit: Applying CVar settings loaded from the selected device profile: [Windows]
[2017.03.19-22.03.52:680][  0]LogInit: Computer: THEREDDEVIL
[2017.03.19-22.03.52:680][  0]LogInit: User: AmeySalvi
[2017.03.19-22.03.52:680][  0]LogInit: CPU Page size=65536, Cores=4
[2017.03.19-22.03.52:680][  0]LogInit: High frequency timer resolution =2.249999 MHz
[2017.03.19-22.03.52:680][  0]LogMemory: Memory total: Physical=7.9GB (8GB approx)
[2017.03.19-22.03.52:680][  0]LogMemory: Platform Memory Stats for Windows
[2017.03.19-22.03.52:680][  0]LogMemory: Process Physical Memory: 262.61 MB used, 262.61 MB peak
[2017.03.19-22.03.52:680][  0]LogMemory: Process Virtual Memory: 262.63 MB used, 262.63 MB peak
[2017.03.19-22.03.52:680][  0]LogMemory: Physical Memory: 4108.05 MB used,  3957.21 MB free, 8065.26 MB total
[2017.03.19-22.03.52:680][  0]LogMemory: Virtual Memory: 643.58 MB used,  3957.21 MB free, 134217728.00 MB total
[2017.03.19-22.03.53:362][  0]LogTextLocalizationManager: No specific translations for ('en-US') exist, so ('en') translations will be used.
[2017.03.19-22.03.53:960][  0]LogD3D11RHI: D3D11 adapters:
[2017.03.19-22.03.53:988][  0]LogD3D11RHI:    0. 'NVIDIA GeForce GTX 960M' (Feature Level 11_0)
[2017.03.19-22.03.53:988][  0]LogD3D11RHI:       4064/0/4032 MB DedicatedVideo/DedicatedSystem/SharedSystem, Outputs:1, VendorId:0x10de
[2017.03.19-22.03.53:995][  0]LogD3D11RHI:    1. 'Intel(R) HD Graphics 530' (Feature Level 11_0)
[2017.03.19-22.03.53:995][  0]LogD3D11RHI:       128/0/4032 MB DedicatedVideo/DedicatedSystem/SharedSystem, Outputs:0, VendorId:0x8086
[2017.03.19-22.03.53:996][  0]LogD3D11RHI:    2. 'Microsoft Basic Render Driver' (Feature Level 11_0)
[2017.03.19-22.03.53:996][  0]LogD3D11RHI:       0/0/4032 MB DedicatedVideo/DedicatedSystem/SharedSystem, Outputs:0, VendorId:0x1414
[2017.03.19-22.03.53:996][  0]LogD3D11RHI: Chosen D3D11 Adapter: 0
[2017.03.19-22.03.54:000][  0]LogD3D11RHI: Creating new Direct3DDevice
[2017.03.19-22.03.54:000][  0]LogD3D11RHI:     GPU DeviceId: 0x139b (for the marketing name, search the web for "GPU Device Id")
[2017.03.19-22.03.54:000][  0]LogWindows: EnumDisplayDevices:
[2017.03.19-22.03.54:001][  0]LogWindows:    0. 'Intel(R) HD Graphics 530' (P:1 D:1)
[2017.03.19-22.03.54:001][  0]LogWindows:    1. 'Intel(R) HD Graphics 530' (P:0 D:0)
[2017.03.19-22.03.54:001][  0]LogWindows:    2. 'Intel(R) HD Graphics 530' (P:0 D:0)
[2017.03.19-22.03.54:001][  0]LogWindows: DebugString: PrimaryIsNotTheChoosenAdapter PrimaryIsNotTheChoosenAdapter PrimaryIsNotTheChoosenAdapter FoundDriverCount:0 
[2017.03.19-22.03.54:001][  0]LogD3D11RHI:     Adapter Name: NVIDIA GeForce GTX 960M
[2017.03.19-22.03.54:001][  0]LogD3D11RHI:   Driver Version: Unknown (internal:Unknown, unified:Unknown)
[2017.03.19-22.03.54:001][  0]LogD3D11RHI:      Driver Date: Unknown
[2017.03.19-22.03.54:001][  0]LogRHI: Texture pool is 1361 MB (70% of 1945 MB)
[2017.03.19-22.03.54:016][  0]LogD3D11RHI: Async texture creation enabled
[2017.03.19-22.03.54:028][  0]LogD3D11RHI: GPU Timing Frequency: 1000.000000 (Debug: 2 1)
[2017.03.19-22.03.54:029][  0]LogShaderCompilers: Guid format shader working directory is -5 characters bigger than the processId version (C:/Users/Amey Salvi/Documents/Unreal Projects/Prototype/Intermediate/Shaders/WorkingDirectory/14220/).
[2017.03.19-22.03.54:029][  0]LogShaderCompilers: Cleaned the shader compiler working directory 'C:/Users/Amey Salvi/AppData/Local/Temp/UnrealShaderWorkingDir/7EF2342B4C78A117205135862CAE228E/'.
[2017.03.19-22.03.54:029][  0]LogShaderCompilers:Display: Using Local Shader Compiler.
[2017.03.19-22.03.54:995][  0]LogTemp:Display: Loaded TP AllDesktopTargetPlatform
[2017.03.19-22.03.55:040][  0]LogTemp:Display: Loaded TP MacClientTargetPlatform
[2017.03.19-22.03.55:081][  0]LogTemp:Display: Loaded TP MacNoEditorTargetPlatform
[2017.03.19-22.03.55:123][  0]LogTemp:Display: Loaded TP MacServerTargetPlatform
[2017.03.19-22.03.55:163][  0]LogTemp:Display: Loaded TP MacTargetPlatform
[2017.03.19-22.03.55:205][  0]LogTemp:Display: Loaded TP WindowsClientTargetPlatform
[2017.03.19-22.03.55:246][  0]LogTemp:Display: Loaded TP WindowsNoEditorTargetPlatform
[2017.03.19-22.03.55:291][  0]LogTemp:Display: Loaded TP WindowsServerTargetPlatform
[2017.03.19-22.03.55:325][  0]LogTemp:Display: Loaded TP WindowsTargetPlatform
[2017.03.19-22.03.55:366][  0]LogTemp:Display: Loaded TP AndroidTargetPlatform
[2017.03.19-22.03.55:409][  0]LogTemp:Display: Loaded TP Android_ASTCTargetPlatform
[2017.03.19-22.03.55:450][  0]LogTemp:Display: Loaded TP Android_ATCTargetPlatform
[2017.03.19-22.03.55:491][  0]LogTemp:Display: Loaded TP Android_DXTTargetPlatform
[2017.03.19-22.03.55:532][  0]LogTemp:Display: Loaded TP Android_ETC1TargetPlatform
[2017.03.19-22.03.55:572][  0]LogTemp:Display: Loaded TP Android_ETC2TargetPlatform
[2017.03.19-22.03.55:653][  0]LogTemp:Display: Loaded TP Android_MultiTargetPlatform
[2017.03.19-22.03.55:653][  0]LogTemp:Display: Loaded TP Android_PVRTCTargetPlatform
[2017.03.19-22.03.55:677][  0]LogTemp:Display: Loaded TP HTML5TargetPlatform
[2017.03.19-22.03.55:752][  0]LogTemp:Display: Loaded TP IOSTargetPlatform
[2017.03.19-22.03.55:783][  0]LogTemp:Display: Loaded TP TVOSTargetPlatform
[2017.03.19-22.03.55:824][  0]LogTemp:Display: Loaded TP LinuxClientTargetPlatform
[2017.03.19-22.03.55:866][  0]LogTemp:Display: Loaded TP LinuxNoEditorTargetPlatform
[2017.03.19-22.03.55:907][  0]LogTemp:Display: Loaded TP LinuxServerTargetPlatform
[2017.03.19-22.03.55:947][  0]LogTemp:Display: Loaded TP LinuxTargetPlatform
[2017.03.19-22.03.55:947][  0]LogTargetPlatformManager:Display: Building Assets For Windows
[2017.03.19-22.03.56:249][  0]LogDerivedDataCache:Display: Max Cache Size: 512 MB
[2017.03.19-22.03.56:306][  0]LogDerivedDataCache: Loaded boot cache 0.06s 50MB C:/Users/Amey Salvi/AppData/Local/UnrealEngine/4.15/DerivedDataCache/Boot.ddc.
[2017.03.19-22.03.56:306][  0]LogDerivedDataCache:Display: Loaded Boot cache: C:/Users/Amey Salvi/AppData/Local/UnrealEngine/4.15/DerivedDataCache/Boot.ddc
[2017.03.19-22.03.56:307][  0]LogDerivedDataCache: FDerivedDataBackendGraph:  Pak pak cache file C:/Users/Amey Salvi/Documents/Unreal Projects/Prototype/DerivedDataCache/DDC.ddp not found, will not use a pak cache.
[2017.03.19-22.03.56:307][  0]LogDerivedDataCache: Unable to find inner node Pak for hierarchical cache Hierarchy.
[2017.03.19-22.03.56:307][  0]LogDerivedDataCache: FDerivedDataBackendGraph:  CompressedPak pak cache file C:/Users/Amey Salvi/Documents/Unreal Projects/Prototype/DerivedDataCache/Compressed.ddp not found, will not use a pak cache.
[2017.03.19-22.03.56:307][  0]LogDerivedDataCache: Unable to find inner node CompressedPak for hierarchical cache Hierarchy.
[2017.03.19-22.03.56:327][  0]LogDerivedDataCache:Display: Pak cache opened for reading ../../../Engine/DerivedDataCache/Compressed.ddp.
[2017.03.19-22.03.56:339][  0]LogDerivedDataCache: Using Local data cache path C:/Users/Amey Salvi/AppData/Local/UnrealEngine/Common/DerivedDataCache: Writable
[2017.03.19-22.03.56:348][  0]LogSlate: Using Freetype 2.6.0
[2017.03.19-22.03.56:348][  0]LogSlate: SlateFontCache - WITH_FREETYPE: 1, WITH_HARFBUZZ: 1
[2017.03.19-22.03.56:348][  0]LogSlate: SlateFontCache - WITH_FREETYPE: 1, WITH_HARFBUZZ: 1
[2017.03.19-22.03.56:600][  0]LogInit: Selected Device Profile: [Windows]
[2017.03.19-22.03.56:603][  0]LogContentStreaming: Texture pool size is 0.00 MB
[2017.03.19-22.03.56:789][  0]LogMeshUtilities: Using QuadricMeshReduction for automatic static mesh reduction
[2017.03.19-22.03.56:817][  0]LogSimplygon: Simplygon DLL not present - disabling.
[2017.03.19-22.03.56:845][  0]LogMeshUtilities: Using SimplygonSwarm for distributed automatic mesh merging
[2017.03.19-22.03.56:845][  0]LogMeshUtilities: No automatic skeletal mesh reduction module available
[2017.03.19-22.03.56:845][  0]LogMeshUtilities: No automatic mesh merging module available
[2017.03.19-22.03.57:377][  0]LogNetVersion: GetLocalNetworkVersion: CL: 3299760, ProjectName: prototype, ProjectVersion: , EngineNetworkVersion: 2, GameNetworkVersion: 0, NetworkChecksum: 2467209700
[2017.03.19-22.03.57:419][  0]LogAssetRegistry: FAssetRegistry took 0.0226 seconds to start up
[2017.03.19-22.03.57:467][  0]LogPackageLocalizationCache: Processed 3 localized package path(s) for 2 prioritized culture(s) in 0.033505 seconds
[2017.03.19-22.03.57:472][  0]LogUObjectArray: 32475 objects as part of root set at end of initial load.
[2017.03.19-22.03.57:472][  0]LogUObjectAllocator: 7073360 out of 0 bytes used by permanent object pool.
[2017.03.19-22.03.57:472][  0]LogUObjectArray: CloseDisregardForGC: 0/0 objects in disregard for GC pool
[2017.03.19-22.03.57:514][  0]LogInit: WinSock: version 1.1 (2.2), MaxSocks=32767, MaxUdp=65467
[2017.03.19-22.03.58:830][  0]LogTcpMessaging: Initializing TcpMessaging bridge
[2017.03.19-22.03.58:860][  0]LogUdpMessaging: Initializing bridge on interface 0.0.0.0:0 to multicast group 230.0.0.1:6666.
[2017.03.19-22.03.59:236][  0]LogMaterial: Uniform references updated for custom material expression Custom.
[2017.03.19-22.03.59:544][  0]SourceControl: Info Source control is disabled
[2017.03.19-22.03.59:582][  0]SourceControl: Info Source control is disabled
[2017.03.19-22.03.59:613][  0]SourceControl: Info Source control is disabled
[2017.03.19-22.03.59:667][  0]SourceControl: Info Source control is disabled
[2017.03.19-22.04.00:819][  0]LogEngine: Initializing Engine...
[2017.03.19-22.04.00:820][  0]LogHMD: Failed to initialize OpenVR with code 110
[2017.03.19-22.04.01:063][  0]LogAIModule: Creating AISystem for world Untitled
[2017.03.19-22.04.01:071][  0]LogInit: XAudio2 using 'Speakers / Headphones (Realtek High Definition Audio)' : 2 channels at 48 kHz using 32 bits per sample (channel mask 0x3)
[2017.03.19-22.04.01:509][  0]LogInit: FAudioDevice initialized.
[2017.03.19-22.04.01:565][  0]LogDerivedDataCache: Saved boot cache 0.06s 50MB C:/Users/Amey Salvi/AppData/Local/UnrealEngine/4.15/DerivedDataCache/Boot.ddc.
[2017.03.19-22.04.01:584][  0]LogInit: Texture streaming: Enabled
[2017.03.19-22.04.01:688][  0]LogEngineSessionManager: EngineSessionManager initialized
[2017.03.19-22.04.01:693][  0]LogEngineSessionManager: EngineSessionManager sent abnormal shutdown report. Type=Crashed, SessionId={8FD0AAB0-4E07-D110-1CB2-4EA1C675D07A}
[2017.03.19-22.04.01:791][  0]LogInit: Transaction tracking system initialized
[2017.03.19-22.04.02:075][  0]BlueprintLog: New page: Editor Load
[2017.03.19-22.04.02:695][  0]LocalizationService: Info Localization service is disabled
[2017.03.19-22.04.03:152][  0]LogConsoleResponse:Display: 
[2017.03.19-22.04.03:271][  0]LogCook:Display: Max memory allowance for cook 16384mb min free memory 0mb
[2017.03.19-22.04.03:271][  0]LogCook:Display: Mobile HDR setting 1
[2017.03.19-22.04.03:985][  0]LogFileCache: Scanning file cache for directory 'C:/Users/Amey Salvi/Documents/Unreal Projects/Prototype/Content/' took 0.02s
[2017.03.19-22.04.03:985][  0]SourceControl: Info Source control is disabled
[2017.03.19-22.04.03:985][  0]Cmd: MAP LOAD FILE="C:/Users/Amey Salvi/Documents/Unreal Projects/Prototype/Content/FirstPersonBP/Maps/FirstPersonExampleMap.umap" TEMPLATE=0 SHOWPROGRESS=1 FEATURELEVEL=3
[2017.03.19-22.04.03:986][  0]LightingResults: New page: Lighting Build
[2017.03.19-22.04.04:013][  0]MapCheck: New page: Map Check
[2017.03.19-22.04.04:013][  0]LightingResults: New page: Lighting Build
[2017.03.19-22.04.04:528][  0]LogAIModule: Creating AISystem for world FirstPersonExampleMap
[2017.03.19-22.04.04:545][  0]LogEditorServer: Finished looking for orphan Actors (0.000 secs)
[2017.03.19-22.04.04:546][  0]Cmd: MAP CHECKDEP NOCLEARLOG
[2017.03.19-22.04.04:585][  0]MapCheck: Info Map check complete: 0 Error(s), 0 Warning(s), took 38.796ms to complete.
[2017.03.19-22.04.04:585][  0]LogFileHelpers: Loading map 'FirstPersonExampleMap' took 0.600
[2017.03.19-22.04.04:681][  0]LogWindowsTextInputMethodSystem:Display: IME system now deactivated.
[2017.03.19-22.04.04:931][  0]LogCrashTracker: Crashtracker disabled due to settings.
[2017.03.19-22.04.04:979][  0]LogCollectionManager: Loaded 0 collections in 0.000871 seconds
[2017.03.19-22.04.05:070][  0]LogFileCache: Scanning file cache for directory 'C:/Users/Amey Salvi/Documents/Unreal Projects/Prototype/Saved/Collections/' took 0.01s
[2017.03.19-22.04.05:070][  0]LogFileCache: Scanning file cache for directory 'C:/Users/Amey Salvi/Documents/Unreal Projects/Prototype/Content/Developers/AmeySalvi/Collections/' took 0.01s
[2017.03.19-22.04.05:070][  0]LogFileCache: Scanning file cache for directory 'C:/Users/Amey Salvi/Documents/Unreal Projects/Prototype/Content/Collections/' took 0.01s
[2017.03.19-22.04.05:070][  0]LogCollectionManager: Rebuilt the GUID cache for 0 collections in 0.000003 seconds
[2017.03.19-22.04.05:083][  0]LogContentBrowser: Native class hierarchy populated in 0.0115 seconds. Added 2245 classes and 452 folders.
[2017.03.19-22.04.05:086][  0]LogStats: UGameplayTagsManager::ConstructGameplayTagTree: Construct from data asset -  0.000 s
[2017.03.19-22.04.05:086][  0]LogStats: UGameplayTagsManager::ConstructGameplayTagTree: GameplayTagTreeChangedEvent.Broadcast -  0.000 s
[2017.03.19-22.04.05:130][  0]LogContentBrowser: Native class hierarchy updated for 'WidgetCarousel' in 0.0005 seconds. Added 0 classes and 0 folders.
[2017.03.19-22.04.05:162][  0]LogContentBrowser: Native class hierarchy updated for 'AddContentDialog' in 0.0005 seconds. Added 0 classes and 0 folders.
[2017.03.19-22.04.05:171][  0]LogUObjectGlobals:Warning: Failed to find object 'Class None.'
[2017.03.19-22.04.05:226][  0]LogContentBrowser: Native class hierarchy updated for 'HierarchicalLODOutliner' in 0.0005 seconds. Added 1 classes and 2 folders.
[2017.03.19-22.04.05:226][  0]LogLoad: (Engine Initialization) Total time: 14.25 seconds
[2017.03.19-22.04.05:226][  0]LogLoad: (Engine Initialization) Total Blueprint compile time: 0.18 seconds
[2017.03.19-22.04.05:226][  0]LogExternalProfiler: Found external profiler: VSPerf
[2017.03.19-22.04.05:226][  0]LogExternalProfiler: Using external profiler: VSPerf
[2017.03.19-22.04.05:245][  0]LogOcInput: OculusInput pre-init called
[2017.03.19-22.04.05:267][  0]LogContentStreaming: Texture pool size now 1000 MB
[2017.03.19-22.04.05:268][  0]LogSlate: Took 0.000190 seconds to synchronously load lazily loaded font '../../../Engine/Content/Slate/Fonts/Roboto-Regular.ttf' (155K)
[2017.03.19-22.04.05:272][  0]LogSlate: Took 0.000223 seconds to synchronously load lazily loaded font '../../../Engine/Content/Slate/Fonts/Roboto-Bold.ttf' (160K)
[2017.03.19-22.04.05:279][  0]LogSlate: Took 0.000190 seconds to synchronously load lazily loaded font '../../../Engine/Content/Editor/Slate/Fonts/FontAwesome.ttf' (139K)
[2017.03.19-22.04.05:401][  0]LogSlate: Took 0.000180 seconds to synchronously load lazily loaded font '../../../Engine/Content/Slate/Fonts/Roboto-Light.ttf' (159K)
[2017.03.19-22.04.05:447][  0]LogRenderer: Reallocating scene render targets to support 964x708 NumSamples 1 (Frame:2).
[2017.03.19-22.04.05:556][  1]LogAssetRegistry: Asset discovery search completed in 8.1589 seconds
[2017.03.19-22.04.05:556][  1]LogCollectionManager: Rebuilt the object cache for 0 collections in 0.000024 seconds (found 0 objects)
[2017.03.19-22.04.05:556][  1]LogCollectionManager: Fixed up redirectors for 0 collections in 0.000050 seconds (updated 0 objects)
[2017.03.19-22.04.21:642][288]LightingResults: New page: Lighting Build
[2017.03.19-22.04.21:643][288]MapCheck: New page: Map Check
[2017.03.19-22.04.21:643][288]LightingResults: New page: Lighting Build
[2017.03.19-22.04.21:664][288]LogAIModule: Creating AISystem for world Untitled
[2017.03.19-22.04.21:668][288]LoadErrors: New page: New Map
[2017.03.19-22.04.27:715][534]Cmd: BRUSH ADD SELECTNEWBRUSH
[2017.03.19-22.04.41:668][920]LogEditorViewport: Clicking Background
[2017.03.19-22.04.43:159][954]Cmd: BRUSH ADD SELECTNEWBRUSH
[2017.03.19-22.06.08:672][811]LogEditorViewport: Clicking on Actor (LMB): Brush (Box Brush)
[2017.03.19-22.06.13:516][ 99]LogEditorViewport: Clicking Background
[2017.03.19-22.06.14:450][155]LogEditorViewport: Clicking on Actor (LMB): Brush (Box Brush2)
[2017.03.19-22.06.52:240][691]LogEditorViewport: Clicking on Actor (LMB): Brush (Box Brush2)
[2017.03.19-22.06.59:857][918]LogEditorViewport: Clicking Background
[2017.03.19-22.07.12:254][353]Cmd: BRUSH ADD SELECTNEWBRUSH
[2017.03.19-22.07.43:905][217]Cmd: BRUSH ADD SELECTNEWBRUSH
[2017.03.19-22.08.00:865][786]Cmd: BRUSH ADD SELECTNEWBRUSH
[2017.03.19-22.08.39:302][508]LogEditorViewport: Clicking on Actor (LMB): Brush (Box Brush3)
[2017.03.19-22.08.46:023][709]LogEditorViewport: Clicking on Actor (LMB): Brush (Box Brush4)
[2017.03.19-22.09.03:757][240]LogEditorViewport: Clicking Background
[2017.03.19-22.09.05:759][299]LogEditorViewport: Clicking on Actor (LMB): Brush (Box Brush4)
[2017.03.19-22.09.14:837][569]LogEditorViewport: Clicking on Actor (LMB): Brush (Box Brush3)
[2017.03.19-22.09.30:329][114]LogEditorViewport: Clicking Background
[2017.03.19-22.09.35:448][367]LogEditorViewport: Clicking on Actor (LMB): Brush (Box Brush3)
[2017.03.19-22.09.45:054][872]LogEditorViewport: Clicking on Actor (LMB): Brush (Box Brush4)
[2017.03.19-22.09.53:423][326]LogEditorViewport: Clicking on Actor (LMB): Brush (Box Brush5)
[2017.03.19-22.10.12:033][345]LogEditorViewport: Clicking on Actor (LMB): Brush (Box Brush2)
[2017.03.19-22.10.17:226][640]LogEditorViewport: Clicking Background
[2017.03.19-22.11.02:631][702]LogSlate: Took 0.000171 seconds to synchronously load lazily loaded font '../../../Engine/Content/Slate/Fonts/Roboto-Light.ttf' (159K)
[2017.03.19-22.11.03:336][702]Cmd: OBJ SAVEPACKAGE PACKAGE="/Game/NewMap" FILE="C:/Users/Amey Salvi/Documents/Unreal Projects/Prototype/Content/NewMap.umap" SILENT=true AUTOSAVING=false KEEPDIRTY=false
[2017.03.19-22.11.03:457][702]LogSavePackage: Save=86.84ms
[2017.03.19-22.11.03:457][702]LogSavePackage: Moving 'C:/Users/Amey Salvi/Documents/Unreal Projects/Prototype/Saved/NewMapCA9C25A74777D8D23674A3A32917DEBC.tmp' to 'C:/Users/Amey Salvi/Documents/Unreal Projects/Prototype/Content/NewMap.umap'
[2017.03.19-22.11.03:462][702]LogSavePackage:Display: Finished SavePackage C:/Users/Amey Salvi/Documents/Unreal Projects/Prototype/Content/NewMap.umap
[2017.03.19-22.11.03:512][702]LogFileHelpers: Saving map 'NewMap' took 0.933
[2017.03.19-22.12.50:585][506]MapCheck: New page: Map Check
[2017.03.19-22.12.50:629][506]Cmd: MAP REBUILD ALLVISIBLE
[2017.03.19-22.12.50:629][506]LogEditorServer: Rebuildmap Clear paths rebuilt
[2017.03.19-22.12.50:759][506]TextureStreamingBuild:Display: Build Texture Streaming took 0.003 seconds.
[2017.03.19-22.12.50:771][506]LightingResults: New page: Lighting Build - Mar 19, 2017, 2:12:50 PM
[2017.03.19-22.12.50:803][506]LogSwarmInterface: [OpenConnection] Registering TCP channel ...
[2017.03.19-22.12.50:864][506]LogSwarmInterface: [OpenConnection] Connecting to agent ...
[2017.03.19-22.12.50:872][506]LogSwarmInterface: [TryOpenConnection] Testing the Agent
[2017.03.19-22.12.51:396][506]LogSwarmInterface: [TryOpenConnection] Opening Connection to Agent
[2017.03.19-22.12.51:396][506]LogSwarmInterface: [TryOpenConnection] Local Process ID is 14220
[2017.03.19-22.12.52:828][506]LogStaticLightingSystem:Warning: No importance volume found, so the scene bounding box was used.  You can optimize your scene's quality and lighting build times by adding importance volumes.
[2017.03.19-22.12.52:828][506]LogStaticLightingSystem: Running Lightmass w/ ImmediateImport mode ENABLED
[2017.03.19-22.12.52:828][506]LogStaticLightingSystem: Running Lightmass w/ ImmediateProcess mode ENABLED
[2017.03.19-22.12.52:828][506]LogStaticLightingSystem: Running Lightmass w/ Sorting mode ENABLED
[2017.03.19-22.12.52:828][506]LogStaticLightingSystem: Running Lightmass w/ Mapping paddings ENABLED
[2017.03.19-22.12.52:828][506]LogStaticLightingSystem: Running Lightmass w/ Mapping debug paddings DISABLED
[2017.03.19-22.12.52:985][506]Cmd: MAP CHECK DONTDISPLAYDIALOG
[2017.03.19-22.12.52:985][506]MapCheck: New page: NewMap - Mar 19, 2017, 2:12:52 PM
[2017.03.19-22.12.53:040][506]MapCheck: Info Map check complete: 0 Error(s), 0 Warning(s), took 55.469ms to complete.
[2017.03.19-22.12.53:063][506]LogEditorBuildUtils: Build time 0:02
[2017.03.19-22.12.54:143][518]Job is a success!
[2017.03.19-22.12.54:613][520]LogTexture:Display: Building textures: HQ_Lightmap0_1 (AutoDXT)
[2017.03.19-22.12.54:613][520]LogTexture:Display: Building textures: LQ_Lightmap_0_1 (DXT1)
[2017.03.19-22.12.54:613][520]LogTexture:Display: Building textures: ShadowMapTexture2D_0 (G8)
[2017.03.19-22.12.54:710][520]Lightmass on THEREDDEVIL: 990 ms total, 109 ms importing, 19 ms setup, 127 ms photons, 721 ms processing, 0 ms extra exporting [12/12 mappings]. Threads: 2.85 sec total, 260 ms processing.
[2017.03.19-22.12.54:835][520]LogStaticLightingSystem: Illumination: 3.94 sec (54 ms encoding lightmaps, 15 ms encoding shadowmaps)
[2017.03.19-22.12.54:835][520]LogStaticLightingSystem: Lightmap texture memory:  0.1 MB (0.0 MB streaming, 0.1 MB non-streaming), 2 textures
[2017.03.19-22.12.54:835][520]LogStaticLightingSystem: Shadowmap texture memory: 0.0 MB (0.0 MB streaming, 0.0 MB non-streaming), 1 textures
[2017.03.19-22.12.55:833][520]DumpUnbuiltLightIteractions
[2017.03.19-22.12.55:833][520]Lights with unbuilt interactions: 0
[2017.03.19-22.12.55:833][520]
[2017.03.19-22.12.55:833][520]Primitives with unbuilt interactions: 0
[2017.03.19-22.12.55:847][521]Cmd: MAP CHECK NOTIFYRESULTS
[2017.03.19-22.12.55:847][521]MapCheck: New page: NewMap - Mar 19, 2017, 2:12:55 PM
[2017.03.19-22.12.55:938][521]MapCheck: Info Map check complete: 0 Error(s), 0 Warning(s), took 90.516ms to complete.
[2017.03.19-22.13.54:834][515]LogEditorViewport: Clicking on Actor (LMB): DirectionalLight (DirectionalLight)
[2017.03.19-22.14.57:133][314]Cmd: OBJ SAVEPACKAGE PACKAGE="/Game/NewMap" FILE="C:/Users/Amey Salvi/Documents/Unreal Projects/Prototype/Content/NewMap.umap" SILENT=true AUTOSAVING=false KEEPDIRTY=false
[2017.03.19-22.14.57:205][314]LogSavePackage: Save=47.40ms
[2017.03.19-22.14.57:205][314]LogSavePackage: Moving 'C:/Users/Amey Salvi/Documents/Unreal Projects/Prototype/Saved/NewMap5CE4656E4B354D3CD89520803BA59C9D.tmp' to 'C:/Users/Amey Salvi/Documents/Unreal Projects/Prototype/Content/NewMap.umap'
[2017.03.19-22.14.57:208][314]LogSavePackage:Display: Finished SavePackage C:/Users/Amey Salvi/Documents/Unreal Projects/Prototype/Content/NewMap.umap
[2017.03.19-22.14.57:245][314]Cmd: OBJ SAVEPACKAGE PACKAGE="/Game/NewMap_BuiltData" FILE="C:/Users/Amey Salvi/Documents/Unreal Projects/Prototype/Content/NewMap_BuiltData.uasset" SILENT=true
[2017.03.19-22.14.57:270][314]LogSavePackage: Save=20.28ms
[2017.03.19-22.14.57:270][314]LogSavePackage: Moving 'C:/Users/Amey Salvi/Documents/Unreal Projects/Prototype/Saved/NewMap_BuiltData50606A3449213E4676F49E9A12BD96AB.tmp' to 'C:/Users/Amey Salvi/Documents/Unreal Projects/Prototype/Content/NewMap_BuiltData.uasset'
[2017.03.19-22.14.57:272][314]LogSavePackage:Display: Finished SavePackage C:/Users/Amey Salvi/Documents/Unreal Projects/Prototype/Content/NewMap_BuiltData.uasset
[2017.03.19-22.15.11:273][446]LogEditorViewport: Clicking on Actor (LMB): AtmosphericFog (AtmosphericFog)
[2017.03.19-22.15.26:508][898]LogEditorViewport: Clicking on Actor (LMB): DirectionalLight (DirectionalLight)
[2017.03.19-22.16.33:943][894]Cmd: OBJ SAVEPACKAGE PACKAGE="/Game/NewMap" FILE="C:/Users/Amey Salvi/Documents/Unreal Projects/Prototype/Content/NewMap.umap" SILENT=true AUTOSAVING=false KEEPDIRTY=false
[2017.03.19-22.16.34:002][894]LogSavePackage: Save=36.02ms
[2017.03.19-22.16.34:002][894]LogSavePackage: Moving 'C:/Users/Amey Salvi/Documents/Unreal Projects/Prototype/Saved/NewMap399CC24F4AA53B6D1006DF82AD8D5CC7.tmp' to 'C:/Users/Amey Salvi/Documents/Unreal Projects/Prototype/Content/NewMap.umap'
[2017.03.19-22.16.34:006][894]LogSavePackage:Display: Finished SavePackage C:/Users/Amey Salvi/Documents/Unreal Projects/Prototype/Content/NewMap.umap
[2017.03.19-22.16.34:054][894]Cmd: OBJ SAVEPACKAGE PACKAGE="/Game/NewMap_BuiltData" FILE="C:/Users/Amey Salvi/Documents/Unreal Projects/Prototype/Content/NewMap_BuiltData.uasset" SILENT=true
[2017.03.19-22.16.34:090][894]LogSavePackage: Save=17.75ms
[2017.03.19-22.16.34:090][894]LogSavePackage: Moving 'C:/Users/Amey Salvi/Documents/Unreal Projects/Prototype/Saved/NewMap_BuiltData5205876F48502CB9FE535B81B0A878FC.tmp' to 'C:/Users/Amey Salvi/Documents/Unreal Projects/Prototype/Content/NewMap_BuiltData.uasset'
[2017.03.19-22.16.34:091][894]LogSavePackage:Display: Finished SavePackage C:/Users/Amey Salvi/Documents/Unreal Projects/Prototype/Content/NewMap_BuiltData.uasset
[2017.03.19-22.18.38:313][120]Cmd: OBJ SAVEPACKAGE PACKAGE="/Game/NewMap" FILE="C:/Users/Amey Salvi/Documents/Unreal Projects/Prototype/Content/NewMap.umap" SILENT=true AUTOSAVING=false KEEPDIRTY=false
[2017.03.19-22.18.38:397][120]LogSavePackage: Save=51.95ms
[2017.03.19-22.18.38:397][120]LogSavePackage: Moving 'C:/Users/Amey Salvi/Documents/Unreal Projects/Prototype/Saved/NewMap720065D04DE75C1905B54CBA69036637.tmp' to 'C:/Users/Amey Salvi/Documents/Unreal Projects/Prototype/Content/NewMap.umap'
[2017.03.19-22.18.38:398][120]LogSavePackage:Display: Finished SavePackage C:/Users/Amey Salvi/Documents/Unreal Projects/Prototype/Content/NewMap.umap
[2017.03.19-22.18.38:433][120]Cmd: OBJ SAVEPACKAGE PACKAGE="/Game/NewMap_BuiltData" FILE="C:/Users/Amey Salvi/Documents/Unreal Projects/Prototype/Content/NewMap_BuiltData.uasset" SILENT=true
[2017.03.19-22.18.38:453][120]LogSavePackage: Save=16.61ms
[2017.03.19-22.18.38:453][120]LogSavePackage: Moving 'C:/Users/Amey Salvi/Documents/Unreal Projects/Prototype/Saved/NewMap_BuiltData17BE1C154328F6E35DA0E8BCBEB36C84.tmp' to 'C:/Users/Amey Salvi/Documents/Unreal Projects/Prototype/Content/NewMap_BuiltData.uasset'
[2017.03.19-22.18.38:455][120]LogSavePackage:Display: Finished SavePackage C:/Users/Amey Salvi/Documents/Unreal Projects/Prototype/Content/NewMap_BuiltData.uasset
[2017.03.19-22.18.52:027][342]LogActorComponent: UnregisterComponent: (/Engine/Transient.SphereBrushComponent) Not registered. Aborting.
[2017.03.19-22.19.05:015][623]LogTexture:Display: Building textures: Texture2D_2 (G8)
[2017.03.19-22.21.42:252][345]LogMaterial: Missing cached shader map for material MAT_GT_Grass, compiling. 
[2017.03.19-22.21.42:254][345]LogTemp:Display: Added material ShaderMap 0x000001C55A63AB00 with Material 0x000001C517B79F80 to ShaderMapsBeingCompiled
[2017.03.19-22.21.42:287][345]LogTemp:Display: Kicking off shader compilation for MAT_GT_Grass, GameThreadShaderMap 0x000001C55A63AB00
[2017.03.19-22.21.42:489][345]LogMaterial: Missing cached shader map for material MAT_GT_Grass, compiling. 
[2017.03.19-22.21.42:490][345]LogTemp:Display: Added material ShaderMap 0x000001C518435D00 with Material 0x000001C517B79F80 to ShaderMapsBeingCompiled
[2017.03.19-22.21.42:509][345]LogTemp:Display: Kicking off shader compilation for MAT_GT_Grass, GameThreadShaderMap 0x000001C518435D00
[2017.03.19-22.21.42:510][345]LogMaterial: 0.00 seconds spent updating 1 materials, 1 interfaces, 0 instances, 0 with static permutations.
[2017.03.19-22.21.42:558][345]LogSlate: Took 0.008286 seconds to synchronously load lazily loaded font '../../../Engine/Content/Editor/Slate/Fonts/Roboto-BoldCondensed.ttf' (158K)
[2017.03.19-22.21.45:288][362]LogTemp:Display: Finished compile of shader map 0x000001C518435D00
[2017.03.19-22.21.45:288][362]LogTemp:Display: Shader map MAT_GT_Grass complete, GameThreadShaderMap 0x000001C518435D00, marking material MAT_GT_Grass as finished
[2017.03.19-22.21.45:288][362]LogTemp:Display: Marking material as finished 0x000001C517B79F80
[2017.03.19-22.21.45:298][363]MaterialEditorStats: Info Base pass shader with only dynamic lighting: 80 instructions
[2017.03.19-22.21.45:298][363]MaterialEditorStats: Info Vertex shader: 29 instructions
[2017.03.19-22.21.45:298][363]MaterialEditorStats: Info Texture samplers: 1/16
[2017.03.19-22.26.06:038][451]LogMaterial: Missing cached shader map for material MAT_GT_Grass, compiling. 
[2017.03.19-22.26.06:039][451]LogTemp:Display: Added material ShaderMap 0x000001C50244AE80 with Material 0x000001C517B79F80 to ShaderMapsBeingCompiled
[2017.03.19-22.26.06:051][451]LogTemp:Display: Kicking off shader compilation for MAT_GT_Grass, GameThreadShaderMap 0x000001C50244AE80
[2017.03.19-22.26.06:052][451]LogMaterial: 0.00 seconds spent updating 1 materials, 1 interfaces, 0 instances, 0 with static permutations.
[2017.03.19-22.26.07:941][495]LogTemp:Display: Finished compile of shader map 0x000001C50244AE80
[2017.03.19-22.26.07:941][495]LogTemp:Display: Shader map MAT_GT_Grass complete, GameThreadShaderMap 0x000001C50244AE80, marking material MAT_GT_Grass as finished
[2017.03.19-22.26.07:941][495]LogTemp:Display: Marking material as finished 0x000001C517B79F80
[2017.03.19-22.26.08:789][511]LogMaterial: Missing cached shader map for material MAT_GT_Grass, compiling. 
[2017.03.19-22.26.08:790][511]LogTemp:Display: Added material ShaderMap 0x000001C55DABE080 with Material 0x000001C517B79F80 to ShaderMapsBeingCompiled
[2017.03.19-22.26.08:804][511]LogTemp:Display: Kicking off shader compilation for MAT_GT_Grass, GameThreadShaderMap 0x000001C55DABE080
[2017.03.19-22.26.08:804][511]LogMaterial: 0.00 seconds spent updating 1 materials, 1 interfaces, 0 instances, 0 with static permutations.
[2017.03.19-22.26.10:343][542]LogTemp:Display: Finished compile of shader map 0x000001C55DABE080
[2017.03.19-22.26.10:343][542]LogTemp:Display: Shader map MAT_GT_Grass complete, GameThreadShaderMap 0x000001C55DABE080, marking material MAT_GT_Grass as finished
[2017.03.19-22.26.10:343][542]LogTemp:Display: Marking material as finished 0x000001C517B79F80
[2017.03.19-22.26.10:406][543]MaterialEditorStats: Info Base pass shader with only dynamic lighting: 80 instructions
[2017.03.19-22.26.10:406][543]MaterialEditorStats: Info Vertex shader: 29 instructions
[2017.03.19-22.26.10:406][543]MaterialEditorStats: Info Texture samplers: 1/16
[2017.03.19-22.26.19:980][620]LogMaterial: Missing cached shader map for material MAT_GT_Grass, compiling. 
[2017.03.19-22.26.19:987][620]LogMaterial:Warning: Failed to compile Material /Engine/Transient.MAT_GT_Grass for platform PCD3D_SM5, Default Material will be used in game.
[2017.03.19-22.26.19:987][620]LogMaterial:Warning: 	Grass> Input missing
[2017.03.19-22.26.19:987][620]LogMaterial: 0.00 seconds spent updating 1 materials, 1 interfaces, 0 instances, 0 with static permutations.
[2017.03.19-22.26.19:989][620]MaterialEditorStats:Error: Error [SM5] Grass> Input missing
[2017.03.19-22.27.44:683][ 60]LogFactory: FactoryCreateFile: Texture with ReimportTextureFactory (0 0 ../../../../RIT/Spring '17/Gameplay Prototyping/grass-textures-17.jpg)
[2017.03.19-22.27.44:716][ 60]LogTexture:Display: Building textures: grass-textures-17 (BGRA8)
[2017.03.19-22.27.47:421][121]LogMaterial: Missing cached shader map for material grass-textures-17_Mat, compiling. 
[2017.03.19-22.27.47:423][121]LogTemp:Display: Added material ShaderMap 0x000001C5082F2080 with Material 0x000001C54A113280 to ShaderMapsBeingCompiled
[2017.03.19-22.27.47:460][121]LogTemp:Display: Kicking off shader compilation for grass-textures-17_Mat, GameThreadShaderMap 0x000001C5082F2080
[2017.03.19-22.27.47:475][121]LogMaterial:Warning: Material /Game/FirstPersonBP/grass-textures-17_Mat.grass-textures-17_Mat needed to have new flag set bUsedWithStaticLighting !
[2017.03.19-22.27.47:478][121]LogMaterial: Missing cached shader map for material grass-textures-17_Mat, compiling. 
[2017.03.19-22.27.47:480][121]LogTemp:Display: Added material ShaderMap 0x000001C50240A780 with Material 0x000001C54A113280 to ShaderMapsBeingCompiled
[2017.03.19-22.27.47:517][121]LogTemp:Display: Kicking off shader compilation for grass-textures-17_Mat, GameThreadShaderMap 0x000001C50240A780
[2017.03.19-22.27.47:517][121]LogMaterial: 0.00 seconds spent updating 1 materials, 1 interfaces, 0 instances, 0 with static permutations.
[2017.03.19-22.27.50:381][204]LogTemp:Display: Finished compile of shader map 0x000001C5082F2080
[2017.03.19-22.27.50:381][204]LogTemp:Display: Shader map grass-textures-17_Mat complete, GameThreadShaderMap 0x000001C5082F2080, marking material grass-textures-17_Mat as finished
[2017.03.19-22.27.50:381][204]LogTemp:Display: Marking material as finished 0x000001C54A113280
[2017.03.19-22.27.52:406][244]LogTemp:Display: Finished compile of shader map 0x000001C50240A780
[2017.03.19-22.27.52:406][244]LogTemp:Display: Shader map grass-textures-17_Mat complete, GameThreadShaderMap 0x000001C50240A780, marking material grass-textures-17_Mat as finished
[2017.03.19-22.27.52:406][244]LogTemp:Display: Marking material as finished 0x000001C54A113280
[2017.03.19-22.28.12:380][742]Cmd: OBJ SAVEPACKAGE PACKAGE="/Game/NewMap" FILE="C:/Users/Amey Salvi/Documents/Unreal Projects/Prototype/Content/NewMap.umap" SILENT=true AUTOSAVING=false KEEPDIRTY=false
[2017.03.19-22.28.12:478][742]LogSavePackage: Save=55.53ms
[2017.03.19-22.28.12:478][742]LogSavePackage: Moving 'C:/Users/Amey Salvi/Documents/Unreal Projects/Prototype/Saved/NewMapA3CA9B834158CAFD520E27BBEA514BCA.tmp' to 'C:/Users/Amey Salvi/Documents/Unreal Projects/Prototype/Content/NewMap.umap'
[2017.03.19-22.28.12:482][742]LogSavePackage:Display: Finished SavePackage C:/Users/Amey Salvi/Documents/Unreal Projects/Prototype/Content/NewMap.umap
[2017.03.19-22.28.12:518][742]Cmd: OBJ SAVEPACKAGE PACKAGE="/Game/NewMap_BuiltData" FILE="C:/Users/Amey Salvi/Documents/Unreal Projects/Prototype/Content/NewMap_BuiltData.uasset" SILENT=true
[2017.03.19-22.28.12:544][742]LogSavePackage: Save=16.21ms
[2017.03.19-22.28.12:544][742]LogSavePackage: Moving 'C:/Users/Amey Salvi/Documents/Unreal Projects/Prototype/Saved/NewMap_BuiltData062B0E8D479B4B9D1399429DE30710E2.tmp' to 'C:/Users/Amey Salvi/Documents/Unreal Projects/Prototype/Content/NewMap_BuiltData.uasset'
[2017.03.19-22.28.12:546][742]LogSavePackage:Display: Finished SavePackage C:/Users/Amey Salvi/Documents/Unreal Projects/Prototype/Content/NewMap_BuiltData.uasset
[2017.03.19-22.28.37:496][ 60]LogEditorViewport: Clicking on Actor (LMB): DirectionalLight (DirectionalLight)
[2017.03.19-22.29.07:815][939]Cmd: OBJ SAVEPACKAGE PACKAGE="/Game/NewMap" FILE="C:/Users/Amey Salvi/Documents/Unreal Projects/Prototype/Content/NewMap.umap" SILENT=true AUTOSAVING=false KEEPDIRTY=false
[2017.03.19-22.29.07:852][939]LogTemp:Display: Removed shader map 0x000001C55A63AB00 from material 0x000001C517B79F80
[2017.03.19-22.29.07:915][939]LogSavePackage: Save=54.03ms
[2017.03.19-22.29.07:915][939]LogSavePackage: Moving 'C:/Users/Amey Salvi/Documents/Unreal Projects/Prototype/Saved/NewMap9A7682A6461A90B906E18BA432731CFC.tmp' to 'C:/Users/Amey Salvi/Documents/Unreal Projects/Prototype/Content/NewMap.umap'
[2017.03.19-22.29.07:919][939]LogSavePackage:Display: Finished SavePackage C:/Users/Amey Salvi/Documents/Unreal Projects/Prototype/Content/NewMap.umap
[2017.03.19-22.29.07:956][939]Cmd: OBJ SAVEPACKAGE PACKAGE="/Game/NewMap_BuiltData" FILE="C:/Users/Amey Salvi/Documents/Unreal Projects/Prototype/Content/NewMap_BuiltData.uasset" SILENT=true
[2017.03.19-22.29.07:976][939]LogSavePackage: Save=16.27ms
[2017.03.19-22.29.07:976][939]LogSavePackage: Moving 'C:/Users/Amey Salvi/Documents/Unreal Projects/Prototype/Saved/NewMap_BuiltDataBED50E7C401B231DF7C2F5AC8BBA1A36.tmp' to 'C:/Users/Amey Salvi/Documents/Unreal Projects/Prototype/Content/NewMap_BuiltData.uasset'
[2017.03.19-22.29.07:978][939]LogSavePackage:Display: Finished SavePackage C:/Users/Amey Salvi/Documents/Unreal Projects/Prototype/Content/NewMap_BuiltData.uasset
[2017.03.19-22.29.39:756][164]LogFactory: FactoryCreateFile: Texture with ReimportTextureFactory (0 0 ../../../../RIT/Spring '17/Gameplay Prototyping/2383316.jpg)
[2017.03.19-22.29.39:791][164]LogTexture:Display: Building textures: 2383316 (BGRA8)
[2017.03.19-22.29.44:636][272]LogMaterial: Missing cached shader map for material 2383316_Mat, compiling. 
[2017.03.19-22.29.44:639][272]LogTemp:Display: Added material ShaderMap 0x000001C517B6EE80 with Material 0x000001C54A0F2200 to ShaderMapsBeingCompiled
[2017.03.19-22.29.44:666][272]LogTemp:Display: Kicking off shader compilation for 2383316_Mat, GameThreadShaderMap 0x000001C517B6EE80
[2017.03.19-22.29.44:679][272]LogMaterial:Warning: Material /Game/FirstPersonBP/2383316_Mat.2383316_Mat needed to have new flag set bUsedWithStaticLighting !
[2017.03.19-22.29.44:684][272]LogMaterial: Missing cached shader map for material 2383316_Mat, compiling. 
[2017.03.19-22.29.44:685][272]LogTemp:Display: Added material ShaderMap 0x000001C56BFB6B00 with Material 0x000001C54A0F2200 to ShaderMapsBeingCompiled
[2017.03.19-22.29.44:717][272]LogTemp:Display: Kicking off shader compilation for 2383316_Mat, GameThreadShaderMap 0x000001C56BFB6B00
[2017.03.19-22.29.44:717][272]LogMaterial: 0.00 seconds spent updating 1 materials, 1 interfaces, 0 instances, 0 with static permutations.
[2017.03.19-22.29.47:403][337]LogTemp:Display: Finished compile of shader map 0x000001C517B6EE80
[2017.03.19-22.29.47:403][337]LogTemp:Display: Shader map 2383316_Mat complete, GameThreadShaderMap 0x000001C517B6EE80, marking material 2383316_Mat as finished
[2017.03.19-22.29.47:403][337]LogTemp:Display: Marking material as finished 0x000001C54A0F2200
[2017.03.19-22.29.49:475][390]LogTemp:Display: Finished compile of shader map 0x000001C56BFB6B00
[2017.03.19-22.29.49:475][390]LogTemp:Display: Shader map 2383316_Mat complete, GameThreadShaderMap 0x000001C56BFB6B00, marking material 2383316_Mat as finished
[2017.03.19-22.29.49:475][390]LogTemp:Display: Marking material as finished 0x000001C54A0F2200
[2017.03.19-22.30.59:829][283]LogEditorViewport: Clicking on Actor (LMB): DirectionalLight (DirectionalLight)
[2017.03.19-22.31.27:819][ 88]Cmd: OBJ SAVEPACKAGE PACKAGE="/Game/NewMap" FILE="C:/Users/Amey Salvi/Documents/Unreal Projects/Prototype/Content/NewMap.umap" SILENT=true AUTOSAVING=false KEEPDIRTY=false
[2017.03.19-22.31.27:915][ 88]LogSavePackage: Save=64.29ms
[2017.03.19-22.31.27:915][ 88]LogSavePackage: Moving 'C:/Users/Amey Salvi/Documents/Unreal Projects/Prototype/Saved/NewMapE1B9B4C54C370B3C9C9145A2E14207D3.tmp' to 'C:/Users/Amey Salvi/Documents/Unreal Projects/Prototype/Content/NewMap.umap'
[2017.03.19-22.31.27:923][ 88]LogSavePackage:Display: Finished SavePackage C:/Users/Amey Salvi/Documents/Unreal Projects/Prototype/Content/NewMap.umap
[2017.03.19-22.31.28:016][ 88]Cmd: OBJ SAVEPACKAGE PACKAGE="/Game/NewMap_BuiltData" FILE="C:/Users/Amey Salvi/Documents/Unreal Projects/Prototype/Content/NewMap_BuiltData.uasset" SILENT=true
[2017.03.19-22.31.28:041][ 88]LogSavePackage: Save=20.54ms
[2017.03.19-22.31.28:041][ 88]LogSavePackage: Moving 'C:/Users/Amey Salvi/Documents/Unreal Projects/Prototype/Saved/NewMap_BuiltData5F77886D436D7EEF6E11ACAF7502BEDC.tmp' to 'C:/Users/Amey Salvi/Documents/Unreal Projects/Prototype/Content/NewMap_BuiltData.uasset'
[2017.03.19-22.31.28:044][ 88]LogSavePackage:Display: Finished SavePackage C:/Users/Amey Salvi/Documents/Unreal Projects/Prototype/Content/NewMap_BuiltData.uasset
[2017.03.19-22.31.44:914][550]Cmd: OBJ SAVEPACKAGE PACKAGE="/Game/NewMap" FILE="C:/Users/Amey Salvi/Documents/Unreal Projects/Prototype/Content/NewMap.umap" SILENT=true AUTOSAVING=false KEEPDIRTY=false
[2017.03.19-22.31.44:969][550]LogSavePackage: Save=31.92ms
[2017.03.19-22.31.44:969][550]LogSavePackage: Moving 'C:/Users/Amey Salvi/Documents/Unreal Projects/Prototype/Saved/NewMap567EAC6A42264589E22237933D3E3F3D.tmp' to 'C:/Users/Amey Salvi/Documents/Unreal Projects/Prototype/Content/NewMap.umap'
[2017.03.19-22.31.44:971][550]LogSavePackage:Display: Finished SavePackage C:/Users/Amey Salvi/Documents/Unreal Projects/Prototype/Content/NewMap.umap
[2017.03.19-22.31.44:996][550]Cmd: OBJ SAVEPACKAGE PACKAGE="/Game/NewMap_BuiltData" FILE="C:/Users/Amey Salvi/Documents/Unreal Projects/Prototype/Content/NewMap_BuiltData.uasset" SILENT=true
[2017.03.19-22.31.45:010][550]LogSavePackage: Save=11.50ms
[2017.03.19-22.31.45:010][550]LogSavePackage: Moving 'C:/Users/Amey Salvi/Documents/Unreal Projects/Prototype/Saved/NewMap_BuiltData01693E21425CE0F3D29180B7A2F69C73.tmp' to 'C:/Users/Amey Salvi/Documents/Unreal Projects/Prototype/Content/NewMap_BuiltData.uasset'
[2017.03.19-22.31.45:011][550]LogSavePackage:Display: Finished SavePackage C:/Users/Amey Salvi/Documents/Unreal Projects/Prototype/Content/NewMap_BuiltData.uasset
[2017.03.19-22.32.26:639][806]LogEditorViewport: Clicking Background
[2017.03.19-22.32.44:688][322]Cmd: BRUSH ADD SELECTNEWBRUSH
[2017.03.19-22.32.51:577][510]LogEditorViewport: Clicking Background
[2017.03.19-22.32.59:798][756]LogEditorViewport: Clicking Background
[2017.03.19-22.33.22:610][304]LogFactory: FactoryCreateFile: Texture with ReimportTextureFactory (0 0 ../../../../RIT/Spring '17/Gameplay Prototyping/Crate_Blue.png)
[2017.03.19-22.33.22:647][304]LogTexture:Display: Building textures: Crate_Blue (AutoDXT)
[2017.03.19-22.33.22:721][304]LogFactory: FactoryCreateFile: Texture with ReimportTextureFactory (0 0 ../../../../RIT/Spring '17/Gameplay Prototyping/Crate_Red.png)
[2017.03.19-22.33.22:736][304]LogTexture:Display: Building textures: Crate_Red (AutoDXT)
[2017.03.19-22.33.36:478][645]LogMaterial: Missing cached shader map for material Crate_Blue_Mat, compiling. 
[2017.03.19-22.33.36:480][645]LogTemp:Display: Added material ShaderMap 0x000001C508534F00 with Material 0x000001C56A775180 to ShaderMapsBeingCompiled
[2017.03.19-22.33.36:507][645]LogTemp:Display: Kicking off shader compilation for Crate_Blue_Mat, GameThreadShaderMap 0x000001C508534F00
[2017.03.19-22.33.38:690][712]LogTemp:Display: Finished compile of shader map 0x000001C508534F00
[2017.03.19-22.33.38:690][712]LogTemp:Display: Shader map Crate_Blue_Mat complete, GameThreadShaderMap 0x000001C508534F00, marking material Crate_Blue_Mat as finished
[2017.03.19-22.33.38:690][712]LogTemp:Display: Marking material as finished 0x000001C56A775180
[2017.03.19-22.33.54:891][148]LogEditorViewport: Clicking Background
[2017.03.19-22.34.21:912][877]Cmd: OBJ SAVEPACKAGE PACKAGE="/Game/NewMap" FILE="C:/Users/Amey Salvi/Documents/Unreal Projects/Prototype/Content/NewMap.umap" SILENT=true AUTOSAVING=false KEEPDIRTY=false
[2017.03.19-22.34.21:980][877]LogSavePackage: Save=41.86ms
[2017.03.19-22.34.21:980][877]LogSavePackage: Moving 'C:/Users/Amey Salvi/Documents/Unreal Projects/Prototype/Saved/NewMapDCE5B33D4370144899262F817CAC69D4.tmp' to 'C:/Users/Amey Salvi/Documents/Unreal Projects/Prototype/Content/NewMap.umap'
[2017.03.19-22.34.21:982][877]LogSavePackage:Display: Finished SavePackage C:/Users/Amey Salvi/Documents/Unreal Projects/Prototype/Content/NewMap.umap
[2017.03.19-22.34.22:015][877]Cmd: OBJ SAVEPACKAGE PACKAGE="/Game/NewMap_BuiltData" FILE="C:/Users/Amey Salvi/Documents/Unreal Projects/Prototype/Content/NewMap_BuiltData.uasset" SILENT=true
[2017.03.19-22.34.22:032][877]LogSavePackage: Save=10.01ms
[2017.03.19-22.34.22:032][877]LogSavePackage: Moving 'C:/Users/Amey Salvi/Documents/Unreal Projects/Prototype/Saved/NewMap_BuiltData15CE08484F488ACE3A3A8482FF78AF38.tmp' to 'C:/Users/Amey Salvi/Documents/Unreal Projects/Prototype/Content/NewMap_BuiltData.uasset'
[2017.03.19-22.34.22:034][877]LogSavePackage:Display: Finished SavePackage C:/Users/Amey Salvi/Documents/Unreal Projects/Prototype/Content/NewMap_BuiltData.uasset
[2017.03.19-22.34.39:706][623]LogEditorViewport: Clicking Background
[2017.03.19-22.34.54:235][458]Cmd: BRUSH ADD SELECTNEWBRUSH
[2017.03.19-22.34.58:303][584]Cmd: DELETE
[2017.03.19-22.34.58:303][584]Cmd: ACTOR DELETE
[2017.03.19-22.34.58:305][584]LogEditorActor: Deleted Actor: Brush
[2017.03.19-22.34.58:343][584]LogEditorActor: Deleted 1 Actors (0.039 secs)
[2017.03.19-22.34.59:078][613]LogEditorViewport: Clicking on Actor (LMB): Brush (Box Brush6)
[2017.03.19-22.35.00:056][671]Cmd: DELETE
[2017.03.19-22.35.00:056][671]Cmd: ACTOR DELETE
[2017.03.19-22.35.00:058][671]LogEditorActor: Deleted Actor: Brush
[2017.03.19-22.35.00:076][671]LogEditorActor: Deleted 1 Actors (0.019 secs)
[2017.03.19-22.35.05:775][834]Cmd: BRUSH ADD SELECTNEWBRUSH
[2017.03.19-22.35.09:133][918]Cmd: BRUSH ADD SELECTNEWBRUSH
[2017.03.19-22.35.16:468][123]Cmd: BRUSH ADD SELECTNEWBRUSH
[2017.03.19-22.35.18:984][185]Cmd: BRUSH ADD SELECTNEWBRUSH
[2017.03.19-22.35.20:906][233]Cmd: BRUSH ADD SELECTNEWBRUSH
[2017.03.19-22.35.23:616][301]Cmd: BRUSH ADD SELECTNEWBRUSH
[2017.03.19-22.35.25:699][351]Cmd: BRUSH ADD SELECTNEWBRUSH
[2017.03.19-22.35.34:554][607]Cmd: BRUSH ADD SELECTNEWBRUSH
[2017.03.19-22.35.37:222][674]Cmd: BRUSH ADD SELECTNEWBRUSH
[2017.03.19-22.35.39:196][723]Cmd: BRUSH ADD SELECTNEWBRUSH
[2017.03.19-22.35.41:534][778]Cmd: BRUSH ADD SELECTNEWBRUSH
[2017.03.19-22.35.43:404][824]Cmd: BRUSH ADD SELECTNEWBRUSH
[2017.03.19-22.36.05:389][434]LogEditorViewport: Clicking Background
[2017.03.19-22.36.15:124][788]Cmd: TRANSACTION UNDO
[2017.03.19-22.36.15:124][788]LogEditorTransaction: Undo Clicking Background
[2017.03.19-22.36.15:206][788]LogSlate: Took 0.000475 seconds to synchronously load lazily loaded font '../../../Engine/Content/Slate/Fonts/Roboto-Light.ttf' (159K)
[2017.03.19-22.36.27:056][130]LogEditorViewport: Clicking on Actor (LMB): Brush (Box Brush12)
[2017.03.19-22.36.59:368][ 98]LogEditorViewport: Clicking on Actor (LMB): Brush (Box Brush6)
[2017.03.19-22.37.02:954][202]LogEditorViewport: Clicking on Actor (LMB): Brush (Box Brush7)
[2017.03.19-22.37.05:809][286]LogEditorViewport: Clicking on Actor (LMB): Brush (Box Brush12)
[2017.03.19-22.37.21:894][764]LogEditorViewport: Clicking on Actor (LMB): Brush (Box Brush13)
[2017.03.19-22.37.26:532][901]LogEditorViewport: Clicking Background
[2017.03.19-22.37.30:614][ 24]LogEditorViewport: Clicking on Actor (LMB): Brush (Box Brush9)
[2017.03.19-22.37.38:019][243]LogEditorViewport: Clicking on Actor (LMB): Brush (Box Brush14)
[2017.03.19-22.37.44:657][439]LogEditorViewport: Clicking on Actor (LMB): Brush (Box Brush10)
[2017.03.19-22.37.45:954][476]LogEditorViewport: Clicking on Actor (LMB): Brush (Box Brush8)
[2017.03.19-22.37.51:409][638]LogEditorViewport: Clicking on Actor (LMB): Brush (Box Brush10)
[2017.03.19-22.37.58:669][852]LogEditorViewport: Clicking Background
[2017.03.19-22.37.59:638][881]LogEditorViewport: Clicking on Actor (LMB): Brush (Box Brush15)
[2017.03.19-22.38.08:284][137]LogEditorViewport: Clicking on Actor (LMB): Brush (Box Brush17)
[2017.03.19-22.38.19:022][457]LogEditorViewport: Clicking on Actor (LMB): Brush (Box Brush16)
[2017.03.19-22.38.27:943][720]LogEditorViewport: Clicking on Actor (LMB): Brush (Box Brush7)
[2017.03.19-22.38.36:285][965]LogEditorViewport: Clicking on Actor (LMB): Brush (Box Brush11)
[2017.03.19-22.38.41:511][119]LogEditorViewport: Clicking on Actor (LMB): Brush (Box Brush6)
[2017.03.19-22.38.47:483][295]LogEditorViewport: Clicking on Actor (LMB): Brush (Box Brush7)
[2017.03.19-22.38.49:738][362]LogEditorViewport: Clicking Background
[2017.03.19-22.39.02:703][698]Cmd: OBJ SAVEPACKAGE PACKAGE="/Game/NewMap" FILE="C:/Users/Amey Salvi/Documents/Unreal Projects/Prototype/Content/NewMap.umap" SILENT=true AUTOSAVING=false KEEPDIRTY=false
[2017.03.19-22.39.02:947][698]LogSavePackage: Save=204.01ms
[2017.03.19-22.39.02:947][698]LogSavePackage: Moving 'C:/Users/Amey Salvi/Documents/Unreal Projects/Prototype/Saved/NewMap9E6C7BDD4F25975D5A53F3A65DE44D89.tmp' to 'C:/Users/Amey Salvi/Documents/Unreal Projects/Prototype/Content/NewMap.umap'
[2017.03.19-22.39.02:951][698]LogSavePackage:Display: Finished SavePackage C:/Users/Amey Salvi/Documents/Unreal Projects/Prototype/Content/NewMap.umap
[2017.03.19-22.39.02:992][698]Cmd: OBJ SAVEPACKAGE PACKAGE="/Game/NewMap_BuiltData" FILE="C:/Users/Amey Salvi/Documents/Unreal Projects/Prototype/Content/NewMap_BuiltData.uasset" SILENT=true
[2017.03.19-22.39.03:013][698]LogSavePackage: Save=17.28ms
[2017.03.19-22.39.03:013][698]LogSavePackage: Moving 'C:/Users/Amey Salvi/Documents/Unreal Projects/Prototype/Saved/NewMap_BuiltData5ABC260E44921AC0FEBF0C861C2939DE.tmp' to 'C:/Users/Amey Salvi/Documents/Unreal Projects/Prototype/Content/NewMap_BuiltData.uasset'
[2017.03.19-22.39.03:014][698]LogSavePackage:Display: Finished SavePackage C:/Users/Amey Salvi/Documents/Unreal Projects/Prototype/Content/NewMap_BuiltData.uasset
[2017.03.19-22.39.30:591][571]LogEditorViewport: Clicking on Actor (LMB): Brush (Box Brush17)
[2017.03.19-22.39.32:106][660]LogEditorViewport: Clicking on Actor (CTRL LMB): Brush (Box Brush15)
[2017.03.19-22.39.32:999][713]LogEditorViewport: Clicking on Actor (CTRL LMB): Brush (Box Brush7)
[2017.03.19-22.39.34:405][796]LogEditorViewport: Clicking on Actor (CTRL LMB): Brush (Box Brush16)
[2017.03.19-22.39.36:975][948]LogEditorViewport: Clicking on Actor (CTRL LMB): Brush (Box Brush11)
[2017.03.19-22.39.38:476][ 37]LogEditorViewport: Clicking on Actor (CTRL LMB): Brush (Box Brush6)
[2017.03.19-22.39.42:372][269]LogEditorViewport: Clicking on Actor (CTRL LMB): Brush (Box Brush10)
[2017.03.19-22.39.43:222][318]LogEditorViewport: Clicking on Actor (CTRL LMB): Brush (Box Brush14)
[2017.03.19-22.39.45:034][425]Cmd: TRANSACTION UNDO
[2017.03.19-22.39.45:034][425]LogEditorTransaction: Undo Rotate Actors
[2017.03.19-22.39.45:079][425]LogActorComponent: ~FComponentReregisterContext: (/Game/NewMap.NewMap:PersistentLevel.BoxBrush16.BrushComponent0) Component already registered.
[2017.03.19-22.39.45:079][425]LogActorComponent: ~FComponentReregisterContext: (/Game/NewMap.NewMap:PersistentLevel.BoxBrush12.BrushComponent0) Component already registered.
[2017.03.19-22.39.47:868][507]LogEditorViewport: Clicking on Actor (CTRL LMB): Brush (Box Brush8)
[2017.03.19-22.39.48:646][532]LogEditorViewport: Clicking on Actor (CTRL LMB): Brush (Box Brush9)
[2017.03.19-22.39.53:196][668]LogEditorViewport: Clicking on Actor (CTRL LMB): Brush (Box Brush13)
[2017.03.19-22.39.54:734][712]LogEditorViewport: Clicking on Actor (CTRL LMB): Brush (Box Brush12)
[2017.03.19-22.40.14:973][281]Cmd: OBJ SAVEPACKAGE PACKAGE="/Game/NewMap" FILE="C:/Users/Amey Salvi/Documents/Unreal Projects/Prototype/Content/NewMap.umap" SILENT=true AUTOSAVING=false KEEPDIRTY=false
[2017.03.19-22.40.15:086][281]LogSavePackage: Save=60.02ms
[2017.03.19-22.40.15:086][281]LogSavePackage: Moving 'C:/Users/Amey Salvi/Documents/Unreal Projects/Prototype/Saved/NewMap07D437AE4F8EB7FD7FE4FDB001EEA70D.tmp' to 'C:/Users/Amey Salvi/Documents/Unreal Projects/Prototype/Content/NewMap.umap'
[2017.03.19-22.40.15:090][281]LogSavePackage:Display: Finished SavePackage C:/Users/Amey Salvi/Documents/Unreal Projects/Prototype/Content/NewMap.umap
[2017.03.19-22.40.15:111][281]Cmd: OBJ SAVEPACKAGE PACKAGE="/Game/NewMap_BuiltData" FILE="C:/Users/Amey Salvi/Documents/Unreal Projects/Prototype/Content/NewMap_BuiltData.uasset" SILENT=true
[2017.03.19-22.40.15:127][281]LogSavePackage: Save=9.50ms
[2017.03.19-22.40.15:127][281]LogSavePackage: Moving 'C:/Users/Amey Salvi/Documents/Unreal Projects/Prototype/Saved/NewMap_BuiltDataFC2C8FCF4EF0135EEBCF6291CE6B1264.tmp' to 'C:/Users/Amey Salvi/Documents/Unreal Projects/Prototype/Content/NewMap_BuiltData.uasset'
[2017.03.19-22.40.15:128][281]LogSavePackage:Display: Finished SavePackage C:/Users/Amey Salvi/Documents/Unreal Projects/Prototype/Content/NewMap_BuiltData.uasset
[2017.03.19-22.40.18:480][363]LogEditorViewport: Clicking Background
[2017.03.19-22.40.39:864][979]Cmd: OBJ SAVEPACKAGE PACKAGE="/Game/NewMap" FILE="C:/Users/Amey Salvi/Documents/Unreal Projects/Prototype/Content/NewMap.umap" SILENT=true AUTOSAVING=false KEEPDIRTY=false
[2017.03.19-22.40.39:960][979]LogSavePackage: Save=62.08ms
[2017.03.19-22.40.39:960][979]LogSavePackage: Moving 'C:/Users/Amey Salvi/Documents/Unreal Projects/Prototype/Saved/NewMapFD862E3D4FFDDC03F0D59FA987B05A07.tmp' to 'C:/Users/Amey Salvi/Documents/Unreal Projects/Prototype/Content/NewMap.umap'
[2017.03.19-22.40.39:962][979]LogSavePackage:Display: Finished SavePackage C:/Users/Amey Salvi/Documents/Unreal Projects/Prototype/Content/NewMap.umap
[2017.03.19-22.40.39:987][979]Cmd: OBJ SAVEPACKAGE PACKAGE="/Game/NewMap_BuiltData" FILE="C:/Users/Amey Salvi/Documents/Unreal Projects/Prototype/Content/NewMap_BuiltData.uasset" SILENT=true
[2017.03.19-22.40.40:001][979]LogSavePackage: Save=11.41ms
[2017.03.19-22.40.40:001][979]LogSavePackage: Moving 'C:/Users/Amey Salvi/Documents/Unreal Projects/Prototype/Saved/NewMap_BuiltData5085717E42015497A1757DAA798FEAA0.tmp' to 'C:/Users/Amey Salvi/Documents/Unreal Projects/Prototype/Content/NewMap_BuiltData.uasset'
[2017.03.19-22.40.40:003][979]LogSavePackage:Display: Finished SavePackage C:/Users/Amey Salvi/Documents/Unreal Projects/Prototype/Content/NewMap_BuiltData.uasset
[2017.03.19-22.41.39:206][725]Cmd: OBJ SAVEPACKAGE PACKAGE="/Game/NewMap" FILE="C:/Users/Amey Salvi/Documents/Unreal Projects/Prototype/Content/NewMap.umap" SILENT=true AUTOSAVING=false KEEPDIRTY=false
[2017.03.19-22.41.39:316][725]LogSavePackage: Save=75.17ms
[2017.03.19-22.41.39:316][725]LogSavePackage: Moving 'C:/Users/Amey Salvi/Documents/Unreal Projects/Prototype/Saved/NewMap46D2C5054BED533967C427B558D28757.tmp' to 'C:/Users/Amey Salvi/Documents/Unreal Projects/Prototype/Content/NewMap.umap'
[2017.03.19-22.41.39:318][725]LogSavePackage:Display: Finished SavePackage C:/Users/Amey Salvi/Documents/Unreal Projects/Prototype/Content/NewMap.umap
[2017.03.19-22.41.39:340][725]Cmd: OBJ SAVEPACKAGE PACKAGE="/Game/NewMap_BuiltData" FILE="C:/Users/Amey Salvi/Documents/Unreal Projects/Prototype/Content/NewMap_BuiltData.uasset" SILENT=true
[2017.03.19-22.41.39:352][725]LogSavePackage: Save=9.54ms
[2017.03.19-22.41.39:352][725]LogSavePackage: Moving 'C:/Users/Amey Salvi/Documents/Unreal Projects/Prototype/Saved/NewMap_BuiltDataA121E9F8478A79016286BFBBA8CB8E53.tmp' to 'C:/Users/Amey Salvi/Documents/Unreal Projects/Prototype/Content/NewMap_BuiltData.uasset'
[2017.03.19-22.41.39:353][725]LogSavePackage:Display: Finished SavePackage C:/Users/Amey Salvi/Documents/Unreal Projects/Prototype/Content/NewMap_BuiltData.uasset
[2017.03.19-22.41.56:685][247]LogEditorViewport: Clicking Background
[2017.03.19-22.42.38:199][485]LogEditorViewport: Clicking Background
[2017.03.19-22.42.41:100][569]Cmd: OBJ SAVEPACKAGE PACKAGE="/Game/NewMap" FILE="C:/Users/Amey Salvi/Documents/Unreal Projects/Prototype/Content/NewMap.umap" SILENT=true AUTOSAVING=false KEEPDIRTY=false
[2017.03.19-22.42.41:211][569]LogSavePackage: Save=77.95ms
[2017.03.19-22.42.41:211][569]LogSavePackage: Moving 'C:/Users/Amey Salvi/Documents/Unreal Projects/Prototype/Saved/NewMap147A96264610915015A39087D6356A49.tmp' to 'C:/Users/Amey Salvi/Documents/Unreal Projects/Prototype/Content/NewMap.umap'
[2017.03.19-22.42.41:215][569]LogSavePackage:Display: Finished SavePackage C:/Users/Amey Salvi/Documents/Unreal Projects/Prototype/Content/NewMap.umap
[2017.03.19-22.42.41:251][569]Cmd: OBJ SAVEPACKAGE PACKAGE="/Game/NewMap_BuiltData" FILE="C:/Users/Amey Salvi/Documents/Unreal Projects/Prototype/Content/NewMap_BuiltData.uasset" SILENT=true
[2017.03.19-22.42.41:269][569]LogSavePackage: Save=15.16ms
[2017.03.19-22.42.41:269][569]LogSavePackage: Moving 'C:/Users/Amey Salvi/Documents/Unreal Projects/Prototype/Saved/NewMap_BuiltDataB3DF71E74A31F5D6C49FEC885411DBEC.tmp' to 'C:/Users/Amey Salvi/Documents/Unreal Projects/Prototype/Content/NewMap_BuiltData.uasset'
[2017.03.19-22.42.41:271][569]LogSavePackage:Display: Finished SavePackage C:/Users/Amey Salvi/Documents/Unreal Projects/Prototype/Content/NewMap_BuiltData.uasset
[2017.03.19-22.42.52:172][894]LogEditorViewport: Clicking Background
[2017.03.19-22.42.54:371][938]Cmd: OBJ SAVEPACKAGE PACKAGE="/Game/NewMap" FILE="C:/Users/Amey Salvi/Documents/Unreal Projects/Prototype/Content/NewMap.umap" SILENT=true AUTOSAVING=false KEEPDIRTY=false
[2017.03.19-22.42.54:482][938]LogSavePackage: Save=76.69ms
[2017.03.19-22.42.54:482][938]LogSavePackage: Moving 'C:/Users/Amey Salvi/Documents/Unreal Projects/Prototype/Saved/NewMap4782D96A4F9B31B9FDF741BCB313FC2C.tmp' to 'C:/Users/Amey Salvi/Documents/Unreal Projects/Prototype/Content/NewMap.umap'
[2017.03.19-22.42.54:486][938]LogSavePackage:Display: Finished SavePackage C:/Users/Amey Salvi/Documents/Unreal Projects/Prototype/Content/NewMap.umap
[2017.03.19-22.42.54:522][938]Cmd: OBJ SAVEPACKAGE PACKAGE="/Game/NewMap_BuiltData" FILE="C:/Users/Amey Salvi/Documents/Unreal Projects/Prototype/Content/NewMap_BuiltData.uasset" SILENT=true
[2017.03.19-22.42.54:542][938]LogSavePackage: Save=16.32ms
[2017.03.19-22.42.54:542][938]LogSavePackage: Moving 'C:/Users/Amey Salvi/Documents/Unreal Projects/Prototype/Saved/NewMap_BuiltData7E2763B448792323C4447B9DCB93E734.tmp' to 'C:/Users/Amey Salvi/Documents/Unreal Projects/Prototype/Content/NewMap_BuiltData.uasset'
[2017.03.19-22.42.54:545][938]LogSavePackage:Display: Finished SavePackage C:/Users/Amey Salvi/Documents/Unreal Projects/Prototype/Content/NewMap_BuiltData.uasset
[2017.03.19-22.44.39:212][274]Cmd: OBJ SAVEPACKAGE PACKAGE="/Game/NewMap" FILE="C:/Users/Amey Salvi/Documents/Unreal Projects/Prototype/Content/NewMap.umap" SILENT=true AUTOSAVING=false KEEPDIRTY=false
[2017.03.19-22.44.39:322][274]LogSavePackage: Save=76.23ms
[2017.03.19-22.44.39:322][274]LogSavePackage: Moving 'C:/Users/Amey Salvi/Documents/Unreal Projects/Prototype/Saved/NewMap9C0F75424EB77B9CA724BDBD0B917E01.tmp' to 'C:/Users/Amey Salvi/Documents/Unreal Projects/Prototype/Content/NewMap.umap'
[2017.03.19-22.44.39:325][274]LogSavePackage:Display: Finished SavePackage C:/Users/Amey Salvi/Documents/Unreal Projects/Prototype/Content/NewMap.umap
[2017.03.19-22.44.39:380][274]Cmd: OBJ SAVEPACKAGE PACKAGE="/Game/NewMap_BuiltData" FILE="C:/Users/Amey Salvi/Documents/Unreal Projects/Prototype/Content/NewMap_BuiltData.uasset" SILENT=true
[2017.03.19-22.44.39:400][274]LogSavePackage: Save=17.00ms
[2017.03.19-22.44.39:400][274]LogSavePackage: Moving 'C:/Users/Amey Salvi/Documents/Unreal Projects/Prototype/Saved/NewMap_BuiltData60CF301B4272290377E0319D03D3EA96.tmp' to 'C:/Users/Amey Salvi/Documents/Unreal Projects/Prototype/Content/NewMap_BuiltData.uasset'
[2017.03.19-22.44.39:403][274]LogSavePackage:Display: Finished SavePackage C:/Users/Amey Salvi/Documents/Unreal Projects/Prototype/Content/NewMap_BuiltData.uasset
[2017.03.19-22.46.23:898][377]Cmd: OBJ SAVEPACKAGE PACKAGE="/Game/NewMap" FILE="C:/Users/Amey Salvi/Documents/Unreal Projects/Prototype/Content/NewMap.umap" SILENT=true AUTOSAVING=false KEEPDIRTY=false
[2017.03.19-22.46.24:032][377]LogSavePackage: Save=91.00ms
[2017.03.19-22.46.24:032][377]LogSavePackage: Moving 'C:/Users/Amey Salvi/Documents/Unreal Projects/Prototype/Saved/NewMapA6D15EA3467B35AC5B8ABE83AD8A3089.tmp' to 'C:/Users/Amey Salvi/Documents/Unreal Projects/Prototype/Content/NewMap.umap'
[2017.03.19-22.46.24:035][377]LogSavePackage:Display: Finished SavePackage C:/Users/Amey Salvi/Documents/Unreal Projects/Prototype/Content/NewMap.umap
[2017.03.19-22.46.24:090][377]Cmd: OBJ SAVEPACKAGE PACKAGE="/Game/NewMap_BuiltData" FILE="C:/Users/Amey Salvi/Documents/Unreal Projects/Prototype/Content/NewMap_BuiltData.uasset" SILENT=true
[2017.03.19-22.46.24:117][377]LogSavePackage: Save=16.72ms
[2017.03.19-22.46.24:117][377]LogSavePackage: Moving 'C:/Users/Amey Salvi/Documents/Unreal Projects/Prototype/Saved/NewMap_BuiltData448731434938A6306CB60F90E3E0AD7B.tmp' to 'C:/Users/Amey Salvi/Documents/Unreal Projects/Prototype/Content/NewMap_BuiltData.uasset'
[2017.03.19-22.46.24:119][377]LogSavePackage:Display: Finished SavePackage C:/Users/Amey Salvi/Documents/Unreal Projects/Prototype/Content/NewMap_BuiltData.uasset
[2017.03.19-22.46.37:167][522]Cmd: OBJ SAVEPACKAGE PACKAGE="/Game/FirstPersonBP/2383316" FILE="C:/Users/Amey Salvi/Documents/Unreal Projects/Prototype/Content/FirstPersonBP/2383316.uasset" SILENT=true
[2017.03.19-22.46.37:191][522]LogSavePackage: Save=20.79ms
[2017.03.19-22.46.37:191][522]LogSavePackage: Moving 'C:/Users/Amey Salvi/Documents/Unreal Projects/Prototype/Saved/2383316C83609C14085E0AE112137AA0EBFB913.tmp' to 'C:/Users/Amey Salvi/Documents/Unreal Projects/Prototype/Content/FirstPersonBP/2383316.uasset'
[2017.03.19-22.46.37:193][522]LogSavePackage:Display: Finished SavePackage C:/Users/Amey Salvi/Documents/Unreal Projects/Prototype/Content/FirstPersonBP/2383316.uasset
[2017.03.19-22.46.37:305][522]Cmd: OBJ SAVEPACKAGE PACKAGE="/Game/FirstPersonBP/2383316_Mat" FILE="C:/Users/Amey Salvi/Documents/Unreal Projects/Prototype/Content/FirstPersonBP/2383316_Mat.uasset" SILENT=true
[2017.03.19-22.46.37:361][522]LogSavePackage: Save=53.68ms
[2017.03.19-22.46.37:362][522]LogSavePackage: Moving 'C:/Users/Amey Salvi/Documents/Unreal Projects/Prototype/Saved/2383316_MatEC9B1515477FE976BC233F92138C768C.tmp' to 'C:/Users/Amey Salvi/Documents/Unreal Projects/Prototype/Content/FirstPersonBP/2383316_Mat.uasset'
[2017.03.19-22.46.37:367][522]LogSavePackage:Display: Finished SavePackage C:/Users/Amey Salvi/Documents/Unreal Projects/Prototype/Content/FirstPersonBP/2383316_Mat.uasset
[2017.03.19-22.46.37:427][522]Cmd: OBJ SAVEPACKAGE PACKAGE="/Game/FirstPersonBP/Crate_Blue" FILE="C:/Users/Amey Salvi/Documents/Unreal Projects/Prototype/Content/FirstPersonBP/Crate_Blue.uasset" SILENT=true
[2017.03.19-22.46.37:467][522]LogSavePackage: Save=36.08ms
[2017.03.19-22.46.37:467][522]LogSavePackage: Moving 'C:/Users/Amey Salvi/Documents/Unreal Projects/Prototype/Saved/Crate_Blue4558B5BB43C96C184B2369A9B13F1FB0.tmp' to 'C:/Users/Amey Salvi/Documents/Unreal Projects/Prototype/Content/FirstPersonBP/Crate_Blue.uasset'
[2017.03.19-22.46.37:469][522]LogSavePackage:Display: Finished SavePackage C:/Users/Amey Salvi/Documents/Unreal Projects/Prototype/Content/FirstPersonBP/Crate_Blue.uasset
[2017.03.19-22.46.37:577][522]Cmd: OBJ SAVEPACKAGE PACKAGE="/Game/FirstPersonBP/Crate_Blue_Mat" FILE="C:/Users/Amey Salvi/Documents/Unreal Projects/Prototype/Content/FirstPersonBP/Crate_Blue_Mat.uasset" SILENT=true
[2017.03.19-22.46.37:628][522]LogSavePackage: Save=41.71ms
[2017.03.19-22.46.37:628][522]LogSavePackage: Moving 'C:/Users/Amey Salvi/Documents/Unreal Projects/Prototype/Saved/Crate_Blue_Mat0D0A98AF4F3115438F86368EC4B4435B.tmp' to 'C:/Users/Amey Salvi/Documents/Unreal Projects/Prototype/Content/FirstPersonBP/Crate_Blue_Mat.uasset'
[2017.03.19-22.46.37:632][522]LogSavePackage:Display: Finished SavePackage C:/Users/Amey Salvi/Documents/Unreal Projects/Prototype/Content/FirstPersonBP/Crate_Blue_Mat.uasset
[2017.03.19-22.46.37:694][522]Cmd: OBJ SAVEPACKAGE PACKAGE="/Game/FirstPersonBP/Crate_Red" FILE="C:/Users/Amey Salvi/Documents/Unreal Projects/Prototype/Content/FirstPersonBP/Crate_Red.uasset" SILENT=true
[2017.03.19-22.46.37:744][522]LogSavePackage: Save=46.25ms
[2017.03.19-22.46.37:744][522]LogSavePackage: Moving 'C:/Users/Amey Salvi/Documents/Unreal Projects/Prototype/Saved/Crate_Red2A69B7CF41F18BC9565B13A7D7149951.tmp' to 'C:/Users/Amey Salvi/Documents/Unreal Projects/Prototype/Content/FirstPersonBP/Crate_Red.uasset'
[2017.03.19-22.46.37:748][522]LogSavePackage:Display: Finished SavePackage C:/Users/Amey Salvi/Documents/Unreal Projects/Prototype/Content/FirstPersonBP/Crate_Red.uasset
[2017.03.19-22.46.37:800][522]Cmd: OBJ SAVEPACKAGE PACKAGE="/Game/FirstPersonBP/grass-textures-17" FILE="C:/Users/Amey Salvi/Documents/Unreal Projects/Prototype/Content/FirstPersonBP/grass-textures-17.uasset" SILENT=true
[2017.03.19-22.46.37:916][522]LogSavePackage: Save=112.58ms
[2017.03.19-22.46.37:916][522]LogSavePackage: Moving 'C:/Users/Amey Salvi/Documents/Unreal Projects/Prototype/Saved/grass-textures-1744D6790345070EBB7DB140A394EE435F.tmp' to 'C:/Users/Amey Salvi/Documents/Unreal Projects/Prototype/Content/FirstPersonBP/grass-textures-17.uasset'
[2017.03.19-22.46.37:919][522]LogSavePackage:Display: Finished SavePackage C:/Users/Amey Salvi/Documents/Unreal Projects/Prototype/Content/FirstPersonBP/grass-textures-17.uasset
[2017.03.19-22.46.38:029][522]Cmd: OBJ SAVEPACKAGE PACKAGE="/Game/FirstPersonBP/grass-textures-17_Mat" FILE="C:/Users/Amey Salvi/Documents/Unreal Projects/Prototype/Content/FirstPersonBP/grass-textures-17_Mat.uasset" SILENT=true
[2017.03.19-22.46.38:092][522]LogSavePackage: Save=57.88ms
[2017.03.19-22.46.38:092][522]LogSavePackage: Moving 'C:/Users/Amey Salvi/Documents/Unreal Projects/Prototype/Saved/grass-textures-17_Mat7D0266A64377E2B22AC65DA6F6C177F2.tmp' to 'C:/Users/Amey Salvi/Documents/Unreal Projects/Prototype/Content/FirstPersonBP/grass-textures-17_Mat.uasset'
[2017.03.19-22.46.38:097][522]LogSavePackage:Display: Finished SavePackage C:/Users/Amey Salvi/Documents/Unreal Projects/Prototype/Content/FirstPersonBP/grass-textures-17_Mat.uasset
[2017.03.19-22.46.38:710][523]Cmd: QUIT_EDITOR
[2017.03.19-22.46.38:849][523]LogWindowsTextInputMethodSystem:Display: IME system now deactivated.
[2017.03.19-22.46.38:941][523]LogExit: Preparing to exit.
[2017.03.19-22.46.40:499][523]LogExit: Editor shut down
[2017.03.19-22.46.40:501][523]LogExit: Transaction tracking system shut down
[2017.03.19-22.46.40:709][523]LogObj: Freed 0b from 0 cluster array pools.
[2017.03.19-22.46.40:709][523]LogExit: Object subsystem successfully closed.
[2017.03.19-22.46.40:747][523]LogD3D11RHI: Shutdown
[2017.03.19-22.46.40:747][523]LogD3D11RHI: CleanupD3DDevice
[2017.03.19-22.46.40:891][523]LogD3D11RHI: ~FD3D11DynamicRHI
[2017.03.19-22.46.40:903][523]LogModuleManager: Shutting down and abandoning module MaterialEditor (502)
[2017.03.19-22.46.40:903][523]LogModuleManager: Shutting down and abandoning module HierarchicalLODUtilities (500)
[2017.03.19-22.46.40:903][523]LogModuleManager: Shutting down and abandoning module NewLevelDialog (498)
[2017.03.19-22.46.40:903][523]LogModuleManager: Shutting down and abandoning module HierarchicalLODOutliner (496)
[2017.03.19-22.46.40:903][523]LogModuleManager: Shutting down and abandoning module AddContentDialog (494)
[2017.03.19-22.46.40:903][523]LogDirectoryWatcher: A directory notification for 'D:/UE_4.15/FeaturePacks/' was aborted.
[2017.03.19-22.46.40:910][523]LogModuleManager: Shutting down and abandoning module WidgetCarousel (493)
[2017.03.19-22.46.40:910][523]LogModuleManager: Shutting down and abandoning module EditorWidgets (490)
[2017.03.19-22.46.40:910][523]LogModuleManager: Shutting down and abandoning module CollectionManager (488)
[2017.03.19-22.46.40:910][523]LogDirectoryWatcher: A directory notification for 'C:/Users/Amey Salvi/Documents/Unreal Projects/Prototype/Content/Collections/' was aborted.
[2017.03.19-22.46.40:910][523]LogDirectoryWatcher: A directory notification for 'C:/Users/Amey Salvi/Documents/Unreal Projects/Prototype/Content/Developers/AmeySalvi/Collections/' was aborted.
[2017.03.19-22.46.40:910][523]LogDirectoryWatcher: A directory notification for 'C:/Users/Amey Salvi/Documents/Unreal Projects/Prototype/Saved/Collections/' was aborted.
[2017.03.19-22.46.40:910][523]LogModuleManager: Shutting down and abandoning module CrashTracker (486)
[2017.03.19-22.46.40:910][523]LogModuleManager: Shutting down and abandoning module SceneOutliner (484)
[2017.03.19-22.46.40:911][523]LogModuleManager: Shutting down and abandoning module StatsViewer (482)
[2017.03.19-22.46.40:911][523]LogModuleManager: Shutting down and abandoning module FoliageEdit (480)
[2017.03.19-22.46.40:911][523]LogModuleManager: Shutting down and abandoning module LandscapeEditor (478)
[2017.03.19-22.46.40:911][523]LogModuleManager: Shutting down and abandoning module SceneDepthPickerMode (476)
[2017.03.19-22.46.40:911][523]LogModuleManager: Shutting down and abandoning module ActorPickerMode (474)
[2017.03.19-22.46.40:911][523]LogModuleManager: Shutting down and abandoning module GeometryMode (472)
[2017.03.19-22.46.40:911][523]LogModuleManager: Shutting down and abandoning module TextureAlignMode (470)
[2017.03.19-22.46.40:911][523]LogModuleManager: Shutting down and abandoning module BspMode (468)
[2017.03.19-22.46.40:911][523]LogModuleManager: Shutting down and abandoning module HardwareSurvey (466)
[2017.03.19-22.46.40:911][523]LogModuleManager: Shutting down and abandoning module SequenceRecorderSections (464)
[2017.03.19-22.46.40:911][523]LogModuleManager: Shutting down and abandoning module AutomationWorker (462)
[2017.03.19-22.46.40:911][523]LogModuleManager: Shutting down and abandoning module MatineeToLevelSequence (460)
[2017.03.19-22.46.40:911][523]LogModuleManager: Shutting down and abandoning module LevelSequenceEditor (458)
[2017.03.19-22.46.40:911][523]LogModuleManager: Shutting down and abandoning module PlacementMode (457)
[2017.03.19-22.46.40:912][523]LogModuleManager: Shutting down and abandoning module WmfMediaFactory (454)
[2017.03.19-22.46.40:912][523]LogModuleManager: Shutting down and abandoning module WmfMediaEditor (452)
[2017.03.19-22.46.40:912][523]LogModuleManager: Shutting down and abandoning module MfMediaFactory (450)
[2017.03.19-22.46.40:912][523]LogModuleManager: Shutting down and abandoning module MfMediaEditor (448)
[2017.03.19-22.46.40:912][523]LogModuleManager: Shutting down and abandoning module AvfMediaFactory (446)
[2017.03.19-22.46.40:912][523]LogModuleManager: Shutting down and abandoning module AvfMediaEditor (444)
[2017.03.19-22.46.40:912][523]LogModuleManager: Shutting down and abandoning module AndroidMediaFactory (442)
[2017.03.19-22.46.40:912][523]LogModuleManager: Shutting down and abandoning module Media (441)
[2017.03.19-22.46.40:912][523]LogModuleManager: Shutting down and abandoning module AndroidMediaEditor (438)
[2017.03.19-22.46.40:912][523]LogModuleManager: Shutting down and abandoning module CharacterAI (436)
[2017.03.19-22.46.40:912][523]LogModuleManager: Shutting down and abandoning module AudioCapture (434)
[2017.03.19-22.46.40:912][523]LogModuleManager: Shutting down and abandoning module SequenceRecorder (433)
[2017.03.19-22.46.40:912][523]LogModuleManager: Shutting down and abandoning module SmartSnapping (430)
[2017.03.19-22.46.40:912][523]LogModuleManager: Shutting down and abandoning module SessionServices (428)
[2017.03.19-22.46.40:912][523]LogModuleManager: Shutting down and abandoning module ViewportSnapping (426)
[2017.03.19-22.46.40:912][523]LogModuleManager: Shutting down and abandoning module ViewportInteraction (424)
[2017.03.19-22.46.40:912][523]LogModuleManager: Shutting down and abandoning module LogVisualizer (422)
[2017.03.19-22.46.40:912][523]LogModuleManager: Shutting down and abandoning module IntroTutorials (420)
[2017.03.19-22.46.40:913][523]LogModuleManager: Shutting down and abandoning module GameProjectGeneration (419)
[2017.03.19-22.46.40:913][523]LogModuleManager: Shutting down and abandoning module EditorLiveStreaming (416)
[2017.03.19-22.46.40:913][523]LogModuleManager: Shutting down and abandoning module IOSPlatformEditor (414)
[2017.03.19-22.46.40:913][523]LogModuleManager: Shutting down and abandoning module HTML5PlatformEditor (412)
[2017.03.19-22.46.40:913][523]LogModuleManager: Shutting down and abandoning module AndroidPlatformEditor (410)
[2017.03.19-22.46.40:913][523]LogModuleManager: Shutting down and abandoning module AndroidDeviceDetection (409)
[2017.03.19-22.46.41:064][523]LogModuleManager: Shutting down and abandoning module IOSRuntimeSettings (406)
[2017.03.19-22.46.41:064][523]LogModuleManager: Shutting down and abandoning module AndroidRuntimeSettings (404)
[2017.03.19-22.46.41:064][523]LogModuleManager: Shutting down and abandoning module InputBindingEditor (402)
[2017.03.19-22.46.41:064][523]LogModuleManager: Shutting down and abandoning module NiagaraEditor (400)
[2017.03.19-22.46.41:064][523]LogModuleManager: Shutting down and abandoning module MergeActors (398)
[2017.03.19-22.46.41:064][523]LogModuleManager: Shutting down and abandoning module SizeMap (396)
[2017.03.19-22.46.41:064][523]LogModuleManager: Shutting down and abandoning module TreeMap (394)
[2017.03.19-22.46.41:064][523]LogModuleManager: Shutting down and abandoning module ReferenceViewer (392)
[2017.03.19-22.46.41:064][523]LogModuleManager: Shutting down and abandoning module LocalizationDashboard (390)
[2017.03.19-22.46.41:064][523]LogModuleManager: Shutting down and abandoning module LocalizationService (389)
[2017.03.19-22.46.41:065][523]LogModuleManager: Shutting down and abandoning module HardwareTargeting (386)
[2017.03.19-22.46.41:065][523]LogModuleManager: Shutting down and abandoning module DeviceProfileEditor (384)
[2017.03.19-22.46.41:065][523]LogModuleManager: Shutting down and abandoning module UndoHistory (382)
[2017.03.19-22.46.41:065][523]LogModuleManager: Shutting down and abandoning module UserFeedback (380)
[2017.03.19-22.46.41:065][523]LogModuleManager: Shutting down and abandoning module XmlParser (378)
[2017.03.19-22.46.41:065][523]LogModuleManager: Shutting down and abandoning module Blutility (376)
[2017.03.19-22.46.41:065][523]LogModuleManager: Shutting down and abandoning module ProjectSettingsViewer (374)
[2017.03.19-22.46.41:065][523]LogModuleManager: Shutting down and abandoning module ProjectTargetPlatformEditor (373)
[2017.03.19-22.46.41:066][523]LogModuleManager: Shutting down and abandoning module EditorSettingsViewer (370)
[2017.03.19-22.46.41:067][523]LogModuleManager: Shutting down and abandoning module SettingsEditor (368)
[2017.03.19-22.46.41:067][523]LogModuleManager: Shutting down and abandoning module ProjectLauncher (366)
[2017.03.19-22.46.41:067][523]LogModuleManager: Shutting down and abandoning module SessionFrontend (364)
[2017.03.19-22.46.41:067][523]LogModuleManager: Shutting down and abandoning module ProfilerClient (362)
[2017.03.19-22.46.41:067][523]LogModuleManager: Shutting down and abandoning module DeviceManager (360)
[2017.03.19-22.46.41:067][523]LogModuleManager: Shutting down and abandoning module TargetDeviceServices (359)
[2017.03.19-22.46.41:119][523]LogModuleManager: Shutting down and abandoning module AutomationController (356)
[2017.03.19-22.46.41:119][523]LogModuleManager: Shutting down and abandoning module AutomationWindow (354)
[2017.03.19-22.46.41:119][523]LogModuleManager: Shutting down and abandoning module Layers (352)
[2017.03.19-22.46.41:119][523]LogModuleManager: Shutting down and abandoning module ComponentVisualizers (350)
[2017.03.19-22.46.41:119][523]LogModuleManager: Shutting down and abandoning module DetailCustomizations (348)
[2017.03.19-22.46.41:119][523]LogModuleManager: Shutting down and abandoning module PackagesDialog (346)
[2017.03.19-22.46.41:120][523]LogModuleManager: Shutting down and abandoning module Persona (344)
[2017.03.19-22.46.41:120][523]LogModuleManager: Shutting down and abandoning module AnimGraph (343)
[2017.03.19-22.46.41:120][523]LogModuleManager: Shutting down and abandoning module Kismet (340)
[2017.03.19-22.46.41:127][523]LogModuleManager: Shutting down and abandoning module GraphEditor (338)
[2017.03.19-22.46.41:128][523]LogModuleManager: Shutting down and abandoning module ClassViewer (336)
[2017.03.19-22.46.41:128][523]LogModuleManager: Shutting down and abandoning module Toolbox (334)
[2017.03.19-22.46.41:128][523]LogModuleManager: Shutting down and abandoning module ModuleUI (332)
[2017.03.19-22.46.41:128][523]LogModuleManager: Shutting down and abandoning module MovieSceneTools (330)
[2017.03.19-22.46.41:128][523]LogModuleManager: Shutting down and abandoning module OutputLog (328)
[2017.03.19-22.46.41:128][523]LogModuleManager: Shutting down and abandoning module GammaUI (326)
[2017.03.19-22.46.41:128][523]LogModuleManager: Shutting down and abandoning module Documentation (324)
[2017.03.19-22.46.41:128][523]LogModuleManager: Shutting down and abandoning module Niagara (322)
[2017.03.19-22.46.41:128][523]LogModuleManager: Shutting down and abandoning module StreamingPauseRendering (320)
[2017.03.19-22.46.41:128][523]LogModuleManager: Shutting down and abandoning module AnalyticsET (318)
[2017.03.19-22.46.41:128][523]LogModuleManager: Shutting down and abandoning module PortalServices (316)
[2017.03.19-22.46.41:128][523]LogModuleManager: Shutting down and abandoning module PortalRpc (314)
[2017.03.19-22.46.41:128][523]LogModuleManager: Shutting down and abandoning module MessagingRpc (312)
[2017.03.19-22.46.41:128][523]LogModuleManager: Shutting down and abandoning module AIModule (310)
[2017.03.19-22.46.41:128][523]LogModuleManager: Shutting down and abandoning module GameplayDebugger (309)
[2017.03.19-22.46.41:128][523]LogModuleManager: Shutting down and abandoning module AITestSuite (307)
[2017.03.19-22.46.41:128][523]LogModuleManager: Shutting down and abandoning module ProfilerService (304)
[2017.03.19-22.46.41:357][523]LogModuleManager: Shutting down and abandoning module TaskGraph (302)
[2017.03.19-22.46.41:357][523]LogModuleManager: Shutting down and abandoning module SteamVRController (300)
[2017.03.19-22.46.41:357][523]LogModuleManager: Shutting down and abandoning module SteamVR (298)
[2017.03.19-22.46.41:357][523]LogModuleManager: Shutting down and abandoning module ProceduralMeshComponentEditor (296)
[2017.03.19-22.46.41:357][523]LogModuleManager: Shutting down and abandoning module ProceduralMeshComponent (294)
[2017.03.19-22.46.41:358][523]LogModuleManager: Shutting down and abandoning module OculusLibrary (292)
[2017.03.19-22.46.41:358][523]LogModuleManager: Shutting down and abandoning module OculusInput (290)
[2017.03.19-22.46.41:358][523]LogModuleManager: Shutting down and abandoning module MobilePatchingUtils (288)
[2017.03.19-22.46.41:358][523]LogModuleManager: Shutting down and abandoning module CustomMeshComponent (286)
[2017.03.19-22.46.41:358][523]LogModuleManager: Shutting down and abandoning module CableComponent (284)
[2017.03.19-22.46.41:358][523]LogModuleManager: Shutting down and abandoning module ArchVisCharacter (282)
[2017.03.19-22.46.41:358][523]LogModuleManager: Shutting down and abandoning module MediaPlayerEditor (278)
[2017.03.19-22.46.41:358][523]LogModuleManager: Shutting down and abandoning module HTML5Networking (276)
[2017.03.19-22.46.41:358][523]LogModuleManager: Shutting down and abandoning module AlembicImporter (274)
[2017.03.19-22.46.41:358][523]LogModuleManager: Shutting down and abandoning module AlembicLibrary (273)
[2017.03.19-22.46.41:358][523]LogModuleManager: Shutting down and abandoning module GeometryCache (272)
[2017.03.19-22.46.41:358][523]LogModuleManager: Shutting down and abandoning module GeometryCacheEd (271)
[2017.03.19-22.46.41:358][523]LogModuleManager: Shutting down and abandoning module SuperSearchEditor (266)
[2017.03.19-22.46.41:358][523]LogModuleManager: Shutting down and abandoning module SuperSearch (265)
[2017.03.19-22.46.41:358][523]LogModuleManager: Shutting down and abandoning module SpeedTreeImporter (262)
[2017.03.19-22.46.41:358][523]LogModuleManager: Shutting down and abandoning module PluginBrowser (260)
[2017.03.19-22.46.41:358][523]LogModuleManager: Shutting down and abandoning module MobileLauncherProfileWizard (258)
[2017.03.19-22.46.41:358][523]LogModuleManager: Shutting down and abandoning module EpicSurvey (256)
[2017.03.19-22.46.41:358][523]LogModuleManager: Shutting down and abandoning module VisualStudioSourceCodeAccess (254)
[2017.03.19-22.46.41:358][523]LogModuleManager: Shutting down and abandoning module DesktopPlatform (253)
[2017.03.19-22.46.41:358][523]LogModuleManager: Shutting down and abandoning module UObjectPlugin (250)
[2017.03.19-22.46.41:358][523]LogModuleManager: Shutting down and abandoning module SubversionSourceControl (248)
[2017.03.19-22.46.41:358][523]LogModuleManager: Shutting down and abandoning module PerforceSourceControl (246)
[2017.03.19-22.46.41:358][523]LogModuleManager: Shutting down and abandoning module GitSourceControl (244)
[2017.03.19-22.46.41:358][523]LogModuleManager: Shutting down and abandoning module SourceControl (243)
[2017.03.19-22.46.41:358][523]LogModuleManager: Shutting down and abandoning module LightPropagationVolumeEditor (240)
[2017.03.19-22.46.41:358][523]LogModuleManager: Shutting down and abandoning module PaperTiledImporter (238)
[2017.03.19-22.46.41:358][523]LogModuleManager: Shutting down and abandoning module PaperSpriteSheetImporter (236)
[2017.03.19-22.46.41:358][523]LogModuleManager: Shutting down and abandoning module Paper2DEditor (234)
[2017.03.19-22.46.41:358][523]LogModuleManager: Shutting down and abandoning module MeshPaint (233)
[2017.03.19-22.46.41:358][523]LogModuleManager: Shutting down and abandoning module LevelEditor (231)
[2017.03.19-22.46.41:359][523]LogModuleManager: Shutting down and abandoning module PixelInspectorModule (230)
[2017.03.19-22.46.41:359][523]LogModuleManager: Shutting down and abandoning module MainFrame (228)
[2017.03.19-22.46.41:359][523]LogModuleManager: Shutting down and abandoning module HotReload (227)
[2017.03.19-22.46.41:360][523]LogModuleManager: Shutting down and abandoning module ContentBrowser (223)
[2017.03.19-22.46.41:362][523]LogModuleManager: Shutting down and abandoning module PhysXVehiclesEditor (220)
[2017.03.19-22.46.41:362][523]LogModuleManager: Shutting down and abandoning module PhysXVehicles (218)
[2017.03.19-22.46.41:362][523]LogModuleManager: Shutting down and abandoning module LocationServicesBPLibrary (216)
[2017.03.19-22.46.41:362][523]LogModuleManager: Shutting down and abandoning module UdpMessaging (214)
[2017.03.19-22.46.41:463][523]LogModuleManager: Shutting down and abandoning module TcpMessaging (212)
[2017.03.19-22.46.41:564][523]LogModuleManager: Shutting down and abandoning module GameplayTagsEditor (210)
[2017.03.19-22.46.41:564][523]LogModuleManager: Shutting down and abandoning module FacialAnimationEditor (208)
[2017.03.19-22.46.41:564][523]LogModuleManager: Shutting down and abandoning module FacialAnimation (206)
[2017.03.19-22.46.41:564][523]LogModuleManager: Shutting down and abandoning module LightPropagationVolumeRuntime (204)
[2017.03.19-22.46.41:564][523]LogModuleManager: Shutting down and abandoning module Paper2D (202)
[2017.03.19-22.46.41:564][523]LogModuleManager: Shutting down and abandoning module WindowsMoviePlayer (200)
[2017.03.19-22.46.41:564][523]LogModuleManager: Shutting down and abandoning module WmfMedia (198)
[2017.03.19-22.46.41:564][523]LogModuleManager: Shutting down and abandoning module MfMedia (196)
[2017.03.19-22.46.41:564][523]LogModuleManager: Shutting down and abandoning module MediaAssets (194)
[2017.03.19-22.46.41:564][523]LogModuleManager: Shutting down and abandoning module GameLiveStreaming (192)
[2017.03.19-22.46.41:564][523]LogModuleManager: Shutting down and abandoning module VREditor (190)
[2017.03.19-22.46.41:564][523]LogModuleManager: Shutting down and abandoning module GameplayTasksEditor (188)
[2017.03.19-22.46.41:564][523]LogModuleManager: Shutting down and abandoning module BehaviorTreeEditor (186)
[2017.03.19-22.46.41:564][523]LogModuleManager: Shutting down and abandoning module FunctionalTesting (184)
[2017.03.19-22.46.41:564][523]LogModuleManager: Shutting down and abandoning module CollisionAnalyzer (182)
[2017.03.19-22.46.41:564][523]LogModuleManager: Shutting down and abandoning module UMG (180)
[2017.03.19-22.46.41:565][523]LogModuleManager: Shutting down and abandoning module UMGEditor (179)
[2017.03.19-22.46.41:565][523]LogModuleManager: Shutting down and abandoning module Sequencer (178)
[2017.03.19-22.46.41:565][523]LogModuleManager: Shutting down and abandoning module AssetTools (176)
[2017.03.19-22.46.41:565][523]LogModuleManager: Shutting down and abandoning module MessageLog (175)
[2017.03.19-22.46.41:565][523]LogModuleManager: Shutting down and abandoning module WorkspaceMenuStructure (174)
[2017.03.19-22.46.41:565][523]LogModuleManager: Shutting down and abandoning module SlateReflector (168)
[2017.03.19-22.46.41:565][523]LogModuleManager: Shutting down and abandoning module Slate (166)
[2017.03.19-22.46.41:565][523]LogModuleManager: Shutting down and abandoning module EditorStyle (164)
[2017.03.19-22.46.41:574][523]LogModuleManager: Shutting down and abandoning module SourceCodeAccess (162)
[2017.03.19-22.46.41:580][523]LogModuleManager: Shutting down and abandoning module HeadMountedDisplay (160)
[2017.03.19-22.46.41:580][523]LogModuleManager: Shutting down and abandoning module XAudio2 (158)
[2017.03.19-22.46.41:580][523]LogModuleManager: Shutting down and abandoning module Networking (156)
[2017.03.19-22.46.41:580][523]LogModuleManager: Shutting down and abandoning module Core (152)
[2017.03.19-22.46.41:580][523]LogModuleManager: Shutting down and abandoning module AssetRegistry (150)
[2017.03.19-22.46.41:823][523]LogDirectoryWatcher: A directory notification for '../../../Engine/Content/' was aborted.
[2017.03.19-22.46.41:823][523]LogDirectoryWatcher: A directory notification for 'C:/Users/Amey Salvi/Documents/Unreal Projects/Prototype/Content/' was aborted.
[2017.03.19-22.46.41:823][523]LogDirectoryWatcher: A directory notification for '../../../Engine/Plugins/2D/Paper2D/Content/' was aborted.
[2017.03.19-22.46.41:824][523]LogModuleManager: Shutting down and abandoning module DirectoryWatcher (149)
[2017.03.19-22.46.41:830][523]LogModuleManager: Shutting down and abandoning module KismetCompiler (146)
[2017.03.19-22.46.41:830][523]LogModuleManager: Shutting down and abandoning module PhysXFormats (144)
[2017.03.19-22.46.41:830][523]LogModuleManager: Shutting down and abandoning module MeshUtilities (142)
[2017.03.19-22.46.41:830][523]LogModuleManager: Shutting down and abandoning module SimplygonSwarm (141)
[2017.03.19-22.46.41:830][523]LogModuleManager: Shutting down and abandoning module SimplygonMeshReduction (139)
[2017.03.19-22.46.41:830][523]LogModuleManager: Shutting down and abandoning module QuadricMeshReduction (137)
[2017.03.19-22.46.41:830][523]LogModuleManager: Shutting down and abandoning module PropertyEditor (135)
[2017.03.19-22.46.41:830][523]LogModuleManager: Shutting down and abandoning module DerivedDataCache (132)
[2017.03.19-22.46.41:904][523]LogDerivedDataCache: Shutdown
[2017.03.19-22.46.41:904][523]LogModuleManager: Shutting down and abandoning module TargetPlatform (130)
[2017.03.19-22.46.41:904][523]LogModuleManager: Shutting down and abandoning module VulkanShaderFormat (129)
[2017.03.19-22.46.41:904][523]LogModuleManager: Shutting down and abandoning module ShaderFormatOpenGL (127)
[2017.03.19-22.46.41:904][523]LogModuleManager: Shutting down and abandoning module ShaderFormatD3D (125)
[2017.03.19-22.46.41:904][523]LogModuleManager: Shutting down and abandoning module MetalShaderFormat (123)
[2017.03.19-22.46.41:904][523]LogModuleManager: Shutting down and abandoning module TextureFormatUncompressed (121)
[2017.03.19-22.46.41:904][523]LogModuleManager: Shutting down and abandoning module TextureFormatPVR (119)
[2017.03.19-22.46.41:904][523]LogModuleManager: Shutting down and abandoning module TextureFormatDXT (117)
[2017.03.19-22.46.41:904][523]LogModuleManager: Shutting down and abandoning module TextureFormatIntelISPCTexComp (115)
[2017.03.19-22.46.41:905][523]LogModuleManager: Shutting down and abandoning module TextureFormatASTC (113)
[2017.03.19-22.46.41:905][523]LogModuleManager: Shutting down and abandoning module ImageWrapper (112)
[2017.03.19-22.46.41:905][523]LogModuleManager: Shutting down and abandoning module TextureFormatAndroid (109)
[2017.03.19-22.46.41:905][523]LogModuleManager: Shutting down and abandoning module AudioFormatOpus (107)
[2017.03.19-22.46.41:905][523]LogModuleManager: Shutting down and abandoning module AudioFormatOgg (105)
[2017.03.19-22.46.41:905][523]LogModuleManager: Shutting down and abandoning module AudioFormatADPCM (103)
[2017.03.19-22.46.41:905][523]LogModuleManager: Shutting down and abandoning module LinuxTargetPlatform (101)
[2017.03.19-22.46.41:905][523]LogModuleManager: Shutting down and abandoning module LinuxServerTargetPlatform (99)
[2017.03.19-22.46.41:905][523]LogModuleManager: Shutting down and abandoning module LinuxNoEditorTargetPlatform (97)
[2017.03.19-22.46.41:905][523]LogModuleManager: Shutting down and abandoning module LinuxClientTargetPlatform (95)
[2017.03.19-22.46.41:905][523]LogModuleManager: Shutting down and abandoning module TVOSTargetPlatform (93)
[2017.03.19-22.46.41:905][523]LogModuleManager: Shutting down and abandoning module Messaging (91)
[2017.03.19-22.46.41:905][523]LogModuleManager: Shutting down and abandoning module IOSTargetPlatform (89)
[2017.03.19-22.46.41:905][523]LogModuleManager: Shutting down and abandoning module HTML5TargetPlatform (87)
[2017.03.19-22.46.41:905][523]LogModuleManager: Shutting down and abandoning module Android_PVRTCTargetPlatform (85)
[2017.03.19-22.46.41:905][523]LogModuleManager: Shutting down and abandoning module Android_MultiTargetPlatform (83)
[2017.03.19-22.46.41:905][523]LogModuleManager: Shutting down and abandoning module Android_ETC2TargetPlatform (81)
[2017.03.19-22.46.41:905][523]LogModuleManager: Shutting down and abandoning module Android_ETC1TargetPlatform (79)
[2017.03.19-22.46.41:905][523]LogModuleManager: Shutting down and abandoning module Android_DXTTargetPlatform (77)
[2017.03.19-22.46.41:905][523]LogModuleManager: Shutting down and abandoning module Android_ATCTargetPlatform (75)
[2017.03.19-22.46.41:905][523]LogModuleManager: Shutting down and abandoning module Android_ASTCTargetPlatform (73)
[2017.03.19-22.46.41:905][523]LogModuleManager: Shutting down and abandoning module AndroidTargetPlatform (71)
[2017.03.19-22.46.41:905][523]LogModuleManager: Shutting down and abandoning module WindowsTargetPlatform (69)
[2017.03.19-22.46.41:905][523]LogModuleManager: Shutting down and abandoning module WindowsServerTargetPlatform (67)
[2017.03.19-22.46.41:905][523]LogModuleManager: Shutting down and abandoning module WindowsNoEditorTargetPlatform (65)
[2017.03.19-22.46.41:905][523]LogModuleManager: Shutting down and abandoning module WindowsClientTargetPlatform (63)
[2017.03.19-22.46.41:905][523]LogModuleManager: Shutting down and abandoning module MacTargetPlatform (61)
[2017.03.19-22.46.41:906][523]LogModuleManager: Shutting down and abandoning module MacServerTargetPlatform (59)
[2017.03.19-22.46.41:906][523]LogModuleManager: Shutting down and abandoning module MacNoEditorTargetPlatform (57)
[2017.03.19-22.46.41:906][523]LogModuleManager: Shutting down and abandoning module MacClientTargetPlatform (55)
[2017.03.19-22.46.41:906][523]LogModuleManager: Shutting down and abandoning module AllDesktopTargetPlatform (53)
[2017.03.19-22.46.41:906][523]LogModuleManager: Shutting down and abandoning module InputCore (50)
[2017.03.19-22.46.41:906][523]LogModuleManager: Shutting down and abandoning module Settings (48)
[2017.03.19-22.46.41:906][523]LogModuleManager: Shutting down and abandoning module OculusRift (46)
[2017.03.19-22.46.41:906][523]LogModuleManager: Shutting down and abandoning module ExampleDeviceProfileSelector (44)
[2017.03.19-22.46.41:906][523]LogModuleManager: Shutting down and abandoning module OnlineBlueprintSupport (42)
[2017.03.19-22.46.41:906][523]LogModuleManager: Shutting down and abandoning module OnlineSubsystem (38)
[2017.03.19-22.46.41:906][523]LogOnline:Display: Unloading online subsystem: NULL
[2017.03.19-22.46.41:906][523]LogModuleManager: Shutting down and abandoning module XMPP (37)
[2017.03.19-22.46.41:906][523]LogModuleManager: Shutting down and abandoning module HTTP (35)
[2017.03.19-22.46.41:906][523]LogHttp:Display: Http module shutting down, but needs to wait on 1 outstanding Http requests:
[2017.03.19-22.46.41:906][523]LogHttp:Display: 	verb=[POST] url=[https://datarouter.ol.epicgames.com/datarouter/api/v1/public/data?SessionID=%7B5CE71729-4BB6-4E3A-F253-E99E6F038F54%7D&AppID=UEEditor.Rocket.Release&AppVersion=4.15.0-3299760%2B%2B%2BUE4%2BRelease-4.15&UserID=456720a84062a9193a5d45baee3e87e6%7C12262a2d52c0462a95ee85364bea3a58%7C731315e5-fe7d-4408-8b6d-d74ec9557f31&AppEnvironment=datacollector-binary&UploadType=eteventstream] status=Processing
[2017.03.19-22.46.41:922][523]LogModuleManager: Shutting down and abandoning module SSL (34)
[2017.03.19-22.46.41:925][523]LogModuleManager: Shutting down and abandoning module AudioEditor (30)
[2017.03.19-22.46.41:925][523]LogModuleManager: Shutting down and abandoning module TextureCompressor (28)
[2017.03.19-22.46.41:925][523]LogModuleManager: Shutting down and abandoning module ShaderCore (26)
[2017.03.19-22.46.41:925][523]LogModuleManager: Shutting down and abandoning module Landscape (24)
[2017.03.19-22.46.41:925][523]LogModuleManager: Shutting down and abandoning module SlateRHIRenderer (22)
[2017.03.19-22.46.41:936][523]LogModuleManager: Shutting down and abandoning module OpenGLDrv (20)
[2017.03.19-22.46.41:936][523]LogModuleManager: Shutting down and abandoning module D3D11RHI (18)
[2017.03.19-22.46.41:936][523]LogModuleManager: Shutting down and abandoning module AnimGraphRuntime (16)
[2017.03.19-22.46.41:936][523]LogModuleManager: Shutting down and abandoning module Renderer (14)
[2017.03.19-22.46.41:936][523]LogModuleManager: Shutting down and abandoning module Engine (12)
[2017.03.19-22.46.41:936][523]LogModuleManager: Shutting down and abandoning module CoreUObject (10)
[2017.03.19-22.46.41:936][523]LogModuleManager: Shutting down and abandoning module NetworkFile (8)
[2017.03.19-22.46.41:937][523]LogModuleManager: Shutting down and abandoning module StreamingFile (6)
[2017.03.19-22.46.41:937][523]LogModuleManager: Shutting down and abandoning module SandboxFile (4)
[2017.03.19-22.46.41:937][523]LogModuleManager: Shutting down and abandoning module PakFile (2)
[2017.03.19-22.46.41:944][523]LogExit: Exiting.
[2017.03.19-22.46.41:964][523]Log file closed, 03/19/17 18:46:41
